WARNING:__main__:
*****************************************
Setting OMP_NUM_THREADS environment variable for each process to be 1 in default, to avoid your system being overloaded, please further tune the variable for optimal performance in your application as needed. 
*****************************************
| distributed init (rank 0, word 2): env://
| distributed init (rank 1, word 2): env://
Creating retrieval dataset
Creating model
load checkpoint from /data1/monajati/med/checkpoints/pretrain_75/checkpoint_59.pth
missing keys:
['idx_queue', 'ptr_queue']
Start training
Computing features for evaluation...
Evaluation:  [   0/2472]  eta: 0:28:42    time: 0.6968  data: 0.0020  max mem: 3913
Evaluation:  [  50/2472]  eta: 0:06:41    time: 0.1554  data: 0.0000  max mem: 3940
Evaluation:  [ 100/2472]  eta: 0:06:20    time: 0.1553  data: 0.0000  max mem: 3940
Evaluation:  [ 150/2472]  eta: 0:06:08    time: 0.1558  data: 0.0000  max mem: 3940
Evaluation:  [ 200/2472]  eta: 0:05:59    time: 0.1560  data: 0.0000  max mem: 3940
Evaluation:  [ 250/2472]  eta: 0:05:50    time: 0.1566  data: 0.0000  max mem: 3940
Evaluation:  [ 300/2472]  eta: 0:05:42    time: 0.1567  data: 0.0000  max mem: 3940
Evaluation:  [ 350/2472]  eta: 0:05:34    time: 0.1570  data: 0.0000  max mem: 3940
Evaluation:  [ 400/2472]  eta: 0:05:26    time: 0.1571  data: 0.0000  max mem: 3940
Evaluation:  [ 450/2472]  eta: 0:05:18    time: 0.1572  data: 0.0000  max mem: 3940
Evaluation:  [ 500/2472]  eta: 0:05:10    time: 0.1574  data: 0.0000  max mem: 3940
Evaluation:  [ 550/2472]  eta: 0:05:02    time: 0.1579  data: 0.0000  max mem: 3940
Evaluation:  [ 600/2472]  eta: 0:04:54    time: 0.1584  data: 0.0000  max mem: 3940
Evaluation:  [ 650/2472]  eta: 0:04:47    time: 0.1575  data: 0.0000  max mem: 3940
Evaluation:  [ 700/2472]  eta: 0:04:39    time: 0.1576  data: 0.0000  max mem: 3940
Evaluation:  [ 750/2472]  eta: 0:04:31    time: 0.1580  data: 0.0000  max mem: 3940
Evaluation:  [ 800/2472]  eta: 0:04:23    time: 0.1578  data: 0.0000  max mem: 3940
Evaluation:  [ 850/2472]  eta: 0:04:15    time: 0.1579  data: 0.0000  max mem: 3940
Evaluation:  [ 900/2472]  eta: 0:04:07    time: 0.1582  data: 0.0000  max mem: 3940
Evaluation:  [ 950/2472]  eta: 0:04:00    time: 0.1583  data: 0.0000  max mem: 3940
Evaluation:  [1000/2472]  eta: 0:03:52    time: 0.1587  data: 0.0000  max mem: 3940
Evaluation:  [1050/2472]  eta: 0:03:44    time: 0.1588  data: 0.0000  max mem: 3940
Evaluation:  [1100/2472]  eta: 0:03:36    time: 0.1579  data: 0.0000  max mem: 3940
Evaluation:  [1150/2472]  eta: 0:03:28    time: 0.1579  data: 0.0000  max mem: 3940
Evaluation:  [1200/2472]  eta: 0:03:20    time: 0.1591  data: 0.0000  max mem: 3940
Evaluation:  [1250/2472]  eta: 0:03:12    time: 0.1584  data: 0.0000  max mem: 3940
Evaluation:  [1300/2472]  eta: 0:03:05    time: 0.1584  data: 0.0000  max mem: 3940
Evaluation:  [1350/2472]  eta: 0:02:57    time: 0.1583  data: 0.0000  max mem: 3940
Evaluation:  [1400/2472]  eta: 0:02:49    time: 0.1587  data: 0.0000  max mem: 3940
Evaluation:  [1450/2472]  eta: 0:02:41    time: 0.1584  data: 0.0000  max mem: 3940
Evaluation:  [1500/2472]  eta: 0:02:33    time: 0.1591  data: 0.0000  max mem: 3940
Evaluation:  [1550/2472]  eta: 0:02:25    time: 0.1579  data: 0.0000  max mem: 3940
Evaluation:  [1600/2472]  eta: 0:02:17    time: 0.1585  data: 0.0000  max mem: 3940
Evaluation:  [1650/2472]  eta: 0:02:10    time: 0.1651  data: 0.0000  max mem: 3940
Evaluation:  [1700/2472]  eta: 0:02:02    time: 0.1606  data: 0.0000  max mem: 3940
Evaluation:  [1750/2472]  eta: 0:01:54    time: 0.1606  data: 0.0000  max mem: 3940
Evaluation:  [1800/2472]  eta: 0:01:46    time: 0.1590  data: 0.0000  max mem: 3940
Evaluation:  [1850/2472]  eta: 0:01:38    time: 0.1600  data: 0.0000  max mem: 3940
Evaluation:  [1900/2472]  eta: 0:01:30    time: 0.1592  data: 0.0000  max mem: 3940
Evaluation:  [1950/2472]  eta: 0:01:22    time: 0.1586  data: 0.0000  max mem: 3940
Evaluation:  [2000/2472]  eta: 0:01:14    time: 0.1586  data: 0.0000  max mem: 3940
Evaluation:  [2050/2472]  eta: 0:01:06    time: 0.1607  data: 0.0000  max mem: 3940
Evaluation:  [2100/2472]  eta: 0:00:58    time: 0.1585  data: 0.0000  max mem: 3940
Evaluation:  [2150/2472]  eta: 0:00:51    time: 0.1583  data: 0.0000  max mem: 3940
Evaluation:  [2200/2472]  eta: 0:00:43    time: 0.1590  data: 0.0000  max mem: 3940
Evaluation:  [2250/2472]  eta: 0:00:35    time: 0.1588  data: 0.0000  max mem: 3940
Evaluation:  [2300/2472]  eta: 0:00:27    time: 0.1584  data: 0.0000  max mem: 3940
Evaluation:  [2350/2472]  eta: 0:00:19    time: 0.1581  data: 0.0000  max mem: 3940
Evaluation:  [2400/2472]  eta: 0:00:11    time: 0.1582  data: 0.0000  max mem: 3940
Evaluation:  [2450/2472]  eta: 0:00:03    time: 0.1585  data: 0.0000  max mem: 3940
Evaluation:  [2471/2472]  eta: 0:00:00    time: 0.1594  data: 0.0000  max mem: 3940
Evaluation: Total time: 0:06:31 (0.1585 s / it)
Evaluation:  [   0/2472]  eta: 0:12:09    time: 0.2953  data: 0.0019  max mem: 4033
Evaluation:  [  50/2472]  eta: 0:08:02    time: 0.1859  data: 0.0000  max mem: 4033
Evaluation:  [ 100/2472]  eta: 0:07:39    time: 0.1857  data: 0.0000  max mem: 4033
Evaluation:  [ 150/2472]  eta: 0:07:20    time: 0.1779  data: 0.0000  max mem: 4033
Evaluation:  [ 200/2472]  eta: 0:07:03    time: 0.1743  data: 0.0000  max mem: 4033
Evaluation:  [ 250/2472]  eta: 0:06:48    time: 0.1733  data: 0.0000  max mem: 4033
Evaluation:  [ 300/2472]  eta: 0:06:37    time: 0.1816  data: 0.0000  max mem: 4033
Evaluation:  [ 350/2472]  eta: 0:06:26    time: 0.1798  data: 0.0000  max mem: 4033
Evaluation:  [ 400/2472]  eta: 0:06:17    time: 0.1804  data: 0.0000  max mem: 4033
Evaluation:  [ 450/2472]  eta: 0:06:06    time: 0.1758  data: 0.0000  max mem: 4033
Evaluation:  [ 500/2472]  eta: 0:05:56    time: 0.1797  data: 0.0000  max mem: 4033
Evaluation:  [ 550/2472]  eta: 0:05:46    time: 0.1733  data: 0.0000  max mem: 4033
Evaluation:  [ 600/2472]  eta: 0:05:37    time: 0.1847  data: 0.0000  max mem: 4033
Evaluation:  [ 650/2472]  eta: 0:05:28    time: 0.1778  data: 0.0000  max mem: 4033
Evaluation:  [ 700/2472]  eta: 0:05:19    time: 0.1803  data: 0.0000  max mem: 4033
Evaluation:  [ 750/2472]  eta: 0:05:09    time: 0.1739  data: 0.0000  max mem: 4033
Evaluation:  [ 800/2472]  eta: 0:05:00    time: 0.1738  data: 0.0000  max mem: 4033
Evaluation:  [ 850/2472]  eta: 0:04:51    time: 0.1792  data: 0.0000  max mem: 4033
Evaluation:  [ 900/2472]  eta: 0:04:42    time: 0.1772  data: 0.0000  max mem: 4033
Evaluation:  [ 950/2472]  eta: 0:04:33    time: 0.1802  data: 0.0000  max mem: 4033
Evaluation:  [1000/2472]  eta: 0:04:23    time: 0.1735  data: 0.0000  max mem: 4033
Evaluation:  [1050/2472]  eta: 0:04:14    time: 0.1729  data: 0.0000  max mem: 4033
Evaluation:  [1100/2472]  eta: 0:04:05    time: 0.1730  data: 0.0000  max mem: 4033
Evaluation:  [1150/2472]  eta: 0:03:56    time: 0.1765  data: 0.0000  max mem: 4033
Evaluation:  [1200/2472]  eta: 0:03:47    time: 0.1803  data: 0.0000  max mem: 4033
Evaluation:  [1250/2472]  eta: 0:03:38    time: 0.1794  data: 0.0000  max mem: 4033
Evaluation:  [1300/2472]  eta: 0:03:29    time: 0.1732  data: 0.0000  max mem: 4033
Evaluation:  [1350/2472]  eta: 0:03:20    time: 0.1832  data: 0.0000  max mem: 4033
Evaluation:  [1400/2472]  eta: 0:03:11    time: 0.1803  data: 0.0000  max mem: 4033
Evaluation:  [1450/2472]  eta: 0:03:02    time: 0.1804  data: 0.0000  max mem: 4033
Evaluation:  [1500/2472]  eta: 0:02:53    time: 0.1738  data: 0.0000  max mem: 4033
Evaluation:  [1550/2472]  eta: 0:02:44    time: 0.1735  data: 0.0000  max mem: 4033
Evaluation:  [1600/2472]  eta: 0:02:35    time: 0.1813  data: 0.0000  max mem: 4033
Evaluation:  [1650/2472]  eta: 0:02:26    time: 0.1788  data: 0.0000  max mem: 4033
Evaluation:  [1700/2472]  eta: 0:02:17    time: 0.1806  data: 0.0000  max mem: 4033
Evaluation:  [1750/2472]  eta: 0:02:08    time: 0.1742  data: 0.0000  max mem: 4033
Evaluation:  [1800/2472]  eta: 0:01:59    time: 0.1765  data: 0.0000  max mem: 4033
Evaluation:  [1850/2472]  eta: 0:01:50    time: 0.1748  data: 0.0000  max mem: 4033
Evaluation:  [1900/2472]  eta: 0:01:41    time: 0.1746  data: 0.0000  max mem: 4033
Evaluation:  [1950/2472]  eta: 0:01:33    time: 0.1782  data: 0.0000  max mem: 4033
Evaluation:  [2000/2472]  eta: 0:01:24    time: 0.1801  data: 0.0000  max mem: 4033
Evaluation:  [2050/2472]  eta: 0:01:15    time: 0.1722  data: 0.0000  max mem: 4033
Evaluation:  [2100/2472]  eta: 0:01:06    time: 0.1745  data: 0.0000  max mem: 4033
Evaluation:  [2150/2472]  eta: 0:00:57    time: 0.1784  data: 0.0000  max mem: 4033
Evaluation:  [2200/2472]  eta: 0:00:48    time: 0.1808  data: 0.0000  max mem: 4033
Evaluation:  [2250/2472]  eta: 0:00:39    time: 0.1797  data: 0.0000  max mem: 4033
Evaluation:  [2300/2472]  eta: 0:00:30    time: 0.1733  data: 0.0000  max mem: 4033
Evaluation:  [2350/2472]  eta: 0:00:21    time: 0.1732  data: 0.0000  max mem: 4033
Evaluation:  [2400/2472]  eta: 0:00:12    time: 0.1727  data: 0.0000  max mem: 4033
Evaluation:  [2450/2472]  eta: 0:00:03    time: 0.1802  data: 0.0000  max mem: 4033
Evaluation:  [2471/2472]  eta: 0:00:00    time: 0.1762  data: 0.0000  max mem: 4033
Evaluation: Total time: 0:07:19 (0.1780 s / it)
Evaluation time 0:14:15
Computing features for evaluation...
Evaluation:  [   0/2472]  eta: 0:01:44    time: 0.0421  data: 0.0016  max mem: 4033
Evaluation:  [  50/2472]  eta: 0:06:14    time: 0.1573  data: 0.0000  max mem: 4033
Evaluation:  [ 100/2472]  eta: 0:06:10    time: 0.1581  data: 0.0000  max mem: 4033
Evaluation:  [ 150/2472]  eta: 0:06:04    time: 0.1573  data: 0.0000  max mem: 4033
Evaluation:  [ 200/2472]  eta: 0:05:57    time: 0.1580  data: 0.0000  max mem: 4033
Evaluation:  [ 250/2472]  eta: 0:05:49    time: 0.1579  data: 0.0000  max mem: 4033
Evaluation:  [ 300/2472]  eta: 0:05:41    time: 0.1573  data: 0.0000  max mem: 4033
Evaluation:  [ 350/2472]  eta: 0:05:34    time: 0.1575  data: 0.0000  max mem: 4033
Evaluation:  [ 400/2472]  eta: 0:05:26    time: 0.1577  data: 0.0000  max mem: 4033
Evaluation:  [ 450/2472]  eta: 0:05:18    time: 0.1576  data: 0.0000  max mem: 4033
Evaluation:  [ 500/2472]  eta: 0:05:10    time: 0.1578  data: 0.0000  max mem: 4033
Evaluation:  [ 550/2472]  eta: 0:05:02    time: 0.1580  data: 0.0000  max mem: 4033
Evaluation:  [ 600/2472]  eta: 0:04:55    time: 0.1578  data: 0.0000  max mem: 4033
Evaluation:  [ 650/2472]  eta: 0:04:47    time: 0.1575  data: 0.0000  max mem: 4033
Evaluation:  [ 700/2472]  eta: 0:04:39    time: 0.1578  data: 0.0000  max mem: 4033
Evaluation:  [ 750/2472]  eta: 0:04:31    time: 0.1585  data: 0.0000  max mem: 4033
Evaluation:  [ 800/2472]  eta: 0:04:23    time: 0.1577  data: 0.0000  max mem: 4033
Evaluation:  [ 850/2472]  eta: 0:04:15    time: 0.1578  data: 0.0000  max mem: 4033
Evaluation:  [ 900/2472]  eta: 0:04:07    time: 0.1580  data: 0.0000  max mem: 4033
Evaluation:  [ 950/2472]  eta: 0:04:00    time: 0.1577  data: 0.0000  max mem: 4033
Evaluation:  [1000/2472]  eta: 0:03:52    time: 0.1578  data: 0.0000  max mem: 4033
Evaluation:  [1050/2472]  eta: 0:03:44    time: 0.1576  data: 0.0000  max mem: 4033
Evaluation:  [1100/2472]  eta: 0:03:36    time: 0.1580  data: 0.0000  max mem: 4033
Evaluation:  [1150/2472]  eta: 0:03:28    time: 0.1577  data: 0.0000  max mem: 4033
Evaluation:  [1200/2472]  eta: 0:03:20    time: 0.1591  data: 0.0000  max mem: 4033
Evaluation:  [1250/2472]  eta: 0:03:12    time: 0.1578  data: 0.0000  max mem: 4033
Evaluation:  [1300/2472]  eta: 0:03:04    time: 0.1580  data: 0.0000  max mem: 4033
Evaluation:  [1350/2472]  eta: 0:02:57    time: 0.1581  data: 0.0000  max mem: 4033
Evaluation:  [1400/2472]  eta: 0:02:49    time: 0.1578  data: 0.0000  max mem: 4033
Evaluation:  [1450/2472]  eta: 0:02:41    time: 0.1576  data: 0.0000  max mem: 4033
Evaluation:  [1500/2472]  eta: 0:02:33    time: 0.1577  data: 0.0000  max mem: 4033
Evaluation:  [1550/2472]  eta: 0:02:25    time: 0.1577  data: 0.0000  max mem: 4033
Evaluation:  [1600/2472]  eta: 0:02:17    time: 0.1583  data: 0.0000  max mem: 4033
Evaluation:  [1650/2472]  eta: 0:02:09    time: 0.1600  data: 0.0000  max mem: 4033
Evaluation:  [1700/2472]  eta: 0:02:01    time: 0.1584  data: 0.0000  max mem: 4033
Evaluation:  [1750/2472]  eta: 0:01:53    time: 0.1581  data: 0.0000  max mem: 4033
Evaluation:  [1800/2472]  eta: 0:01:46    time: 0.1579  data: 0.0000  max mem: 4033
Evaluation:  [1850/2472]  eta: 0:01:38    time: 0.1585  data: 0.0000  max mem: 4033
Evaluation:  [1900/2472]  eta: 0:01:30    time: 0.1579  data: 0.0000  max mem: 4033
Evaluation:  [1950/2472]  eta: 0:01:22    time: 0.1589  data: 0.0000  max mem: 4033
Evaluation:  [2000/2472]  eta: 0:01:14    time: 0.1578  data: 0.0000  max mem: 4033
Evaluation:  [2050/2472]  eta: 0:01:06    time: 0.1580  data: 0.0000  max mem: 4033
Evaluation:  [2100/2472]  eta: 0:00:58    time: 0.1616  data: 0.0000  max mem: 4033
Evaluation:  [2150/2472]  eta: 0:00:50    time: 0.1588  data: 0.0000  max mem: 4033
Evaluation:  [2200/2472]  eta: 0:00:42    time: 0.1576  data: 0.0000  max mem: 4033
Evaluation:  [2250/2472]  eta: 0:00:35    time: 0.1573  data: 0.0000  max mem: 4033
Evaluation:  [2300/2472]  eta: 0:00:27    time: 0.1573  data: 0.0000  max mem: 4033
Evaluation:  [2350/2472]  eta: 0:00:19    time: 0.1578  data: 0.0000  max mem: 4033
Evaluation:  [2400/2472]  eta: 0:00:11    time: 0.1574  data: 0.0000  max mem: 4033
Evaluation:  [2450/2472]  eta: 0:00:03    time: 0.1575  data: 0.0000  max mem: 4033
Evaluation:  [2471/2472]  eta: 0:00:00    time: 0.1582  data: 0.0000  max mem: 4033
Evaluation: Total time: 0:06:30 (0.1580 s / it)
Evaluation:  [   0/2472]  eta: 0:02:53    time: 0.0702  data: 0.0018  max mem: 4033
Evaluation:  [  50/2472]  eta: 0:07:11    time: 0.1757  data: 0.0000  max mem: 4033
Evaluation:  [ 100/2472]  eta: 0:06:58    time: 0.1753  data: 0.0000  max mem: 4033
Evaluation:  [ 150/2472]  eta: 0:06:50    time: 0.1799  data: 0.0000  max mem: 4033
Evaluation:  [ 200/2472]  eta: 0:06:41    time: 0.1778  data: 0.0000  max mem: 4033
Evaluation:  [ 250/2472]  eta: 0:06:31    time: 0.1722  data: 0.0000  max mem: 4033
Evaluation:  [ 300/2472]  eta: 0:06:21    time: 0.1725  data: 0.0000  max mem: 4033
Evaluation:  [ 350/2472]  eta: 0:06:12    time: 0.1759  data: 0.0000  max mem: 4033
Evaluation:  [ 400/2472]  eta: 0:06:04    time: 0.1758  data: 0.0000  max mem: 4033
Evaluation:  [ 450/2472]  eta: 0:05:55    time: 0.1739  data: 0.0000  max mem: 4033
Evaluation:  [ 500/2472]  eta: 0:05:47    time: 0.1813  data: 0.0000  max mem: 4033
Evaluation:  [ 550/2472]  eta: 0:05:37    time: 0.1722  data: 0.0000  max mem: 4033
Evaluation:  [ 600/2472]  eta: 0:05:29    time: 0.1806  data: 0.0000  max mem: 4033
Evaluation:  [ 650/2472]  eta: 0:05:20    time: 0.1820  data: 0.0000  max mem: 4033
Evaluation:  [ 700/2472]  eta: 0:05:12    time: 0.1766  data: 0.0000  max mem: 4033
Evaluation:  [ 750/2472]  eta: 0:05:03    time: 0.1813  data: 0.0000  max mem: 4033
Evaluation:  [ 800/2472]  eta: 0:04:54    time: 0.1722  data: 0.0000  max mem: 4033
Evaluation:  [ 850/2472]  eta: 0:04:45    time: 0.1734  data: 0.0000  max mem: 4033
Evaluation:  [ 900/2472]  eta: 0:04:36    time: 0.1763  data: 0.0000  max mem: 4033
Evaluation:  [ 950/2472]  eta: 0:04:27    time: 0.1767  data: 0.0000  max mem: 4033
Evaluation:  [1000/2472]  eta: 0:04:18    time: 0.1735  data: 0.0000  max mem: 4033
Evaluation:  [1050/2472]  eta: 0:04:10    time: 0.1721  data: 0.0000  max mem: 4033
Evaluation:  [1100/2472]  eta: 0:04:01    time: 0.1723  data: 0.0000  max mem: 4033
Evaluation:  [1150/2472]  eta: 0:03:52    time: 0.1806  data: 0.0000  max mem: 4033
Evaluation:  [1200/2472]  eta: 0:03:43    time: 0.1770  data: 0.0000  max mem: 4033
Evaluation:  [1250/2472]  eta: 0:03:35    time: 0.1747  data: 0.0000  max mem: 4033
Evaluation:  [1300/2472]  eta: 0:03:26    time: 0.1738  data: 0.0000  max mem: 4033
Evaluation:  [1350/2472]  eta: 0:03:17    time: 0.1737  data: 0.0000  max mem: 4033
Evaluation:  [1400/2472]  eta: 0:03:08    time: 0.1789  data: 0.0000  max mem: 4033
Evaluation:  [1450/2472]  eta: 0:03:00    time: 0.1815  data: 0.0000  max mem: 4033
Evaluation:  [1500/2472]  eta: 0:02:51    time: 0.1764  data: 0.0000  max mem: 4033
Evaluation:  [1550/2472]  eta: 0:02:42    time: 0.1736  data: 0.0000  max mem: 4033
Evaluation:  [1600/2472]  eta: 0:02:33    time: 0.1794  data: 0.0000  max mem: 4033
Evaluation:  [1650/2472]  eta: 0:02:24    time: 0.1756  data: 0.0000  max mem: 4033
Evaluation:  [1700/2472]  eta: 0:02:15    time: 0.1749  data: 0.0000  max mem: 4033
Evaluation:  [1750/2472]  eta: 0:02:07    time: 0.1770  data: 0.0000  max mem: 4033
Evaluation:  [1800/2472]  eta: 0:01:58    time: 0.1739  data: 0.0000  max mem: 4033
Evaluation:  [1850/2472]  eta: 0:01:49    time: 0.1731  data: 0.0000  max mem: 4033
Evaluation:  [1900/2472]  eta: 0:01:40    time: 0.1727  data: 0.0000  max mem: 4033
Evaluation:  [1950/2472]  eta: 0:01:31    time: 0.1729  data: 0.0000  max mem: 4033
Evaluation:  [2000/2472]  eta: 0:01:23    time: 0.1760  data: 0.0000  max mem: 4033
Evaluation:  [2050/2472]  eta: 0:01:14    time: 0.1768  data: 0.0000  max mem: 4033
Evaluation:  [2100/2472]  eta: 0:01:05    time: 0.1731  data: 0.0000  max mem: 4033
Evaluation:  [2150/2472]  eta: 0:00:56    time: 0.1729  data: 0.0000  max mem: 4033
Evaluation:  [2200/2472]  eta: 0:00:47    time: 0.1726  data: 0.0000  max mem: 4033
Evaluation:  [2250/2472]  eta: 0:00:39    time: 0.1817  data: 0.0000  max mem: 4033
Evaluation:  [2300/2472]  eta: 0:00:30    time: 0.1788  data: 0.0000  max mem: 4033
Evaluation:  [2350/2472]  eta: 0:00:21    time: 0.1732  data: 0.0000  max mem: 4033
Evaluation:  [2400/2472]  eta: 0:00:12    time: 0.1820  data: 0.0000  max mem: 4033
Evaluation:  [2450/2472]  eta: 0:00:03    time: 0.1823  data: 0.0000  max mem: 4033
Evaluation:  [2471/2472]  eta: 0:00:00    time: 0.1803  data: 0.0000  max mem: 4033
Evaluation: Total time: 0:07:15 (0.1762 s / it)
Evaluation time 0:14:05
{'txt_r1': 24.60542290570619, 'txt_r5': 46.13516794819911, 'txt_r10': 54.85633346823148, 'txt_r_mean': 41.86564144071226, 'img_r1': 25.83974099554836, 'img_r5': 47.24807770133549, 'img_r10': 55.96924322136787, 'img_r_mean': 43.01902063941724, 'r_mean': 42.44233104006475}
{'txt_r1': 24.949413193039256, 'txt_r5': 46.94455685957102, 'txt_r10': 56.47511129097531, 'txt_r_mean': 42.789693781195204, 'img_r1': 26.345609065155806, 'img_r5': 47.774180493727236, 'img_r10': 56.71792796438689, 'img_r_mean': 43.612572507756646, 'r_mean': 43.201133144475925}
Training time 0:28:25
