nohup: ignoring input
WARNING:__main__:
*****************************************
Setting OMP_NUM_THREADS environment variable for each process to be 1 in default, to avoid your system being overloaded, please further tune the variable for optimal performance in your application as needed. 
*****************************************
| distributed init (rank 1, word 8): env://
| distributed init (rank 2, word 8): env://
| distributed init (rank 3, word 8): env://
| distributed init (rank 0, word 8): env://
| distributed init (rank 5, word 8): env://
| distributed init (rank 4, word 8): env://
| distributed init (rank 7, word 8): env://
| distributed init (rank 6, word 8): env://
Creating dataset
loading /home/monajati/main/med/blip/med_data/medical_20k.json
number of training samples: 22795
Creating model
/embeddings/word_embeddings is tied
/embeddings/position_embeddings is tied
/embeddings/LayerNorm is tied
/encoder/layer/0/crossattention/self/query is tied
/encoder/layer/0/crossattention/self/key is tied
/encoder/layer/0/crossattention/self/value is tied
/encoder/layer/0/crossattention/output/dense is tied
/encoder/layer/0/crossattention/output/LayerNorm is tied
/encoder/layer/0/intermediate/dense is tied
/encoder/layer/0/output/dense is tied
/encoder/layer/0/output/LayerNorm is tied
/encoder/layer/1/crossattention/self/query is tied
/encoder/layer/1/crossattention/self/key is tied
/encoder/layer/1/crossattention/self/value is tied
/encoder/layer/1/crossattention/output/dense is tied
/encoder/layer/1/crossattention/output/LayerNorm is tied
/encoder/layer/1/intermediate/dense is tied
/encoder/layer/1/output/dense is tied
/encoder/layer/1/output/LayerNorm is tied
/encoder/layer/2/crossattention/self/query is tied
/encoder/layer/2/crossattention/self/key is tied
/encoder/layer/2/crossattention/self/value is tied
/encoder/layer/2/crossattention/output/dense is tied
/encoder/layer/2/crossattention/output/LayerNorm is tied
/encoder/layer/2/intermediate/dense is tied
/encoder/layer/2/output/dense is tied
/encoder/layer/2/output/LayerNorm is tied
/encoder/layer/3/crossattention/self/query is tied
/encoder/layer/3/crossattention/self/key is tied
/encoder/layer/3/crossattention/self/value is tied
/encoder/layer/3/crossattention/output/dense is tied
/encoder/layer/3/crossattention/output/LayerNorm is tied
/encoder/layer/3/intermediate/dense is tied
/encoder/layer/3/output/dense is tied
/encoder/layer/3/output/LayerNorm is tied
/encoder/layer/4/crossattention/self/query is tied
/encoder/layer/4/crossattention/self/key is tied
/encoder/layer/4/crossattention/self/value is tied
/encoder/layer/4/crossattention/output/dense is tied
/encoder/layer/4/crossattention/output/LayerNorm is tied
/encoder/layer/4/intermediate/dense is tied
/encoder/layer/4/output/dense is tied
/encoder/layer/4/output/LayerNorm is tied
/encoder/layer/5/crossattention/self/query is tied
/encoder/layer/5/crossattention/self/key is tied
/encoder/layer/5/crossattention/self/value is tied
/encoder/layer/5/crossattention/output/dense is tied
/encoder/layer/5/crossattention/output/LayerNorm is tied
/encoder/layer/5/intermediate/dense is tied
/encoder/layer/5/output/dense is tied
/encoder/layer/5/output/LayerNorm is tied
/encoder/layer/6/crossattention/self/query is tied
/encoder/layer/6/crossattention/self/key is tied
/encoder/layer/6/crossattention/self/value is tied
/encoder/layer/6/crossattention/output/dense is tied
/encoder/layer/6/crossattention/output/LayerNorm is tied
/encoder/layer/6/intermediate/dense is tied
/encoder/layer/6/output/dense is tied
/encoder/layer/6/output/LayerNorm is tied
/encoder/layer/7/crossattention/self/query is tied
/encoder/layer/7/crossattention/self/key is tied
/encoder/layer/7/crossattention/self/value is tied
/encoder/layer/7/crossattention/output/dense is tied
/encoder/layer/7/crossattention/output/LayerNorm is tied
/encoder/layer/7/intermediate/dense is tied
/encoder/layer/7/output/dense is tied
/encoder/layer/7/output/LayerNorm is tied
/encoder/layer/8/crossattention/self/query is tied
/encoder/layer/8/crossattention/self/key is tied
/encoder/layer/8/crossattention/self/value is tied
/encoder/layer/8/crossattention/output/dense is tied
/encoder/layer/8/crossattention/output/LayerNorm is tied
/encoder/layer/8/intermediate/dense is tied
/encoder/layer/8/output/dense is tied
/encoder/layer/8/output/LayerNorm is tied
/encoder/layer/9/crossattention/self/query is tied
/encoder/layer/9/crossattention/self/key is tied
/encoder/layer/9/crossattention/self/value is tied
/encoder/layer/9/crossattention/output/dense is tied
/encoder/layer/9/crossattention/output/LayerNorm is tied
/encoder/layer/9/intermediate/dense is tied
/encoder/layer/9/output/dense is tied
/encoder/layer/9/output/LayerNorm is tied
/encoder/layer/10/crossattention/self/query is tied
/encoder/layer/10/crossattention/self/key is tied
/encoder/layer/10/crossattention/self/value is tied
/encoder/layer/10/crossattention/output/dense is tied
/encoder/layer/10/crossattention/output/LayerNorm is tied
/encoder/layer/10/intermediate/dense is tied
/encoder/layer/10/output/dense is tied
/encoder/layer/10/output/LayerNorm is tied
/encoder/layer/11/crossattention/self/query is tied
/encoder/layer/11/crossattention/self/key is tied
/encoder/layer/11/crossattention/self/value is tied
/encoder/layer/11/crossattention/output/dense is tied
/encoder/layer/11/crossattention/output/LayerNorm is tied
/encoder/layer/11/intermediate/dense is tied
/encoder/layer/11/output/dense is tied
/encoder/layer/11/output/LayerNorm is tied
resume checkpoint from /home/monajati/main/med/blip/model_base.pth
args.gpu 0
Start training
Train Epoch: [0]  [  0/285]  eta: 1:02:26  lr: 0.000001  loss_ita: 6.5125  loss_itm: 1.5195  loss_lm: 8.6060  time: 13.1471  data: 0.6556  max mem: 19702
Train Epoch: [0]  [ 50/285]  eta: 0:05:00  lr: 0.000006  loss_ita: 6.8651  loss_itm: 0.6043  loss_lm: 6.4332  time: 0.9981  data: 0.0001  max mem: 22659
Train Epoch: [0]  [100/285]  eta: 0:03:28  lr: 0.000011  loss_ita: 5.5870  loss_itm: 0.6190  loss_lm: 6.0311  time: 0.9662  data: 0.0001  max mem: 22659
Train Epoch: [0]  [150/285]  eta: 0:02:26  lr: 0.000015  loss_ita: 6.3192  loss_itm: 0.6121  loss_lm: 5.7836  time: 0.9632  data: 0.0001  max mem: 22659
Train Epoch: [0]  [200/285]  eta: 0:01:29  lr: 0.000020  loss_ita: 6.1989  loss_itm: 0.5902  loss_lm: 5.2398  time: 0.9514  data: 0.0001  max mem: 22659
Train Epoch: [0]  [250/285]  eta: 0:00:36  lr: 0.000025  loss_ita: 5.5844  loss_itm: 0.5355  loss_lm: 4.9489  time: 0.9965  data: 0.0001  max mem: 22659
Train Epoch: [0]  [284/285]  eta: 0:00:01  lr: 0.000028  loss_ita: 5.2701  loss_itm: 0.5023  loss_lm: 4.6978  time: 1.0020  data: 0.0001  max mem: 22659
Train Epoch: [0] Total time: 0:04:55 (1.0370 s / it)
Averaged stats: lr: 0.0000  loss_ita: 5.8870  loss_itm: 0.6140  loss_lm: 5.8222
Train Epoch: [1]  [  0/285]  eta: 0:06:56  lr: 0.000027  loss_ita: 5.0930  loss_itm: 0.5737  loss_lm: 5.2498  time: 1.4602  data: 0.4517  max mem: 22659
Train Epoch: [1]  [ 50/285]  eta: 0:03:49  lr: 0.000027  loss_ita: 5.0233  loss_itm: 0.5246  loss_lm: 4.5508  time: 0.9363  data: 0.0001  max mem: 22659
Train Epoch: [1]  [100/285]  eta: 0:03:00  lr: 0.000027  loss_ita: 5.9680  loss_itm: 0.4256  loss_lm: 5.1676  time: 0.9704  data: 0.0001  max mem: 22659
Train Epoch: [1]  [150/285]  eta: 0:02:12  lr: 0.000027  loss_ita: 6.0651  loss_itm: 0.5234  loss_lm: 5.0918  time: 0.9893  data: 0.0001  max mem: 22659
Train Epoch: [1]  [200/285]  eta: 0:01:22  lr: 0.000027  loss_ita: 5.8582  loss_itm: 0.5345  loss_lm: 4.4126  time: 0.9222  data: 0.0001  max mem: 22659
Train Epoch: [1]  [250/285]  eta: 0:00:34  lr: 0.000027  loss_ita: 6.2430  loss_itm: 0.6457  loss_lm: 4.8479  time: 0.9631  data: 0.0001  max mem: 22659
Train Epoch: [1]  [284/285]  eta: 0:00:00  lr: 0.000027  loss_ita: 5.9744  loss_itm: 0.4005  loss_lm: 4.4288  time: 0.9950  data: 0.0001  max mem: 22659
Train Epoch: [1] Total time: 0:04:38 (0.9781 s / it)
Averaged stats: lr: 0.0000  loss_ita: 5.6796  loss_itm: 0.5201  loss_lm: 4.6719
Train Epoch: [2]  [  0/285]  eta: 0:07:10  lr: 0.000024  loss_ita: 6.1001  loss_itm: 0.5392  loss_lm: 5.0281  time: 1.5112  data: 0.4427  max mem: 22659
Train Epoch: [2]  [ 50/285]  eta: 0:03:51  lr: 0.000024  loss_ita: 6.5436  loss_itm: 0.6387  loss_lm: 4.2031  time: 0.9697  data: 0.0001  max mem: 22659
Train Epoch: [2]  [100/285]  eta: 0:03:02  lr: 0.000024  loss_ita: 5.8263  loss_itm: 0.5172  loss_lm: 4.0067  time: 1.0059  data: 0.0001  max mem: 22659
Train Epoch: [2]  [150/285]  eta: 0:02:12  lr: 0.000024  loss_ita: 5.7512  loss_itm: 0.4056  loss_lm: 4.0788  time: 0.9764  data: 0.0001  max mem: 22659
Train Epoch: [2]  [200/285]  eta: 0:01:22  lr: 0.000024  loss_ita: 5.2039  loss_itm: 0.3907  loss_lm: 4.1505  time: 0.9476  data: 0.0001  max mem: 22659
Train Epoch: [2]  [250/285]  eta: 0:00:34  lr: 0.000024  loss_ita: 5.9290  loss_itm: 0.4539  loss_lm: 3.7804  time: 0.9707  data: 0.0001  max mem: 22659
Train Epoch: [2]  [284/285]  eta: 0:00:00  lr: 0.000024  loss_ita: 5.9438  loss_itm: 0.4904  loss_lm: 4.4567  time: 0.9939  data: 0.0001  max mem: 22659
Train Epoch: [2] Total time: 0:04:38 (0.9777 s / it)
Averaged stats: lr: 0.0000  loss_ita: 5.6900  loss_itm: 0.4766  loss_lm: 4.3577
Train Epoch: [3]  [  0/285]  eta: 0:07:22  lr: 0.000022  loss_ita: 5.0105  loss_itm: 0.5218  loss_lm: 4.2857  time: 1.5514  data: 0.4645  max mem: 22659
Train Epoch: [3]  [ 50/285]  eta: 0:03:51  lr: 0.000022  loss_ita: 5.8711  loss_itm: 0.4859  loss_lm: 3.8589  time: 0.9452  data: 0.0001  max mem: 22659
Train Epoch: [3]  [100/285]  eta: 0:03:03  lr: 0.000022  loss_ita: 5.8565  loss_itm: 0.3973  loss_lm: 3.6561  time: 1.0246  data: 0.0001  max mem: 22659
Train Epoch: [3]  [150/285]  eta: 0:02:13  lr: 0.000022  loss_ita: 6.6195  loss_itm: 0.6951  loss_lm: 4.1981  time: 0.9696  data: 0.0001  max mem: 22659
Train Epoch: [3]  [200/285]  eta: 0:01:24  lr: 0.000022  loss_ita: 4.9686  loss_itm: 0.2290  loss_lm: 4.4698  time: 1.0029  data: 0.0001  max mem: 22659
Train Epoch: [3]  [250/285]  eta: 0:00:34  lr: 0.000022  loss_ita: 6.1341  loss_itm: 0.4902  loss_lm: 3.7397  time: 0.9802  data: 0.0001  max mem: 22659
Train Epoch: [3]  [284/285]  eta: 0:00:00  lr: 0.000022  loss_ita: 5.7178  loss_itm: 0.4826  loss_lm: 4.4602  time: 0.9729  data: 0.0001  max mem: 22659
Train Epoch: [3] Total time: 0:04:40 (0.9832 s / it)
Averaged stats: lr: 0.0000  loss_ita: 5.6547  loss_itm: 0.4468  loss_lm: 4.1879
Train Epoch: [4]  [  0/285]  eta: 0:07:05  lr: 0.000020  loss_ita: 6.1627  loss_itm: 0.5352  loss_lm: 3.6173  time: 1.4934  data: 0.4676  max mem: 22659
Train Epoch: [4]  [ 50/285]  eta: 0:03:49  lr: 0.000020  loss_ita: 5.9865  loss_itm: 0.3701  loss_lm: 3.8250  time: 0.9429  data: 0.0001  max mem: 22660
Train Epoch: [4]  [100/285]  eta: 0:02:59  lr: 0.000020  loss_ita: 6.4157  loss_itm: 0.4658  loss_lm: 3.5500  time: 0.9339  data: 0.0001  max mem: 22660
Train Epoch: [4]  [150/285]  eta: 0:02:11  lr: 0.000020  loss_ita: 5.3065  loss_itm: 0.3529  loss_lm: 4.6150  time: 0.9838  data: 0.0001  max mem: 22660
Train Epoch: [4]  [200/285]  eta: 0:01:22  lr: 0.000020  loss_ita: 5.0256  loss_itm: 0.4979  loss_lm: 4.2303  time: 1.0044  data: 0.0001  max mem: 22660
Train Epoch: [4]  [250/285]  eta: 0:00:33  lr: 0.000020  loss_ita: 5.1102  loss_itm: 0.3129  loss_lm: 4.3607  time: 0.9616  data: 0.0001  max mem: 22660
Train Epoch: [4]  [284/285]  eta: 0:00:00  lr: 0.000020  loss_ita: 4.8131  loss_itm: 0.3868  loss_lm: 4.4688  time: 0.9939  data: 0.0001  max mem: 22660
Train Epoch: [4] Total time: 0:04:37 (0.9747 s / it)
Averaged stats: lr: 0.0000  loss_ita: 5.4901  loss_itm: 0.4256  loss_lm: 4.0734
Train Epoch: [5]  [  0/285]  eta: 0:07:23  lr: 0.000018  loss_ita: 4.0778  loss_itm: 0.2645  loss_lm: 4.3833  time: 1.5571  data: 0.4647  max mem: 23506
Train Epoch: [5]  [ 50/285]  eta: 0:03:50  lr: 0.000018  loss_ita: 4.7680  loss_itm: 0.3777  loss_lm: 3.9845  time: 0.9482  data: 0.0001  max mem: 23540
Train Epoch: [5]  [100/285]  eta: 0:03:01  lr: 0.000018  loss_ita: 5.2095  loss_itm: 0.3479  loss_lm: 4.0413  time: 0.9686  data: 0.0001  max mem: 23540
Train Epoch: [5]  [150/285]  eta: 0:02:12  lr: 0.000018  loss_ita: 5.3364  loss_itm: 0.4262  loss_lm: 3.7615  time: 1.0041  data: 0.0001  max mem: 23542
Train Epoch: [5]  [200/285]  eta: 0:01:23  lr: 0.000018  loss_ita: 5.0371  loss_itm: 0.4265  loss_lm: 4.0851  time: 0.9864  data: 0.0001  max mem: 23552
Train Epoch: [5]  [250/285]  eta: 0:00:34  lr: 0.000018  loss_ita: 4.2362  loss_itm: 0.2731  loss_lm: 3.8334  time: 0.9295  data: 0.0001  max mem: 23552
Train Epoch: [5]  [284/285]  eta: 0:00:00  lr: 0.000018  loss_ita: 5.0701  loss_itm: 0.4298  loss_lm: 3.8017  time: 0.9814  data: 0.0001  max mem: 23552
Train Epoch: [5] Total time: 0:04:38 (0.9759 s / it)
Averaged stats: lr: 0.0000  loss_ita: 4.8856  loss_itm: 0.4041  loss_lm: 3.9845
Train Epoch: [6]  [  0/285]  eta: 0:07:22  lr: 0.000016  loss_ita: 5.1659  loss_itm: 0.5739  loss_lm: 3.9378  time: 1.5542  data: 0.4389  max mem: 23552
Train Epoch: [6]  [ 50/285]  eta: 0:03:51  lr: 0.000016  loss_ita: 4.9937  loss_itm: 0.4279  loss_lm: 4.0784  time: 0.9844  data: 0.0001  max mem: 23552
Train Epoch: [6]  [100/285]  eta: 0:03:01  lr: 0.000016  loss_ita: 4.6628  loss_itm: 0.2148  loss_lm: 3.9922  time: 0.9867  data: 0.0001  max mem: 23552
Train Epoch: [6]  [150/285]  eta: 0:02:12  lr: 0.000016  loss_ita: 5.8484  loss_itm: 0.4187  loss_lm: 3.4466  time: 0.9760  data: 0.0001  max mem: 23552
Train Epoch: [6]  [200/285]  eta: 0:01:23  lr: 0.000016  loss_ita: 5.0001  loss_itm: 0.2056  loss_lm: 3.7115  time: 0.9824  data: 0.0001  max mem: 23556
Train Epoch: [6]  [250/285]  eta: 0:00:34  lr: 0.000016  loss_ita: 4.6838  loss_itm: 0.2471  loss_lm: 3.8400  time: 0.9701  data: 0.0001  max mem: 23556
Train Epoch: [6]  [284/285]  eta: 0:00:00  lr: 0.000016  loss_ita: 3.8016  loss_itm: 0.2390  loss_lm: 3.7807  time: 0.9484  data: 0.0001  max mem: 23556
Train Epoch: [6] Total time: 0:04:40 (0.9844 s / it)
Averaged stats: lr: 0.0000  loss_ita: 4.8724  loss_itm: 0.3799  loss_lm: 3.9203
Train Epoch: [7]  [  0/285]  eta: 0:07:26  lr: 0.000014  loss_ita: 4.3165  loss_itm: 0.2483  loss_lm: 3.9583  time: 1.5662  data: 0.4459  max mem: 23556
Train Epoch: [7]  [ 50/285]  eta: 0:03:53  lr: 0.000014  loss_ita: 4.7511  loss_itm: 0.1734  loss_lm: 3.5859  time: 0.9809  data: 0.0001  max mem: 23556
Train Epoch: [7]  [100/285]  eta: 0:03:02  lr: 0.000014  loss_ita: 4.9530  loss_itm: 0.4795  loss_lm: 3.8923  time: 0.9858  data: 0.0001  max mem: 23556
Train Epoch: [7]  [150/285]  eta: 0:02:12  lr: 0.000014  loss_ita: 5.7255  loss_itm: 0.5806  loss_lm: 3.6805  time: 0.9782  data: 0.0001  max mem: 23556
Train Epoch: [7]  [200/285]  eta: 0:01:23  lr: 0.000014  loss_ita: 4.6031  loss_itm: 0.3288  loss_lm: 4.4115  time: 0.9424  data: 0.0001  max mem: 23556
Train Epoch: [7]  [250/285]  eta: 0:00:34  lr: 0.000014  loss_ita: 4.4021  loss_itm: 0.2804  loss_lm: 3.8491  time: 0.9683  data: 0.0001  max mem: 23556
Train Epoch: [7]  [284/285]  eta: 0:00:00  lr: 0.000014  loss_ita: 5.0613  loss_itm: 0.3449  loss_lm: 3.5192  time: 0.9571  data: 0.0001  max mem: 23556
Train Epoch: [7] Total time: 0:04:39 (0.9812 s / it)
Averaged stats: lr: 0.0000  loss_ita: 4.8308  loss_itm: 0.3568  loss_lm: 3.8594
Train Epoch: [8]  [  0/285]  eta: 0:07:22  lr: 0.000013  loss_ita: 5.6286  loss_itm: 0.5645  loss_lm: 3.4613  time: 1.5520  data: 0.4561  max mem: 23556
Train Epoch: [8]  [ 50/285]  eta: 0:03:54  lr: 0.000013  loss_ita: 3.4471  loss_itm: 0.1508  loss_lm: 4.1960  time: 0.9913  data: 0.0001  max mem: 23556
Train Epoch: [8]  [100/285]  eta: 0:03:03  lr: 0.000013  loss_ita: 4.6363  loss_itm: 0.2443  loss_lm: 4.4214  time: 1.0027  data: 0.0001  max mem: 23556
Train Epoch: [8]  [150/285]  eta: 0:02:12  lr: 0.000013  loss_ita: 4.7809  loss_itm: 0.3310  loss_lm: 3.9518  time: 0.9351  data: 0.0001  max mem: 23556
Train Epoch: [8]  [200/285]  eta: 0:01:23  lr: 0.000013  loss_ita: 5.0056  loss_itm: 0.2500  loss_lm: 3.5765  time: 0.9454  data: 0.0001  max mem: 23556
Train Epoch: [8]  [250/285]  eta: 0:00:34  lr: 0.000013  loss_ita: 4.0506  loss_itm: 0.1884  loss_lm: 3.8813  time: 1.0250  data: 0.0001  max mem: 23556
Train Epoch: [8]  [284/285]  eta: 0:00:00  lr: 0.000013  loss_ita: 4.7755  loss_itm: 0.3921  loss_lm: 3.8601  time: 0.9908  data: 0.0001  max mem: 23556
Train Epoch: [8] Total time: 0:04:39 (0.9817 s / it)
Averaged stats: lr: 0.0000  loss_ita: 4.6923  loss_itm: 0.3371  loss_lm: 3.8172
Train Epoch: [9]  [  0/285]  eta: 0:07:00  lr: 0.000012  loss_ita: 4.4409  loss_itm: 0.4500  loss_lm: 3.9316  time: 1.4763  data: 0.4541  max mem: 23556
Train Epoch: [9]  [ 50/285]  eta: 0:03:49  lr: 0.000012  loss_ita: 3.4909  loss_itm: 0.1039  loss_lm: 4.4208  time: 0.9472  data: 0.0001  max mem: 23556
Train Epoch: [9]  [100/285]  eta: 0:03:00  lr: 0.000012  loss_ita: 4.5838  loss_itm: 0.5037  loss_lm: 4.2442  time: 0.9842  data: 0.0001  max mem: 23556
Train Epoch: [9]  [150/285]  eta: 0:02:11  lr: 0.000012  loss_ita: 2.8827  loss_itm: 0.1609  loss_lm: 3.7970  time: 0.9844  data: 0.0001  max mem: 23556
Train Epoch: [9]  [200/285]  eta: 0:01:23  lr: 0.000012  loss_ita: 3.7205  loss_itm: 0.3033  loss_lm: 3.5077  time: 0.9822  data: 0.0001  max mem: 23556
Train Epoch: [9]  [250/285]  eta: 0:00:34  lr: 0.000012  loss_ita: 3.9697  loss_itm: 0.3147  loss_lm: 3.6808  time: 1.0000  data: 0.0001  max mem: 23556
Train Epoch: [9]  [284/285]  eta: 0:00:00  lr: 0.000012  loss_ita: 4.5285  loss_itm: 0.3529  loss_lm: 3.8237  time: 0.9960  data: 0.0001  max mem: 23556
Train Epoch: [9] Total time: 0:04:40 (0.9837 s / it)
Averaged stats: lr: 0.0000  loss_ita: 4.2631  loss_itm: 0.3242  loss_lm: 3.7763
Train Epoch: [10]  [  0/285]  eta: 0:07:26  lr: 0.000010  loss_ita: 4.2484  loss_itm: 0.2974  loss_lm: 3.7053  time: 1.5664  data: 0.4486  max mem: 23556
Train Epoch: [10]  [ 50/285]  eta: 0:03:53  lr: 0.000010  loss_ita: 3.2761  loss_itm: 0.2314  loss_lm: 3.5768  time: 1.0085  data: 0.0002  max mem: 23556
Train Epoch: [10]  [100/285]  eta: 0:03:03  lr: 0.000010  loss_ita: 3.3491  loss_itm: 0.5136  loss_lm: 3.4815  time: 1.0066  data: 0.0002  max mem: 23556
Train Epoch: [10]  [150/285]  eta: 0:02:12  lr: 0.000010  loss_ita: 4.6129  loss_itm: 0.2964  loss_lm: 3.4456  time: 1.0026  data: 0.0002  max mem: 23556
Train Epoch: [10]  [200/285]  eta: 0:01:23  lr: 0.000010  loss_ita: 5.5768  loss_itm: 0.4492  loss_lm: 3.8042  time: 0.9876  data: 0.0002  max mem: 23556
Train Epoch: [10]  [250/285]  eta: 0:00:34  lr: 0.000010  loss_ita: 4.4409  loss_itm: 0.3528  loss_lm: 3.4024  time: 0.9807  data: 0.0002  max mem: 23556
Train Epoch: [10]  [284/285]  eta: 0:00:00  lr: 0.000010  loss_ita: 4.8628  loss_itm: 0.5581  loss_lm: 3.8049  time: 0.9614  data: 0.0002  max mem: 23556
Train Epoch: [10] Total time: 0:04:39 (0.9790 s / it)
Averaged stats: lr: 0.0000  loss_ita: 4.1530  loss_itm: 0.3144  loss_lm: 3.7451
Train Epoch: [11]  [  0/285]  eta: 0:07:24  lr: 0.000009  loss_ita: 3.8508  loss_itm: 0.3366  loss_lm: 3.8762  time: 1.5593  data: 0.4475  max mem: 23556
Train Epoch: [11]  [ 50/285]  eta: 0:03:54  lr: 0.000009  loss_ita: 4.5155  loss_itm: 0.4221  loss_lm: 3.3129  time: 0.9618  data: 0.0001  max mem: 23556
Train Epoch: [11]  [100/285]  eta: 0:03:02  lr: 0.000009  loss_ita: 4.6153  loss_itm: 0.1760  loss_lm: 3.3163  time: 0.9432  data: 0.0002  max mem: 23556
Train Epoch: [11]  [150/285]  eta: 0:02:12  lr: 0.000009  loss_ita: 4.4475  loss_itm: 0.2355  loss_lm: 3.5498  time: 0.9860  data: 0.0001  max mem: 23556
Train Epoch: [11]  [200/285]  eta: 0:01:23  lr: 0.000009  loss_ita: 4.8740  loss_itm: 0.3123  loss_lm: 3.7601  time: 1.0009  data: 0.0001  max mem: 23556
Train Epoch: [11]  [250/285]  eta: 0:00:34  lr: 0.000009  loss_ita: 4.7658  loss_itm: 0.3591  loss_lm: 3.5714  time: 0.9825  data: 0.0001  max mem: 23556
Train Epoch: [11]  [284/285]  eta: 0:00:00  lr: 0.000009  loss_ita: 5.2189  loss_itm: 0.3640  loss_lm: 3.4958  time: 0.9880  data: 0.0001  max mem: 23556
Train Epoch: [11] Total time: 0:04:39 (0.9813 s / it)
Averaged stats: lr: 0.0000  loss_ita: 4.5095  loss_itm: 0.2993  loss_lm: 3.7146
Train Epoch: [12]  [  0/285]  eta: 0:06:52  lr: 0.000008  loss_ita: 5.0814  loss_itm: 0.2482  loss_lm: 3.3626  time: 1.4480  data: 0.4811  max mem: 23556
Train Epoch: [12]  [ 50/285]  eta: 0:03:46  lr: 0.000008  loss_ita: 4.1878  loss_itm: 0.3095  loss_lm: 3.1594  time: 0.9482  data: 0.0002  max mem: 23556
Train Epoch: [12]  [100/285]  eta: 0:03:00  lr: 0.000008  loss_ita: 3.6321  loss_itm: 0.3039  loss_lm: 3.7296  time: 0.9732  data: 0.0002  max mem: 23556
Train Epoch: [12]  [150/285]  eta: 0:02:11  lr: 0.000008  loss_ita: 3.7435  loss_itm: 0.3061  loss_lm: 3.8921  time: 1.0017  data: 0.0002  max mem: 23556
Train Epoch: [12]  [200/285]  eta: 0:01:22  lr: 0.000008  loss_ita: 3.6799  loss_itm: 0.1376  loss_lm: 3.8101  time: 0.9907  data: 0.0001  max mem: 23556
Train Epoch: [12]  [250/285]  eta: 0:00:34  lr: 0.000008  loss_ita: 3.5517  loss_itm: 0.2112  loss_lm: 3.5539  time: 0.9681  data: 0.0001  max mem: 23556
Train Epoch: [12]  [284/285]  eta: 0:00:00  lr: 0.000008  loss_ita: 4.2837  loss_itm: 0.4653  loss_lm: 3.4514  time: 1.0273  data: 0.0001  max mem: 23556
Train Epoch: [12] Total time: 0:04:38 (0.9758 s / it)
Averaged stats: lr: 0.0000  loss_ita: 4.0637  loss_itm: 0.2868  loss_lm: 3.6880
Train Epoch: [13]  [  0/285]  eta: 0:07:46  lr: 0.000008  loss_ita: 4.6426  loss_itm: 0.4676  loss_lm: 4.0021  time: 1.6371  data: 0.4622  max mem: 23556
Train Epoch: [13]  [ 50/285]  eta: 0:03:51  lr: 0.000008  loss_ita: 4.1291  loss_itm: 0.2052  loss_lm: 3.3181  time: 0.9704  data: 0.0001  max mem: 23556
Train Epoch: [13]  [100/285]  eta: 0:03:00  lr: 0.000008  loss_ita: 3.3539  loss_itm: 0.4210  loss_lm: 3.8906  time: 0.9479  data: 0.0001  max mem: 23556
Train Epoch: [13]  [150/285]  eta: 0:02:11  lr: 0.000008  loss_ita: 4.4227  loss_itm: 0.3456  loss_lm: 4.0582  time: 0.9430  data: 0.0001  max mem: 23556
Train Epoch: [13]  [200/285]  eta: 0:01:23  lr: 0.000008  loss_ita: 4.5246  loss_itm: 0.2098  loss_lm: 3.6883  time: 0.9697  data: 0.0001  max mem: 23556
Train Epoch: [13]  [250/285]  eta: 0:00:34  lr: 0.000008  loss_ita: 4.0010  loss_itm: 0.3973  loss_lm: 4.1063  time: 0.9793  data: 0.0001  max mem: 23556
Train Epoch: [13]  [284/285]  eta: 0:00:00  lr: 0.000008  loss_ita: 3.8370  loss_itm: 0.2214  loss_lm: 3.1852  time: 0.9698  data: 0.0001  max mem: 23556
Train Epoch: [13] Total time: 0:04:39 (0.9811 s / it)
Averaged stats: lr: 0.0000  loss_ita: 4.0820  loss_itm: 0.2750  loss_lm: 3.6684
Train Epoch: [14]  [  0/285]  eta: 0:07:17  lr: 0.000007  loss_ita: 4.5675  loss_itm: 0.1604  loss_lm: 3.4809  time: 1.5353  data: 0.4587  max mem: 23556
Train Epoch: [14]  [ 50/285]  eta: 0:03:53  lr: 0.000007  loss_ita: 4.1584  loss_itm: 0.5616  loss_lm: 3.5995  time: 0.9324  data: 0.0001  max mem: 23556
Train Epoch: [14]  [100/285]  eta: 0:03:01  lr: 0.000007  loss_ita: 3.8705  loss_itm: 0.2111  loss_lm: 3.5190  time: 0.9606  data: 0.0001  max mem: 23556
Train Epoch: [14]  [150/285]  eta: 0:02:13  lr: 0.000007  loss_ita: 4.1670  loss_itm: 0.1483  loss_lm: 3.5188  time: 0.9941  data: 0.0001  max mem: 23556
Train Epoch: [14]  [200/285]  eta: 0:01:24  lr: 0.000007  loss_ita: 4.3720  loss_itm: 0.3586  loss_lm: 3.6817  time: 0.9810  data: 0.0001  max mem: 23556
Train Epoch: [14]  [250/285]  eta: 0:00:34  lr: 0.000007  loss_ita: 2.6010  loss_itm: 0.1131  loss_lm: 3.3869  time: 0.9963  data: 0.0001  max mem: 23556
Train Epoch: [14]  [284/285]  eta: 0:00:00  lr: 0.000007  loss_ita: 3.5748  loss_itm: 0.1594  loss_lm: 3.2322  time: 0.9932  data: 0.0001  max mem: 23556
Train Epoch: [14] Total time: 0:04:41 (0.9871 s / it)
Averaged stats: lr: 0.0000  loss_ita: 3.9341  loss_itm: 0.2668  loss_lm: 3.6503
Train Epoch: [15]  [  0/285]  eta: 0:07:11  lr: 0.000006  loss_ita: 3.0174  loss_itm: 0.0862  loss_lm: 3.9293  time: 1.5144  data: 0.4431  max mem: 23556
Train Epoch: [15]  [ 50/285]  eta: 0:03:51  lr: 0.000006  loss_ita: 3.9265  loss_itm: 0.2798  loss_lm: 3.1759  time: 0.9866  data: 0.0002  max mem: 23560
Train Epoch: [15]  [100/285]  eta: 0:03:00  lr: 0.000006  loss_ita: 3.5389  loss_itm: 0.2018  loss_lm: 3.7673  time: 0.9931  data: 0.0001  max mem: 23560
Train Epoch: [15]  [150/285]  eta: 0:02:12  lr: 0.000006  loss_ita: 3.7716  loss_itm: 0.1921  loss_lm: 3.6120  time: 1.0262  data: 0.0002  max mem: 23560
Train Epoch: [15]  [200/285]  eta: 0:01:23  lr: 0.000006  loss_ita: 3.5838  loss_itm: 0.0407  loss_lm: 3.6601  time: 0.9403  data: 0.0002  max mem: 23560
Train Epoch: [15]  [250/285]  eta: 0:00:34  lr: 0.000006  loss_ita: 4.2277  loss_itm: 0.1743  loss_lm: 3.8101  time: 0.9684  data: 0.0001  max mem: 23560
Train Epoch: [15]  [284/285]  eta: 0:00:00  lr: 0.000006  loss_ita: 4.1497  loss_itm: 0.2549  loss_lm: 3.5244  time: 0.9588  data: 0.0002  max mem: 23560
Train Epoch: [15] Total time: 0:04:40 (0.9849 s / it)
Averaged stats: lr: 0.0000  loss_ita: 3.9763  loss_itm: 0.2517  loss_lm: 3.6368
Train Epoch: [16]  [  0/285]  eta: 0:07:31  lr: 0.000006  loss_ita: 2.5104  loss_itm: 0.0333  loss_lm: 4.2370  time: 1.5836  data: 0.4625  max mem: 23560
Train Epoch: [16]  [ 50/285]  eta: 0:03:50  lr: 0.000006  loss_ita: 4.2386  loss_itm: 0.2375  loss_lm: 3.3866  time: 0.9579  data: 0.0002  max mem: 23560
Train Epoch: [16]  [100/285]  eta: 0:03:02  lr: 0.000006  loss_ita: 4.3967  loss_itm: 0.3980  loss_lm: 4.1820  time: 0.9912  data: 0.0002  max mem: 23560
Train Epoch: [16]  [150/285]  eta: 0:02:12  lr: 0.000006  loss_ita: 4.1122  loss_itm: 0.4228  loss_lm: 3.3078  time: 0.9963  data: 0.0001  max mem: 23563
Train Epoch: [16]  [200/285]  eta: 0:01:23  lr: 0.000006  loss_ita: 3.3450  loss_itm: 0.2054  loss_lm: 3.8347  time: 0.9868  data: 0.0002  max mem: 23563
Train Epoch: [16]  [250/285]  eta: 0:00:34  lr: 0.000006  loss_ita: 3.7864  loss_itm: 0.2028  loss_lm: 3.5317  time: 1.0401  data: 0.0002  max mem: 23563
Train Epoch: [16]  [284/285]  eta: 0:00:00  lr: 0.000006  loss_ita: 4.0948  loss_itm: 0.2749  loss_lm: 3.7470  time: 0.9660  data: 0.0002  max mem: 23563
Train Epoch: [16] Total time: 0:04:39 (0.9806 s / it)
Averaged stats: lr: 0.0000  loss_ita: 3.9375  loss_itm: 0.2433  loss_lm: 3.6193
Train Epoch: [17]  [  0/285]  eta: 0:07:06  lr: 0.000005  loss_ita: 3.3501  loss_itm: 0.2162  loss_lm: 3.4584  time: 1.4950  data: 0.4632  max mem: 23563
Train Epoch: [17]  [ 50/285]  eta: 0:03:55  lr: 0.000005  loss_ita: 3.4230  loss_itm: 0.1731  loss_lm: 3.7322  time: 1.0056  data: 0.0002  max mem: 23563
Train Epoch: [17]  [100/285]  eta: 0:03:02  lr: 0.000005  loss_ita: 4.7992  loss_itm: 0.2193  loss_lm: 3.4301  time: 0.9863  data: 0.0002  max mem: 23563
Train Epoch: [17]  [150/285]  eta: 0:02:13  lr: 0.000005  loss_ita: 3.5978  loss_itm: 0.2968  loss_lm: 3.6207  time: 1.0121  data: 0.0002  max mem: 23563
Train Epoch: [17]  [200/285]  eta: 0:01:24  lr: 0.000005  loss_ita: 4.4473  loss_itm: 0.5068  loss_lm: 3.6234  time: 1.0235  data: 0.0002  max mem: 23563
Train Epoch: [17]  [250/285]  eta: 0:00:34  lr: 0.000005  loss_ita: 3.0966  loss_itm: 0.1231  loss_lm: 3.2465  time: 1.0072  data: 0.0001  max mem: 23563
Train Epoch: [17]  [284/285]  eta: 0:00:00  lr: 0.000005  loss_ita: 3.6462  loss_itm: 0.3729  loss_lm: 3.5677  time: 1.0016  data: 0.0002  max mem: 23563
Train Epoch: [17] Total time: 0:04:42 (0.9920 s / it)
Averaged stats: lr: 0.0000  loss_ita: 4.0215  loss_itm: 0.2329  loss_lm: 3.6086
Train Epoch: [18]  [  0/285]  eta: 0:07:44  lr: 0.000005  loss_ita: 3.1702  loss_itm: 0.0581  loss_lm: 3.9589  time: 1.6294  data: 0.4711  max mem: 23563
Train Epoch: [18]  [ 50/285]  eta: 0:03:55  lr: 0.000005  loss_ita: 3.0107  loss_itm: 0.0596  loss_lm: 3.8480  time: 0.9886  data: 0.0002  max mem: 23563
Train Epoch: [18]  [100/285]  eta: 0:03:00  lr: 0.000005  loss_ita: 4.4584  loss_itm: 0.2752  loss_lm: 3.7802  time: 0.9480  data: 0.0001  max mem: 23563
Train Epoch: [18]  [150/285]  eta: 0:02:12  lr: 0.000005  loss_ita: 3.1427  loss_itm: 0.0868  loss_lm: 3.6941  time: 0.9751  data: 0.0001  max mem: 23563
Train Epoch: [18]  [200/285]  eta: 0:01:23  lr: 0.000005  loss_ita: 3.7120  loss_itm: 0.1390  loss_lm: 3.7280  time: 1.0204  data: 0.0001  max mem: 23563
Train Epoch: [18]  [250/285]  eta: 0:00:34  lr: 0.000005  loss_ita: 3.9333  loss_itm: 0.3395  loss_lm: 3.4869  time: 1.0060  data: 0.0001  max mem: 23563
Train Epoch: [18]  [284/285]  eta: 0:00:00  lr: 0.000005  loss_ita: 3.8416  loss_itm: 0.1157  loss_lm: 3.6286  time: 1.0080  data: 0.0001  max mem: 23563
Train Epoch: [18] Total time: 0:04:40 (0.9834 s / it)
Averaged stats: lr: 0.0000  loss_ita: 3.8754  loss_itm: 0.2289  loss_lm: 3.5968
Train Epoch: [19]  [  0/285]  eta: 0:07:32  lr: 0.000004  loss_ita: 4.0547  loss_itm: 0.1328  loss_lm: 3.4246  time: 1.5891  data: 0.4948  max mem: 23563
Train Epoch: [19]  [ 50/285]  eta: 0:03:48  lr: 0.000004  loss_ita: 4.1145  loss_itm: 0.2410  loss_lm: 2.9728  time: 0.9748  data: 0.0001  max mem: 23563
Train Epoch: [19]  [100/285]  eta: 0:03:01  lr: 0.000004  loss_ita: 3.1278  loss_itm: 0.5879  loss_lm: 3.4662  time: 0.9943  data: 0.0001  max mem: 23563
Train Epoch: [19]  [150/285]  eta: 0:02:13  lr: 0.000004  loss_ita: 3.7193  loss_itm: 0.2401  loss_lm: 3.3438  time: 0.9954  data: 0.0001  max mem: 23563
Train Epoch: [19]  [200/285]  eta: 0:01:23  lr: 0.000004  loss_ita: 2.9101  loss_itm: 0.1650  loss_lm: 3.9152  time: 0.9779  data: 0.0001  max mem: 23563
Train Epoch: [19]  [250/285]  eta: 0:00:34  lr: 0.000004  loss_ita: 3.1222  loss_itm: 0.0437  loss_lm: 3.9789  time: 0.9392  data: 0.0001  max mem: 23563
Train Epoch: [19]  [284/285]  eta: 0:00:00  lr: 0.000004  loss_ita: 3.7241  loss_itm: 0.1452  loss_lm: 3.6831  time: 0.9886  data: 0.0001  max mem: 23563
Train Epoch: [19] Total time: 0:04:41 (0.9886 s / it)
Averaged stats: lr: 0.0000  loss_ita: 3.7375  loss_itm: 0.2196  loss_lm: 3.5835
Train Epoch: [20]  [  0/285]  eta: 0:07:09  lr: 0.000004  loss_ita: 2.3336  loss_itm: 0.1433  loss_lm: 4.1219  time: 1.5063  data: 0.4710  max mem: 23563
Train Epoch: [20]  [ 50/285]  eta: 0:03:51  lr: 0.000004  loss_ita: 2.9647  loss_itm: 0.2213  loss_lm: 3.9117  time: 0.9846  data: 0.0001  max mem: 23563
Train Epoch: [20]  [100/285]  eta: 0:03:00  lr: 0.000004  loss_ita: 2.4605  loss_itm: 0.0869  loss_lm: 4.1266  time: 1.0178  data: 0.0001  max mem: 23563
Train Epoch: [20]  [150/285]  eta: 0:02:12  lr: 0.000004  loss_ita: 2.9618  loss_itm: 0.0437  loss_lm: 3.7615  time: 0.9464  data: 0.0001  max mem: 23563
Train Epoch: [20]  [200/285]  eta: 0:01:23  lr: 0.000004  loss_ita: 3.6481  loss_itm: 0.4191  loss_lm: 3.9271  time: 0.9702  data: 0.0001  max mem: 23563
Train Epoch: [20]  [250/285]  eta: 0:00:34  lr: 0.000004  loss_ita: 3.0608  loss_itm: 0.0651  loss_lm: 3.7075  time: 0.9775  data: 0.0001  max mem: 23563
Train Epoch: [20]  [284/285]  eta: 0:00:00  lr: 0.000004  loss_ita: 3.1623  loss_itm: 0.1190  loss_lm: 3.8105  time: 0.9371  data: 0.0001  max mem: 23563
Train Epoch: [20] Total time: 0:04:38 (0.9777 s / it)
Averaged stats: lr: 0.0000  loss_ita: 3.6861  loss_itm: 0.2164  loss_lm: 3.5769
Train Epoch: [21]  [  0/285]  eta: 0:07:27  lr: 0.000003  loss_ita: 3.4854  loss_itm: 0.1004  loss_lm: 3.4660  time: 1.5707  data: 0.4660  max mem: 23563
Train Epoch: [21]  [ 50/285]  eta: 0:03:56  lr: 0.000003  loss_ita: 3.3273  loss_itm: 0.0913  loss_lm: 3.3767  time: 1.0291  data: 0.0001  max mem: 23563
Train Epoch: [21]  [100/285]  eta: 0:03:02  lr: 0.000003  loss_ita: 3.2445  loss_itm: 0.0999  loss_lm: 3.6543  time: 0.9573  data: 0.0001  max mem: 23563
Train Epoch: [21]  [150/285]  eta: 0:02:14  lr: 0.000003  loss_ita: 3.6812  loss_itm: 0.1588  loss_lm: 3.4835  time: 1.0046  data: 0.0001  max mem: 23563
Train Epoch: [21]  [200/285]  eta: 0:01:24  lr: 0.000003  loss_ita: 3.9004  loss_itm: 0.1382  loss_lm: 3.5566  time: 0.9910  data: 0.0001  max mem: 23563
Train Epoch: [21]  [250/285]  eta: 0:00:34  lr: 0.000003  loss_ita: 3.8424  loss_itm: 0.2755  loss_lm: 3.8141  time: 0.9699  data: 0.0001  max mem: 23563
Train Epoch: [21]  [284/285]  eta: 0:00:00  lr: 0.000003  loss_ita: 3.7051  loss_itm: 0.1984  loss_lm: 3.3958  time: 0.9828  data: 0.0001  max mem: 23563
Train Epoch: [21] Total time: 0:04:40 (0.9847 s / it)
Averaged stats: lr: 0.0000  loss_ita: 3.7341  loss_itm: 0.2084  loss_lm: 3.5708
Train Epoch: [22]  [  0/285]  eta: 0:07:25  lr: 0.000003  loss_ita: 4.2165  loss_itm: 0.2156  loss_lm: 3.5532  time: 1.5626  data: 0.4614  max mem: 23563
Train Epoch: [22]  [ 50/285]  eta: 0:03:57  lr: 0.000003  loss_ita: 4.5237  loss_itm: 0.3780  loss_lm: 3.0999  time: 0.9777  data: 0.0001  max mem: 23563
Train Epoch: [22]  [100/285]  eta: 0:03:03  lr: 0.000003  loss_ita: 3.4400  loss_itm: 0.1901  loss_lm: 3.7079  time: 0.9556  data: 0.0001  max mem: 23563
Train Epoch: [22]  [150/285]  eta: 0:02:13  lr: 0.000003  loss_ita: 3.5796  loss_itm: 0.1790  loss_lm: 3.4864  time: 0.9918  data: 0.0001  max mem: 23563
Train Epoch: [22]  [200/285]  eta: 0:01:23  lr: 0.000003  loss_ita: 4.0637  loss_itm: 0.1999  loss_lm: 3.2292  time: 0.9827  data: 0.0001  max mem: 23563
Train Epoch: [22]  [250/285]  eta: 0:00:34  lr: 0.000003  loss_ita: 3.0509  loss_itm: 0.0908  loss_lm: 3.5636  time: 0.9791  data: 0.0001  max mem: 23563
Train Epoch: [22]  [284/285]  eta: 0:00:00  lr: 0.000003  loss_ita: 3.2612  loss_itm: 0.0691  loss_lm: 3.9210  time: 1.0037  data: 0.0001  max mem: 23563
Train Epoch: [22] Total time: 0:04:40 (0.9825 s / it)
Averaged stats: lr: 0.0000  loss_ita: 3.5846  loss_itm: 0.2083  loss_lm: 3.5638
Train Epoch: [23]  [  0/285]  eta: 0:07:01  lr: 0.000003  loss_ita: 3.3807  loss_itm: 0.3034  loss_lm: 4.1160  time: 1.4780  data: 0.4369  max mem: 23563
Train Epoch: [23]  [ 50/285]  eta: 0:03:54  lr: 0.000003  loss_ita: 3.8123  loss_itm: 0.1270  loss_lm: 3.6816  time: 1.0049  data: 0.0001  max mem: 23563
Train Epoch: [23]  [100/285]  eta: 0:03:01  lr: 0.000003  loss_ita: 3.4446  loss_itm: 0.2399  loss_lm: 4.0517  time: 0.9820  data: 0.0001  max mem: 23563
Train Epoch: [23]  [150/285]  eta: 0:02:13  lr: 0.000003  loss_ita: 4.4739  loss_itm: 0.2921  loss_lm: 3.6548  time: 1.0320  data: 0.0001  max mem: 23563
Train Epoch: [23]  [200/285]  eta: 0:01:23  lr: 0.000003  loss_ita: 3.6532  loss_itm: 0.2101  loss_lm: 3.6229  time: 0.9343  data: 0.0001  max mem: 23563
Train Epoch: [23]  [250/285]  eta: 0:00:34  lr: 0.000003  loss_ita: 3.5729  loss_itm: 0.1259  loss_lm: 3.5596  time: 0.9613  data: 0.0001  max mem: 23563
Train Epoch: [23]  [284/285]  eta: 0:00:00  lr: 0.000003  loss_ita: 3.9809  loss_itm: 0.3275  loss_lm: 3.5746  time: 1.0189  data: 0.0001  max mem: 23563
Train Epoch: [23] Total time: 0:04:39 (0.9816 s / it)
Averaged stats: lr: 0.0000  loss_ita: 3.6621  loss_itm: 0.2018  loss_lm: 3.5579
Train Epoch: [24]  [  0/285]  eta: 0:07:48  lr: 0.000002  loss_ita: 3.9032  loss_itm: 0.1813  loss_lm: 3.6716  time: 1.6453  data: 0.4740  max mem: 23563
Train Epoch: [24]  [ 50/285]  eta: 0:03:53  lr: 0.000002  loss_ita: 3.8240  loss_itm: 0.4784  loss_lm: 3.3652  time: 1.0078  data: 0.0001  max mem: 23563
Train Epoch: [24]  [100/285]  eta: 0:03:01  lr: 0.000002  loss_ita: 3.7486  loss_itm: 0.2269  loss_lm: 3.4901  time: 0.9627  data: 0.0001  max mem: 23563
Train Epoch: [24]  [150/285]  eta: 0:02:12  lr: 0.000002  loss_ita: 3.7343  loss_itm: 0.1848  loss_lm: 3.1987  time: 0.9816  data: 0.0001  max mem: 23563
Train Epoch: [24]  [200/285]  eta: 0:01:23  lr: 0.000002  loss_ita: 3.8380  loss_itm: 0.3605  loss_lm: 3.4348  time: 0.9359  data: 0.0001  max mem: 23563
Train Epoch: [24]  [250/285]  eta: 0:00:34  lr: 0.000002  loss_ita: 3.9323  loss_itm: 0.3868  loss_lm: 3.0053  time: 1.0038  data: 0.0001  max mem: 23563
Train Epoch: [24]  [284/285]  eta: 0:00:00  lr: 0.000002  loss_ita: 3.0725  loss_itm: 0.0418  loss_lm: 3.8380  time: 0.9549  data: 0.0001  max mem: 23563
Train Epoch: [24] Total time: 0:04:38 (0.9756 s / it)
Averaged stats: lr: 0.0000  loss_ita: 3.6641  loss_itm: 0.2001  loss_lm: 3.5533
Train Epoch: [25]  [  0/285]  eta: 0:07:29  lr: 0.000002  loss_ita: 3.3213  loss_itm: 0.0898  loss_lm: 3.6819  time: 1.5759  data: 0.4589  max mem: 23563
Train Epoch: [25]  [ 50/285]  eta: 0:03:48  lr: 0.000002  loss_ita: 2.9987  loss_itm: 0.2064  loss_lm: 3.5364  time: 0.9296  data: 0.0001  max mem: 23563
Train Epoch: [25]  [100/285]  eta: 0:03:02  lr: 0.000002  loss_ita: 3.3250  loss_itm: 0.0941  loss_lm: 3.7841  time: 0.9986  data: 0.0001  max mem: 23563
Train Epoch: [25]  [150/285]  eta: 0:02:12  lr: 0.000002  loss_ita: 3.7255  loss_itm: 0.1979  loss_lm: 3.5993  time: 0.9648  data: 0.0001  max mem: 23563
Train Epoch: [25]  [200/285]  eta: 0:01:23  lr: 0.000002  loss_ita: 4.4048  loss_itm: 0.3136  loss_lm: 3.7513  time: 0.9548  data: 0.0001  max mem: 23563
Train Epoch: [25]  [250/285]  eta: 0:00:34  lr: 0.000002  loss_ita: 3.6879  loss_itm: 0.3424  loss_lm: 3.4991  time: 0.9645  data: 0.0001  max mem: 23564
Train Epoch: [25]  [284/285]  eta: 0:00:00  lr: 0.000002  loss_ita: 4.0493  loss_itm: 0.2850  loss_lm: 3.6298  time: 1.0053  data: 0.0001  max mem: 23564
Train Epoch: [25] Total time: 0:04:39 (0.9811 s / it)
Averaged stats: lr: 0.0000  loss_ita: 3.6237  loss_itm: 0.1993  loss_lm: 3.5452
Train Epoch: [26]  [  0/285]  eta: 0:07:22  lr: 0.000002  loss_ita: 3.3901  loss_itm: 0.3057  loss_lm: 3.3416  time: 1.5512  data: 0.4432  max mem: 23564
Train Epoch: [26]  [ 50/285]  eta: 0:03:52  lr: 0.000002  loss_ita: 3.2633  loss_itm: 0.0740  loss_lm: 3.6384  time: 1.0129  data: 0.0001  max mem: 23564
Train Epoch: [26]  [100/285]  eta: 0:03:00  lr: 0.000002  loss_ita: 3.0216  loss_itm: 0.4791  loss_lm: 3.5419  time: 0.9424  data: 0.0001  max mem: 23564
Train Epoch: [26]  [150/285]  eta: 0:02:12  lr: 0.000002  loss_ita: 4.3084  loss_itm: 0.3562  loss_lm: 3.4870  time: 0.9850  data: 0.0001  max mem: 23564
Train Epoch: [26]  [200/285]  eta: 0:01:22  lr: 0.000002  loss_ita: 4.0758  loss_itm: 0.3241  loss_lm: 3.6950  time: 0.9850  data: 0.0001  max mem: 23564
Train Epoch: [26]  [250/285]  eta: 0:00:34  lr: 0.000002  loss_ita: 3.0085  loss_itm: 0.1293  loss_lm: 3.6343  time: 0.9878  data: 0.0001  max mem: 23564
Train Epoch: [26]  [284/285]  eta: 0:00:00  lr: 0.000002  loss_ita: 3.6749  loss_itm: 0.2891  loss_lm: 3.7311  time: 0.9683  data: 0.0001  max mem: 23564
Train Epoch: [26] Total time: 0:04:37 (0.9741 s / it)
Averaged stats: lr: 0.0000  loss_ita: 3.5630  loss_itm: 0.1941  loss_lm: 3.5430
Train Epoch: [27]  [  0/285]  eta: 0:07:26  lr: 0.000002  loss_ita: 3.2419  loss_itm: 0.2059  loss_lm: 3.6305  time: 1.5662  data: 0.4576  max mem: 23564
Train Epoch: [27]  [ 50/285]  eta: 0:03:56  lr: 0.000002  loss_ita: 3.2884  loss_itm: 0.1587  loss_lm: 3.1738  time: 1.0289  data: 0.0001  max mem: 23564
Train Epoch: [27]  [100/285]  eta: 0:03:02  lr: 0.000002  loss_ita: 4.3837  loss_itm: 0.6901  loss_lm: 3.7487  time: 0.9573  data: 0.0001  max mem: 23564
Train Epoch: [27]  [150/285]  eta: 0:02:13  lr: 0.000002  loss_ita: 3.9850  loss_itm: 0.1431  loss_lm: 3.2341  time: 0.9505  data: 0.0001  max mem: 23564
Train Epoch: [27]  [200/285]  eta: 0:01:23  lr: 0.000002  loss_ita: 2.4514  loss_itm: 0.2056  loss_lm: 3.9702  time: 0.9568  data: 0.0001  max mem: 23564
Train Epoch: [27]  [250/285]  eta: 0:00:34  lr: 0.000002  loss_ita: 4.1951  loss_itm: 0.3240  loss_lm: 3.3130  time: 0.9897  data: 0.0001  max mem: 23564
Train Epoch: [27]  [284/285]  eta: 0:00:00  lr: 0.000002  loss_ita: 4.6779  loss_itm: 0.2614  loss_lm: 3.4823  time: 0.9466  data: 0.0001  max mem: 23564
Train Epoch: [27] Total time: 0:04:39 (0.9817 s / it)
Averaged stats: lr: 0.0000  loss_ita: 3.5163  loss_itm: 0.1908  loss_lm: 3.5377
Train Epoch: [28]  [  0/285]  eta: 0:08:12  lr: 0.000002  loss_ita: 4.1561  loss_itm: 0.2075  loss_lm: 3.3813  time: 1.7294  data: 0.4794  max mem: 23564
Train Epoch: [28]  [ 50/285]  eta: 0:03:50  lr: 0.000002  loss_ita: 3.5486  loss_itm: 0.2943  loss_lm: 3.3299  time: 0.9331  data: 0.0001  max mem: 23564
Train Epoch: [28]  [100/285]  eta: 0:03:02  lr: 0.000002  loss_ita: 3.1919  loss_itm: 0.0401  loss_lm: 3.7972  time: 1.0277  data: 0.0001  max mem: 23567
Train Epoch: [28]  [150/285]  eta: 0:02:13  lr: 0.000002  loss_ita: 3.6775  loss_itm: 0.0525  loss_lm: 3.5791  time: 0.9976  data: 0.0001  max mem: 23567
Train Epoch: [28]  [200/285]  eta: 0:01:24  lr: 0.000002  loss_ita: 3.0955  loss_itm: 0.2120  loss_lm: 4.2446  time: 1.0004  data: 0.0001  max mem: 23567
Train Epoch: [28]  [250/285]  eta: 0:00:34  lr: 0.000002  loss_ita: 4.1837  loss_itm: 0.1949  loss_lm: 3.7314  time: 0.9980  data: 0.0001  max mem: 23567
Train Epoch: [28]  [284/285]  eta: 0:00:00  lr: 0.000002  loss_ita: 3.3684  loss_itm: 0.2354  loss_lm: 3.6275  time: 0.9999  data: 0.0001  max mem: 23567
Train Epoch: [28] Total time: 0:04:41 (0.9865 s / it)
Averaged stats: lr: 0.0000  loss_ita: 3.5813  loss_itm: 0.1848  loss_lm: 3.5378
Train Epoch: [29]  [  0/285]  eta: 0:07:41  lr: 0.000001  loss_ita: 3.2153  loss_itm: 0.0827  loss_lm: 3.5157  time: 1.6200  data: 0.4748  max mem: 23567
Train Epoch: [29]  [ 50/285]  eta: 0:03:49  lr: 0.000001  loss_ita: 2.4232  loss_itm: 0.1445  loss_lm: 3.9501  time: 0.9539  data: 0.0001  max mem: 23567
Train Epoch: [29]  [100/285]  eta: 0:03:01  lr: 0.000001  loss_ita: 3.6704  loss_itm: 0.2041  loss_lm: 3.5348  time: 0.9602  data: 0.0001  max mem: 23567
Train Epoch: [29]  [150/285]  eta: 0:02:12  lr: 0.000001  loss_ita: 4.2195  loss_itm: 0.2453  loss_lm: 3.6599  time: 0.9476  data: 0.0001  max mem: 23567
Train Epoch: [29]  [200/285]  eta: 0:01:23  lr: 0.000001  loss_ita: 5.1167  loss_itm: 0.3127  loss_lm: 3.5683  time: 0.9551  data: 0.0001  max mem: 23567
Train Epoch: [29]  [250/285]  eta: 0:00:34  lr: 0.000001  loss_ita: 4.6606  loss_itm: 0.3526  loss_lm: 3.2314  time: 0.9649  data: 0.0001  max mem: 23567
Train Epoch: [29]  [284/285]  eta: 0:00:00  lr: 0.000001  loss_ita: 3.4813  loss_itm: 0.1260  loss_lm: 3.4140  time: 0.9401  data: 0.0001  max mem: 23567
Train Epoch: [29] Total time: 0:04:38 (0.9761 s / it)
Averaged stats: lr: 0.0000  loss_ita: 3.6390  loss_itm: 0.1845  loss_lm: 3.5325
Train Epoch: [30]  [  0/285]  eta: 0:07:21  lr: 0.000001  loss_ita: 3.2508  loss_itm: 0.0450  loss_lm: 3.9881  time: 1.5491  data: 0.4336  max mem: 23567
Train Epoch: [30]  [ 50/285]  eta: 0:03:49  lr: 0.000001  loss_ita: 4.8338  loss_itm: 0.3851  loss_lm: 3.1588  time: 0.9670  data: 0.0001  max mem: 23567
Train Epoch: [30]  [100/285]  eta: 0:02:59  lr: 0.000001  loss_ita: 3.8294  loss_itm: 0.2626  loss_lm: 3.7034  time: 0.9316  data: 0.0001  max mem: 23567
Train Epoch: [30]  [150/285]  eta: 0:02:11  lr: 0.000001  loss_ita: 3.6452  loss_itm: 0.1544  loss_lm: 3.4666  time: 0.9850  data: 0.0001  max mem: 23567
Train Epoch: [30]  [200/285]  eta: 0:01:22  lr: 0.000001  loss_ita: 4.1273  loss_itm: 0.2660  loss_lm: 3.6557  time: 0.9737  data: 0.0001  max mem: 23567
Train Epoch: [30]  [250/285]  eta: 0:00:34  lr: 0.000001  loss_ita: 3.2291  loss_itm: 0.0985  loss_lm: 3.5445  time: 0.9889  data: 0.0001  max mem: 23567
Train Epoch: [30]  [284/285]  eta: 0:00:00  lr: 0.000001  loss_ita: 3.4465  loss_itm: 0.1772  loss_lm: 3.3815  time: 0.9579  data: 0.0001  max mem: 23567
Train Epoch: [30] Total time: 0:04:37 (0.9727 s / it)
Averaged stats: lr: 0.0000  loss_ita: 3.5199  loss_itm: 0.1866  loss_lm: 3.5268
Train Epoch: [31]  [  0/285]  eta: 0:07:12  lr: 0.000001  loss_ita: 2.4819  loss_itm: 0.0510  loss_lm: 3.4280  time: 1.5187  data: 0.4709  max mem: 23567
Train Epoch: [31]  [ 50/285]  eta: 0:03:53  lr: 0.000001  loss_ita: 2.7143  loss_itm: 0.0524  loss_lm: 4.0993  time: 0.9731  data: 0.0001  max mem: 23567
Train Epoch: [31]  [100/285]  eta: 0:03:01  lr: 0.000001  loss_ita: 3.3853  loss_itm: 0.1896  loss_lm: 3.6906  time: 0.9543  data: 0.0001  max mem: 23567
Train Epoch: [31]  [150/285]  eta: 0:02:12  lr: 0.000001  loss_ita: 4.1337  loss_itm: 0.2760  loss_lm: 3.4650  time: 0.9633  data: 0.0001  max mem: 23567
Train Epoch: [31]  [200/285]  eta: 0:01:23  lr: 0.000001  loss_ita: 3.9861  loss_itm: 0.2226  loss_lm: 3.7794  time: 0.9949  data: 0.0001  max mem: 23567
Train Epoch: [31]  [250/285]  eta: 0:00:34  lr: 0.000001  loss_ita: 2.9704  loss_itm: 0.3501  loss_lm: 3.4043  time: 0.9915  data: 0.0001  max mem: 23567
Train Epoch: [31]  [284/285]  eta: 0:00:00  lr: 0.000001  loss_ita: 3.4487  loss_itm: 0.1324  loss_lm: 3.5479  time: 0.9395  data: 0.0001  max mem: 23567
Train Epoch: [31] Total time: 0:04:39 (0.9796 s / it)
Averaged stats: lr: 0.0000  loss_ita: 3.5114  loss_itm: 0.1841  loss_lm: 3.5273
Train Epoch: [32]  [  0/285]  eta: 0:07:12  lr: 0.000001  loss_ita: 3.7919  loss_itm: 0.4637  loss_lm: 3.6776  time: 1.5187  data: 0.4811  max mem: 23567
Train Epoch: [32]  [ 50/285]  eta: 0:03:47  lr: 0.000001  loss_ita: 3.8093  loss_itm: 0.1614  loss_lm: 3.4042  time: 0.9361  data: 0.0001  max mem: 23567
Train Epoch: [32]  [100/285]  eta: 0:03:00  lr: 0.000001  loss_ita: 3.5924  loss_itm: 0.1452  loss_lm: 3.8244  time: 0.9943  data: 0.0001  max mem: 23567
Train Epoch: [32]  [150/285]  eta: 0:02:10  lr: 0.000001  loss_ita: 4.4935  loss_itm: 0.2440  loss_lm: 3.5375  time: 1.0010  data: 0.0001  max mem: 23567
Train Epoch: [32]  [200/285]  eta: 0:01:22  lr: 0.000001  loss_ita: 4.0754  loss_itm: 0.4680  loss_lm: 3.3787  time: 1.0187  data: 0.0001  max mem: 23567
Train Epoch: [32]  [250/285]  eta: 0:00:34  lr: 0.000001  loss_ita: 4.5864  loss_itm: 0.1337  loss_lm: 3.2339  time: 0.9842  data: 0.0001  max mem: 23567
Train Epoch: [32]  [284/285]  eta: 0:00:00  lr: 0.000001  loss_ita: 3.9493  loss_itm: 0.1881  loss_lm: 2.9751  time: 0.9348  data: 0.0001  max mem: 23567
Train Epoch: [32] Total time: 0:04:37 (0.9730 s / it)
Averaged stats: lr: 0.0000  loss_ita: 3.5377  loss_itm: 0.1785  loss_lm: 3.5250
Train Epoch: [33]  [  0/285]  eta: 0:07:48  lr: 0.000001  loss_ita: 2.7543  loss_itm: 0.1686  loss_lm: 3.9620  time: 1.6430  data: 0.4600  max mem: 23567
Train Epoch: [33]  [ 50/285]  eta: 0:03:54  lr: 0.000001  loss_ita: 4.2142  loss_itm: 0.0789  loss_lm: 3.2129  time: 0.9660  data: 0.0001  max mem: 23567
Train Epoch: [33]  [100/285]  eta: 0:03:02  lr: 0.000001  loss_ita: 3.3237  loss_itm: 0.1711  loss_lm: 3.2212  time: 0.9866  data: 0.0001  max mem: 23567
Train Epoch: [33]  [150/285]  eta: 0:02:12  lr: 0.000001  loss_ita: 2.6768  loss_itm: 0.0941  loss_lm: 3.8240  time: 0.9757  data: 0.0001  max mem: 23567
Train Epoch: [33]  [200/285]  eta: 0:01:22  lr: 0.000001  loss_ita: 2.6555  loss_itm: 0.0271  loss_lm: 3.9244  time: 0.9835  data: 0.0001  max mem: 23567
Train Epoch: [33]  [250/285]  eta: 0:00:34  lr: 0.000001  loss_ita: 3.7549  loss_itm: 0.2913  loss_lm: 3.2486  time: 0.9765  data: 0.0001  max mem: 23567
Train Epoch: [33]  [284/285]  eta: 0:00:00  lr: 0.000001  loss_ita: 2.6969  loss_itm: 0.1161  loss_lm: 3.5308  time: 0.9717  data: 0.0001  max mem: 23567
Train Epoch: [33] Total time: 0:04:37 (0.9744 s / it)
Averaged stats: lr: 0.0000  loss_ita: 3.4636  loss_itm: 0.1794  loss_lm: 3.5238
Train Epoch: [34]  [  0/285]  eta: 0:06:53  lr: 0.000001  loss_ita: 2.7078  loss_itm: 0.3562  loss_lm: 3.6304  time: 1.4525  data: 0.4854  max mem: 23567
Train Epoch: [34]  [ 50/285]  eta: 0:03:49  lr: 0.000001  loss_ita: 3.4373  loss_itm: 0.2485  loss_lm: 2.9842  time: 0.9506  data: 0.0001  max mem: 23567
Train Epoch: [34]  [100/285]  eta: 0:03:03  lr: 0.000001  loss_ita: 4.5067  loss_itm: 0.2599  loss_lm: 3.8257  time: 0.9934  data: 0.0001  max mem: 23567
Train Epoch: [34]  [150/285]  eta: 0:02:13  lr: 0.000001  loss_ita: 4.3001  loss_itm: 0.2586  loss_lm: 3.2502  time: 0.9506  data: 0.0001  max mem: 23567
Train Epoch: [34]  [200/285]  eta: 0:01:23  lr: 0.000001  loss_ita: 3.8902  loss_itm: 0.3381  loss_lm: 3.4675  time: 0.9485  data: 0.0001  max mem: 23567
Train Epoch: [34]  [250/285]  eta: 0:00:34  lr: 0.000001  loss_ita: 1.9627  loss_itm: 0.0487  loss_lm: 3.6979  time: 0.9947  data: 0.0001  max mem: 23567
Train Epoch: [34]  [284/285]  eta: 0:00:00  lr: 0.000001  loss_ita: 2.9165  loss_itm: 0.0311  loss_lm: 3.7931  time: 0.9768  data: 0.0001  max mem: 23567
Train Epoch: [34] Total time: 0:04:40 (0.9854 s / it)
Averaged stats: lr: 0.0000  loss_ita: 3.4395  loss_itm: 0.1748  loss_lm: 3.5243
Train Epoch: [35]  [  0/285]  eta: 0:07:28  lr: 0.000001  loss_ita: 2.9220  loss_itm: 0.0695  loss_lm: 3.7062  time: 1.5739  data: 0.4596  max mem: 23567
Train Epoch: [35]  [ 50/285]  eta: 0:03:52  lr: 0.000001  loss_ita: 3.9213  loss_itm: 0.4418  loss_lm: 3.3011  time: 1.0286  data: 0.0002  max mem: 23571
Train Epoch: [35]  [100/285]  eta: 0:03:00  lr: 0.000001  loss_ita: 3.5193  loss_itm: 0.1322  loss_lm: 3.5073  time: 0.9423  data: 0.0002  max mem: 23578
Train Epoch: [35]  [150/285]  eta: 0:02:12  lr: 0.000001  loss_ita: 2.3642  loss_itm: 0.0455  loss_lm: 3.7993  time: 0.9544  data: 0.0001  max mem: 23578
Train Epoch: [35]  [200/285]  eta: 0:01:23  lr: 0.000001  loss_ita: 3.5122  loss_itm: 0.1772  loss_lm: 3.5279  time: 0.9313  data: 0.0001  max mem: 23578
Train Epoch: [35]  [250/285]  eta: 0:00:34  lr: 0.000001  loss_ita: 3.4847  loss_itm: 0.2054  loss_lm: 3.2069  time: 0.9479  data: 0.0001  max mem: 23578
Train Epoch: [35]  [284/285]  eta: 0:00:00  lr: 0.000001  loss_ita: 3.0014  loss_itm: 0.1441  loss_lm: 3.6075  time: 1.0064  data: 0.0001  max mem: 23578
Train Epoch: [35] Total time: 0:04:40 (0.9843 s / it)
Averaged stats: lr: 0.0000  loss_ita: 3.4112  loss_itm: 0.1791  loss_lm: 3.5243
Train Epoch: [36]  [  0/285]  eta: 0:07:41  lr: 0.000001  loss_ita: 3.4467  loss_itm: 0.1615  loss_lm: 3.4911  time: 1.6204  data: 0.5178  max mem: 23578
Train Epoch: [36]  [ 50/285]  eta: 0:03:51  lr: 0.000001  loss_ita: 2.8033  loss_itm: 0.0706  loss_lm: 3.3157  time: 1.0197  data: 0.0002  max mem: 23578
Train Epoch: [36]  [100/285]  eta: 0:02:59  lr: 0.000001  loss_ita: 2.7615  loss_itm: 0.1823  loss_lm: 3.3285  time: 0.9398  data: 0.0002  max mem: 23578
Train Epoch: [36]  [150/285]  eta: 0:02:11  lr: 0.000001  loss_ita: 2.6086  loss_itm: 0.0498  loss_lm: 3.6970  time: 0.9855  data: 0.0002  max mem: 23578
Train Epoch: [36]  [200/285]  eta: 0:01:22  lr: 0.000001  loss_ita: 3.1129  loss_itm: 0.0609  loss_lm: 3.5514  time: 1.0133  data: 0.0001  max mem: 23578
Train Epoch: [36]  [250/285]  eta: 0:00:34  lr: 0.000001  loss_ita: 3.1285  loss_itm: 0.0750  loss_lm: 3.8647  time: 0.9877  data: 0.0002  max mem: 23578
Train Epoch: [36]  [284/285]  eta: 0:00:00  lr: 0.000001  loss_ita: 3.8322  loss_itm: 0.1300  loss_lm: 3.0609  time: 0.9820  data: 0.0002  max mem: 23578
Train Epoch: [36] Total time: 0:04:37 (0.9724 s / it)
Averaged stats: lr: 0.0000  loss_ita: 3.4145  loss_itm: 0.1739  loss_lm: 3.5198
Train Epoch: [37]  [  0/285]  eta: 0:07:32  lr: 0.000001  loss_ita: 3.3495  loss_itm: 0.1050  loss_lm: 4.0247  time: 1.5890  data: 0.4822  max mem: 23578
Train Epoch: [37]  [ 50/285]  eta: 0:03:49  lr: 0.000001  loss_ita: 3.0843  loss_itm: 0.1304  loss_lm: 3.3479  time: 0.9521  data: 0.0001  max mem: 23578
Train Epoch: [37]  [100/285]  eta: 0:03:00  lr: 0.000001  loss_ita: 3.9189  loss_itm: 0.2453  loss_lm: 3.5496  time: 0.9529  data: 0.0001  max mem: 23578
Train Epoch: [37]  [150/285]  eta: 0:02:12  lr: 0.000001  loss_ita: 3.0484  loss_itm: 0.0577  loss_lm: 3.2508  time: 0.9610  data: 0.0002  max mem: 23578
Train Epoch: [37]  [200/285]  eta: 0:01:22  lr: 0.000001  loss_ita: 2.9384  loss_itm: 0.0669  loss_lm: 3.3196  time: 0.9566  data: 0.0001  max mem: 23578
Train Epoch: [37]  [250/285]  eta: 0:00:34  lr: 0.000001  loss_ita: 3.0333  loss_itm: 0.0996  loss_lm: 3.9098  time: 0.9348  data: 0.0002  max mem: 23578
Train Epoch: [37]  [284/285]  eta: 0:00:00  lr: 0.000001  loss_ita: 3.6087  loss_itm: 0.0970  loss_lm: 3.2293  time: 0.9753  data: 0.0002  max mem: 23578
Train Epoch: [37] Total time: 0:04:38 (0.9756 s / it)
Averaged stats: lr: 0.0000  loss_ita: 3.5151  loss_itm: 0.1753  loss_lm: 3.5174
Train Epoch: [38]  [  0/285]  eta: 0:07:20  lr: 0.000001  loss_ita: 3.7093  loss_itm: 0.1289  loss_lm: 3.2315  time: 1.5449  data: 0.4957  max mem: 23578
Train Epoch: [38]  [ 50/285]  eta: 0:04:00  lr: 0.000001  loss_ita: 3.1392  loss_itm: 0.2006  loss_lm: 3.2629  time: 1.0214  data: 0.0002  max mem: 23578
Train Epoch: [38]  [100/285]  eta: 0:03:04  lr: 0.000001  loss_ita: 3.6404  loss_itm: 0.4495  loss_lm: 3.4900  time: 1.0043  data: 0.0001  max mem: 23578
Train Epoch: [38]  [150/285]  eta: 0:02:12  lr: 0.000001  loss_ita: 3.2275  loss_itm: 0.0902  loss_lm: 3.4028  time: 0.9962  data: 0.0001  max mem: 23578
Train Epoch: [38]  [200/285]  eta: 0:01:23  lr: 0.000001  loss_ita: 3.2321  loss_itm: 0.2310  loss_lm: 3.2974  time: 1.0106  data: 0.0002  max mem: 23578
Train Epoch: [38]  [250/285]  eta: 0:00:34  lr: 0.000001  loss_ita: 3.7335  loss_itm: 0.2111  loss_lm: 3.3259  time: 0.9984  data: 0.0002  max mem: 23578
Train Epoch: [38]  [284/285]  eta: 0:00:00  lr: 0.000001  loss_ita: 2.9731  loss_itm: 0.1480  loss_lm: 4.0312  time: 0.9442  data: 0.0002  max mem: 23578
Train Epoch: [38] Total time: 0:04:39 (0.9804 s / it)
Averaged stats: lr: 0.0000  loss_ita: 3.4156  loss_itm: 0.1744  loss_lm: 3.5144
Train Epoch: [39]  [  0/285]  eta: 0:07:24  lr: 0.000001  loss_ita: 4.1388  loss_itm: 0.2845  loss_lm: 3.6263  time: 1.5613  data: 0.4769  max mem: 23578
Train Epoch: [39]  [ 50/285]  eta: 0:03:50  lr: 0.000001  loss_ita: 2.8364  loss_itm: 0.3077  loss_lm: 3.5885  time: 0.9392  data: 0.0002  max mem: 23578
Train Epoch: [39]  [100/285]  eta: 0:03:02  lr: 0.000001  loss_ita: 3.4386  loss_itm: 0.1681  loss_lm: 3.5270  time: 0.9767  data: 0.0002  max mem: 23578
Train Epoch: [39]  [150/285]  eta: 0:02:13  lr: 0.000001  loss_ita: 3.7467  loss_itm: 0.2756  loss_lm: 3.8300  time: 0.9840  data: 0.0001  max mem: 23578
Train Epoch: [39]  [200/285]  eta: 0:01:23  lr: 0.000001  loss_ita: 2.6105  loss_itm: 0.0945  loss_lm: 3.2953  time: 0.9899  data: 0.0001  max mem: 23578
Train Epoch: [39]  [250/285]  eta: 0:00:34  lr: 0.000001  loss_ita: 4.0572  loss_itm: 0.3673  loss_lm: 3.7726  time: 0.9326  data: 0.0002  max mem: 23578
Train Epoch: [39]  [284/285]  eta: 0:00:00  lr: 0.000001  loss_ita: 3.3731  loss_itm: 0.1609  loss_lm: 3.5440  time: 0.9935  data: 0.0002  max mem: 23578
Train Epoch: [39] Total time: 0:04:39 (0.9806 s / it)
Averaged stats: lr: 0.0000  loss_ita: 3.3236  loss_itm: 0.1729  loss_lm: 3.5165
Train Epoch: [40]  [  0/285]  eta: 0:07:22  lr: 0.000001  loss_ita: 2.4930  loss_itm: 0.0680  loss_lm: 3.5695  time: 1.5542  data: 0.4550  max mem: 23578
Train Epoch: [40]  [ 50/285]  eta: 0:03:48  lr: 0.000001  loss_ita: 3.9919  loss_itm: 0.2876  loss_lm: 3.5430  time: 0.9731  data: 0.0002  max mem: 23578
Train Epoch: [40]  [100/285]  eta: 0:02:58  lr: 0.000001  loss_ita: 3.7921  loss_itm: 0.1966  loss_lm: 3.5609  time: 0.9775  data: 0.0002  max mem: 23578
Train Epoch: [40]  [150/285]  eta: 0:02:10  lr: 0.000001  loss_ita: 2.9151  loss_itm: 0.1122  loss_lm: 3.7485  time: 0.9904  data: 0.0002  max mem: 23578
Train Epoch: [40]  [200/285]  eta: 0:01:22  lr: 0.000001  loss_ita: 3.2181  loss_itm: 0.0854  loss_lm: 3.8500  time: 0.9539  data: 0.0002  max mem: 23578
Train Epoch: [40]  [250/285]  eta: 0:00:33  lr: 0.000001  loss_ita: 3.5823  loss_itm: 0.0875  loss_lm: 3.2943  time: 0.9376  data: 0.0002  max mem: 23578
Train Epoch: [40]  [284/285]  eta: 0:00:00  lr: 0.000001  loss_ita: 4.0115  loss_itm: 0.1967  loss_lm: 3.5005  time: 0.9726  data: 0.0001  max mem: 23578
Train Epoch: [40] Total time: 0:04:37 (0.9732 s / it)
Averaged stats: lr: 0.0000  loss_ita: 3.3338  loss_itm: 0.1677  loss_lm: 3.5131
Train Epoch: [41]  [  0/285]  eta: 0:07:47  lr: 0.000001  loss_ita: 3.7539  loss_itm: 0.1196  loss_lm: 3.3941  time: 1.6392  data: 0.6323  max mem: 23578
Train Epoch: [41]  [ 50/285]  eta: 0:03:52  lr: 0.000001  loss_ita: 3.6566  loss_itm: 0.2269  loss_lm: 3.0443  time: 0.9535  data: 0.0002  max mem: 23578
Train Epoch: [41]  [100/285]  eta: 0:03:03  lr: 0.000001  loss_ita: 3.1004  loss_itm: 0.1699  loss_lm: 3.2910  time: 0.9860  data: 0.0001  max mem: 23578
Train Epoch: [41]  [150/285]  eta: 0:02:12  lr: 0.000001  loss_ita: 3.1070  loss_itm: 0.2839  loss_lm: 3.7853  time: 0.9694  data: 0.0001  max mem: 23578
Train Epoch: [41]  [200/285]  eta: 0:01:23  lr: 0.000001  loss_ita: 3.8411  loss_itm: 0.2225  loss_lm: 3.4248  time: 0.9525  data: 0.0001  max mem: 23578
Train Epoch: [41]  [250/285]  eta: 0:00:34  lr: 0.000001  loss_ita: 3.3454  loss_itm: 0.1238  loss_lm: 3.3874  time: 0.9663  data: 0.0001  max mem: 23578
Train Epoch: [41]  [284/285]  eta: 0:00:00  lr: 0.000001  loss_ita: 2.8561  loss_itm: 0.0603  loss_lm: 3.4967  time: 0.9887  data: 0.0002  max mem: 23578
Train Epoch: [41] Total time: 0:04:39 (0.9809 s / it)
Averaged stats: lr: 0.0000  loss_ita: 3.3682  loss_itm: 0.1736  loss_lm: 3.5104
Train Epoch: [42]  [  0/285]  eta: 0:07:24  lr: 0.000001  loss_ita: 3.0125  loss_itm: 0.1873  loss_lm: 3.5003  time: 1.5608  data: 0.6221  max mem: 23578
Train Epoch: [42]  [ 50/285]  eta: 0:03:48  lr: 0.000001  loss_ita: 3.2178  loss_itm: 0.0463  loss_lm: 3.6248  time: 0.9233  data: 0.0001  max mem: 23578
Train Epoch: [42]  [100/285]  eta: 0:02:59  lr: 0.000001  loss_ita: 3.4286  loss_itm: 0.1975  loss_lm: 3.6357  time: 0.9546  data: 0.0001  max mem: 23578
Train Epoch: [42]  [150/285]  eta: 0:02:11  lr: 0.000001  loss_ita: 4.4966  loss_itm: 0.3666  loss_lm: 3.2481  time: 0.9718  data: 0.0002  max mem: 23578
Train Epoch: [42]  [200/285]  eta: 0:01:22  lr: 0.000001  loss_ita: 3.1491  loss_itm: 0.0394  loss_lm: 3.4343  time: 0.9323  data: 0.0002  max mem: 23578
Train Epoch: [42]  [250/285]  eta: 0:00:34  lr: 0.000001  loss_ita: 3.8524  loss_itm: 0.1677  loss_lm: 3.5641  time: 0.9304  data: 0.0001  max mem: 23578
Train Epoch: [42]  [284/285]  eta: 0:00:00  lr: 0.000001  loss_ita: 4.2994  loss_itm: 0.3053  loss_lm: 3.2876  time: 0.9768  data: 0.0001  max mem: 23578
Train Epoch: [42] Total time: 0:04:37 (0.9744 s / it)
Averaged stats: lr: 0.0000  loss_ita: 3.3988  loss_itm: 0.1665  loss_lm: 3.5105
Train Epoch: [43]  [  0/285]  eta: 0:07:38  lr: 0.000001  loss_ita: 2.8785  loss_itm: 0.2206  loss_lm: 3.3313  time: 1.6089  data: 0.6283  max mem: 23578
Train Epoch: [43]  [ 50/285]  eta: 0:03:52  lr: 0.000001  loss_ita: 3.3128  loss_itm: 0.2048  loss_lm: 3.7768  time: 0.9895  data: 0.0001  max mem: 23578
Train Epoch: [43]  [100/285]  eta: 0:03:01  lr: 0.000001  loss_ita: 2.2203  loss_itm: 0.1316  loss_lm: 3.3844  time: 0.9814  data: 0.0001  max mem: 23578
Train Epoch: [43]  [150/285]  eta: 0:02:12  lr: 0.000001  loss_ita: 2.5007  loss_itm: 0.0221  loss_lm: 3.6323  time: 0.9498  data: 0.0001  max mem: 23578
Train Epoch: [43]  [200/285]  eta: 0:01:22  lr: 0.000001  loss_ita: 3.7048  loss_itm: 0.1618  loss_lm: 3.3071  time: 0.9309  data: 0.0001  max mem: 23578
Train Epoch: [43]  [250/285]  eta: 0:00:34  lr: 0.000001  loss_ita: 2.8381  loss_itm: 0.0735  loss_lm: 3.3249  time: 0.9598  data: 0.0001  max mem: 23578
Train Epoch: [43]  [284/285]  eta: 0:00:00  lr: 0.000001  loss_ita: 3.8933  loss_itm: 0.2969  loss_lm: 3.8630  time: 0.9823  data: 0.0001  max mem: 23578
Train Epoch: [43] Total time: 0:04:38 (0.9760 s / it)
Averaged stats: lr: 0.0000  loss_ita: 3.3354  loss_itm: 0.1671  loss_lm: 3.5069
Train Epoch: [44]  [  0/285]  eta: 0:07:32  lr: 0.000001  loss_ita: 3.7267  loss_itm: 0.2825  loss_lm: 3.9710  time: 1.5889  data: 0.6462  max mem: 23578
Train Epoch: [44]  [ 50/285]  eta: 0:03:53  lr: 0.000001  loss_ita: 2.8395  loss_itm: 0.1826  loss_lm: 3.6788  time: 1.0026  data: 0.0001  max mem: 23578
Train Epoch: [44]  [100/285]  eta: 0:03:03  lr: 0.000001  loss_ita: 2.2946  loss_itm: 0.0313  loss_lm: 3.8374  time: 1.0493  data: 0.0001  max mem: 23578
Train Epoch: [44]  [150/285]  eta: 0:02:13  lr: 0.000001  loss_ita: 3.7210  loss_itm: 0.1475  loss_lm: 3.3639  time: 0.9896  data: 0.0001  max mem: 23578
Train Epoch: [44]  [200/285]  eta: 0:01:23  lr: 0.000001  loss_ita: 3.2660  loss_itm: 0.2042  loss_lm: 3.3604  time: 0.9781  data: 0.0001  max mem: 23578
Train Epoch: [44]  [250/285]  eta: 0:00:34  lr: 0.000001  loss_ita: 3.9413  loss_itm: 0.2294  loss_lm: 3.3838  time: 0.9938  data: 0.0001  max mem: 23578
Train Epoch: [44]  [284/285]  eta: 0:00:00  lr: 0.000001  loss_ita: 3.6983  loss_itm: 0.1859  loss_lm: 3.2434  time: 0.9718  data: 0.0001  max mem: 23578
Train Epoch: [44] Total time: 0:04:40 (0.9835 s / it)
Averaged stats: lr: 0.0000  loss_ita: 3.2473  loss_itm: 0.1651  loss_lm: 3.5060
Train Epoch: [45]  [  0/285]  eta: 0:07:36  lr: 0.000001  loss_ita: 3.1802  loss_itm: 0.1415  loss_lm: 3.1746  time: 1.6023  data: 0.6213  max mem: 23578
Train Epoch: [45]  [ 50/285]  eta: 0:03:50  lr: 0.000001  loss_ita: 3.4310  loss_itm: 0.3272  loss_lm: 3.4884  time: 0.9268  data: 0.0002  max mem: 23578
Train Epoch: [45]  [100/285]  eta: 0:03:02  lr: 0.000001  loss_ita: 3.4768  loss_itm: 0.2468  loss_lm: 3.4431  time: 0.9743  data: 0.0001  max mem: 23578
Train Epoch: [45]  [150/285]  eta: 0:02:12  lr: 0.000001  loss_ita: 3.9725  loss_itm: 0.2495  loss_lm: 3.1494  time: 0.9952  data: 0.0001  max mem: 23578
Train Epoch: [45]  [200/285]  eta: 0:01:23  lr: 0.000001  loss_ita: 4.5087  loss_itm: 0.2502  loss_lm: 3.3712  time: 0.9506  data: 0.0001  max mem: 23578
Train Epoch: [45]  [250/285]  eta: 0:00:34  lr: 0.000001  loss_ita: 3.9011  loss_itm: 0.0500  loss_lm: 3.1560  time: 0.9962  data: 0.0001  max mem: 23579
Train Epoch: [45]  [284/285]  eta: 0:00:00  lr: 0.000001  loss_ita: 4.0560  loss_itm: 0.3149  loss_lm: 3.4698  time: 0.9975  data: 0.0001  max mem: 23579
Train Epoch: [45] Total time: 0:04:39 (0.9807 s / it)
Averaged stats: lr: 0.0000  loss_ita: 3.2705  loss_itm: 0.1685  loss_lm: 3.5048
Train Epoch: [46]  [  0/285]  eta: 0:07:39  lr: 0.000001  loss_ita: 3.7151  loss_itm: 0.1426  loss_lm: 3.5887  time: 1.6122  data: 0.6388  max mem: 23579
Train Epoch: [46]  [ 50/285]  eta: 0:03:52  lr: 0.000001  loss_ita: 2.5714  loss_itm: 0.0475  loss_lm: 3.0824  time: 0.9718  data: 0.0001  max mem: 23579
Train Epoch: [46]  [100/285]  eta: 0:03:01  lr: 0.000001  loss_ita: 3.4758  loss_itm: 0.2644  loss_lm: 3.3161  time: 0.9847  data: 0.0001  max mem: 23579
Train Epoch: [46]  [150/285]  eta: 0:02:11  lr: 0.000001  loss_ita: 3.1222  loss_itm: 0.0772  loss_lm: 3.9698  time: 0.9376  data: 0.0001  max mem: 23580
Train Epoch: [46]  [200/285]  eta: 0:01:23  lr: 0.000001  loss_ita: 2.7798  loss_itm: 0.1232  loss_lm: 3.2478  time: 0.9639  data: 0.0001  max mem: 23580
Train Epoch: [46]  [250/285]  eta: 0:00:34  lr: 0.000001  loss_ita: 2.8305  loss_itm: 0.1009  loss_lm: 3.4521  time: 0.9875  data: 0.0001  max mem: 23580
Train Epoch: [46]  [284/285]  eta: 0:00:00  lr: 0.000001  loss_ita: 4.1537  loss_itm: 0.2266  loss_lm: 3.6117  time: 1.0039  data: 0.0001  max mem: 23580
Train Epoch: [46] Total time: 0:04:38 (0.9776 s / it)
Averaged stats: lr: 0.0000  loss_ita: 3.3189  loss_itm: 0.1630  loss_lm: 3.5050
Train Epoch: [47]  [  0/285]  eta: 0:07:18  lr: 0.000001  loss_ita: 4.2176  loss_itm: 0.1488  loss_lm: 3.4171  time: 1.5385  data: 0.6133  max mem: 23580
Train Epoch: [47]  [ 50/285]  eta: 0:03:50  lr: 0.000001  loss_ita: 2.9993  loss_itm: 0.1578  loss_lm: 3.5373  time: 0.9925  data: 0.0001  max mem: 23580
Train Epoch: [47]  [100/285]  eta: 0:03:01  lr: 0.000001  loss_ita: 3.3443  loss_itm: 0.2372  loss_lm: 3.1112  time: 0.9927  data: 0.0001  max mem: 23580
Train Epoch: [47]  [150/285]  eta: 0:02:12  lr: 0.000001  loss_ita: 3.4063  loss_itm: 0.1467  loss_lm: 3.5562  time: 0.9314  data: 0.0001  max mem: 23580
Train Epoch: [47]  [200/285]  eta: 0:01:23  lr: 0.000001  loss_ita: 2.4970  loss_itm: 0.1970  loss_lm: 3.6522  time: 0.9545  data: 0.0001  max mem: 23580
Train Epoch: [47]  [250/285]  eta: 0:00:34  lr: 0.000001  loss_ita: 1.9540  loss_itm: 0.0326  loss_lm: 3.6694  time: 0.9792  data: 0.0001  max mem: 23581
Train Epoch: [47]  [284/285]  eta: 0:00:00  lr: 0.000001  loss_ita: 3.5819  loss_itm: 0.2596  loss_lm: 3.1094  time: 1.0258  data: 0.0001  max mem: 23581
Train Epoch: [47] Total time: 0:04:39 (0.9825 s / it)
Averaged stats: lr: 0.0000  loss_ita: 3.3055  loss_itm: 0.1648  loss_lm: 3.5018
Train Epoch: [48]  [  0/285]  eta: 0:07:56  lr: 0.000001  loss_ita: 2.1459  loss_itm: 0.0184  loss_lm: 3.2154  time: 1.6730  data: 0.6413  max mem: 23581
Train Epoch: [48]  [ 50/285]  eta: 0:03:53  lr: 0.000001  loss_ita: 3.1121  loss_itm: 0.1485  loss_lm: 3.4727  time: 0.9939  data: 0.0001  max mem: 23581
Train Epoch: [48]  [100/285]  eta: 0:03:01  lr: 0.000001  loss_ita: 3.6193  loss_itm: 0.1682  loss_lm: 3.3094  time: 0.9426  data: 0.0001  max mem: 23581
Train Epoch: [48]  [150/285]  eta: 0:02:12  lr: 0.000001  loss_ita: 2.9494  loss_itm: 0.1811  loss_lm: 3.3238  time: 0.9753  data: 0.0001  max mem: 23581
Train Epoch: [48]  [200/285]  eta: 0:01:23  lr: 0.000001  loss_ita: 3.9227  loss_itm: 0.1530  loss_lm: 3.0828  time: 0.9946  data: 0.0001  max mem: 23581
Train Epoch: [48]  [250/285]  eta: 0:00:34  lr: 0.000001  loss_ita: 4.0102  loss_itm: 0.2777  loss_lm: 3.3978  time: 0.9946  data: 0.0001  max mem: 23581
Train Epoch: [48]  [284/285]  eta: 0:00:00  lr: 0.000001  loss_ita: 2.9559  loss_itm: 0.1229  loss_lm: 3.7028  time: 0.9765  data: 0.0001  max mem: 23581
Train Epoch: [48] Total time: 0:04:39 (0.9801 s / it)
Averaged stats: lr: 0.0000  loss_ita: 3.2692  loss_itm: 0.1650  loss_lm: 3.4988
Train Epoch: [49]  [  0/285]  eta: 0:07:28  lr: 0.000001  loss_ita: 3.0561  loss_itm: 0.2627  loss_lm: 4.0762  time: 1.5748  data: 0.6287  max mem: 23581
Train Epoch: [49]  [ 50/285]  eta: 0:03:46  lr: 0.000001  loss_ita: 2.8920  loss_itm: 0.1395  loss_lm: 3.6324  time: 0.9596  data: 0.0001  max mem: 23581
Train Epoch: [49]  [100/285]  eta: 0:02:59  lr: 0.000001  loss_ita: 2.2696  loss_itm: 0.0328  loss_lm: 3.7883  time: 1.0005  data: 0.0001  max mem: 23581
Train Epoch: [49]  [150/285]  eta: 0:02:11  lr: 0.000001  loss_ita: 2.5493  loss_itm: 0.0675  loss_lm: 3.7378  time: 0.9960  data: 0.0001  max mem: 23581
Train Epoch: [49]  [200/285]  eta: 0:01:22  lr: 0.000001  loss_ita: 3.1365  loss_itm: 0.1200  loss_lm: 3.4850  time: 0.9744  data: 0.0001  max mem: 23581
Train Epoch: [49]  [250/285]  eta: 0:00:33  lr: 0.000001  loss_ita: 2.4487  loss_itm: 0.0441  loss_lm: 3.5690  time: 0.9544  data: 0.0001  max mem: 23581
Train Epoch: [49]  [284/285]  eta: 0:00:00  lr: 0.000001  loss_ita: 3.3259  loss_itm: 0.2195  loss_lm: 3.3506  time: 0.9974  data: 0.0001  max mem: 23581
Train Epoch: [49] Total time: 0:04:37 (0.9738 s / it)
Averaged stats: lr: 0.0000  loss_ita: 3.1817  loss_itm: 0.1604  loss_lm: 3.4996
Train Epoch: [50]  [  0/285]  eta: 0:07:02  lr: 0.000001  loss_ita: 2.5850  loss_itm: 0.0259  loss_lm: 2.9492  time: 1.4840  data: 0.6278  max mem: 23581
Train Epoch: [50]  [ 50/285]  eta: 0:03:47  lr: 0.000001  loss_ita: 3.5478  loss_itm: 0.2488  loss_lm: 3.3703  time: 0.9716  data: 0.0001  max mem: 23581
Train Epoch: [50]  [100/285]  eta: 0:02:59  lr: 0.000001  loss_ita: 2.8777  loss_itm: 0.2904  loss_lm: 3.2517  time: 0.9770  data: 0.0001  max mem: 23581
Train Epoch: [50]  [150/285]  eta: 0:02:11  lr: 0.000001  loss_ita: 3.0216  loss_itm: 0.1263  loss_lm: 3.6326  time: 0.9792  data: 0.0001  max mem: 23581
Train Epoch: [50]  [200/285]  eta: 0:01:22  lr: 0.000001  loss_ita: 2.4674  loss_itm: 0.0320  loss_lm: 3.4693  time: 0.9718  data: 0.0001  max mem: 23581
Train Epoch: [50]  [250/285]  eta: 0:00:34  lr: 0.000001  loss_ita: 2.6609  loss_itm: 0.0654  loss_lm: 3.7095  time: 0.9840  data: 0.0001  max mem: 23581
Train Epoch: [50]  [284/285]  eta: 0:00:00  lr: 0.000001  loss_ita: 3.0613  loss_itm: 0.0782  loss_lm: 3.8395  time: 0.9391  data: 0.0001  max mem: 23581
Train Epoch: [50] Total time: 0:04:36 (0.9715 s / it)
Averaged stats: lr: 0.0000  loss_ita: 3.2127  loss_itm: 0.1626  loss_lm: 3.4953
Train Epoch: [51]  [  0/285]  eta: 0:08:16  lr: 0.000001  loss_ita: 3.0911  loss_itm: 0.3265  loss_lm: 3.8103  time: 1.7408  data: 0.6316  max mem: 23581
Train Epoch: [51]  [ 50/285]  eta: 0:03:50  lr: 0.000001  loss_ita: 4.8377  loss_itm: 0.4163  loss_lm: 3.1814  time: 0.9552  data: 0.0001  max mem: 23583
Train Epoch: [51]  [100/285]  eta: 0:03:00  lr: 0.000001  loss_ita: 3.9673  loss_itm: 0.1921  loss_lm: 3.0924  time: 0.9510  data: 0.0001  max mem: 23583
Train Epoch: [51]  [150/285]  eta: 0:02:12  lr: 0.000001  loss_ita: 2.9026  loss_itm: 0.0797  loss_lm: 3.5753  time: 0.9765  data: 0.0001  max mem: 23583
Train Epoch: [51]  [200/285]  eta: 0:01:23  lr: 0.000001  loss_ita: 3.0165  loss_itm: 0.1990  loss_lm: 3.6358  time: 1.0118  data: 0.0001  max mem: 23583
Train Epoch: [51]  [250/285]  eta: 0:00:34  lr: 0.000001  loss_ita: 3.0343  loss_itm: 0.0855  loss_lm: 3.4540  time: 0.9862  data: 0.0001  max mem: 23583
Train Epoch: [51]  [284/285]  eta: 0:00:00  lr: 0.000001  loss_ita: 4.2128  loss_itm: 0.1288  loss_lm: 3.2674  time: 0.9773  data: 0.0001  max mem: 23583
Train Epoch: [51] Total time: 0:04:38 (0.9775 s / it)
Averaged stats: lr: 0.0000  loss_ita: 3.2671  loss_itm: 0.1550  loss_lm: 3.4967
Train Epoch: [52]  [  0/285]  eta: 0:07:36  lr: 0.000001  loss_ita: 2.7855  loss_itm: 0.0366  loss_lm: 3.4897  time: 1.6032  data: 0.6300  max mem: 23583
Train Epoch: [52]  [ 50/285]  eta: 0:03:54  lr: 0.000001  loss_ita: 2.7001  loss_itm: 0.3842  loss_lm: 3.4815  time: 0.9798  data: 0.0001  max mem: 23583
Train Epoch: [52]  [100/285]  eta: 0:03:02  lr: 0.000001  loss_ita: 3.0234  loss_itm: 0.1629  loss_lm: 3.6340  time: 0.9775  data: 0.0001  max mem: 23583
Train Epoch: [52]  [150/285]  eta: 0:02:12  lr: 0.000001  loss_ita: 3.0393  loss_itm: 0.1623  loss_lm: 3.4768  time: 0.9883  data: 0.0001  max mem: 23583
Train Epoch: [52]  [200/285]  eta: 0:01:22  lr: 0.000001  loss_ita: 2.3600  loss_itm: 0.0334  loss_lm: 3.6058  time: 0.9349  data: 0.0001  max mem: 23583
Train Epoch: [52]  [250/285]  eta: 0:00:34  lr: 0.000001  loss_ita: 2.9312  loss_itm: 0.0778  loss_lm: 3.6205  time: 0.9624  data: 0.0001  max mem: 23583
Train Epoch: [52]  [284/285]  eta: 0:00:00  lr: 0.000001  loss_ita: 3.8894  loss_itm: 0.2084  loss_lm: 4.0009  time: 0.9585  data: 0.0001  max mem: 23583
Train Epoch: [52] Total time: 0:04:37 (0.9725 s / it)
Averaged stats: lr: 0.0000  loss_ita: 3.2163  loss_itm: 0.1615  loss_lm: 3.4949
Train Epoch: [53]  [  0/285]  eta: 0:07:29  lr: 0.000001  loss_ita: 4.1451  loss_itm: 0.2621  loss_lm: 3.0071  time: 1.5763  data: 0.6227  max mem: 23583
Train Epoch: [53]  [ 50/285]  eta: 0:03:52  lr: 0.000001  loss_ita: 2.5948  loss_itm: 0.0382  loss_lm: 3.5587  time: 0.9965  data: 0.0001  max mem: 23583
Train Epoch: [53]  [100/285]  eta: 0:03:00  lr: 0.000001  loss_ita: 2.5520  loss_itm: 0.0471  loss_lm: 3.5882  time: 0.9707  data: 0.0001  max mem: 23583
Train Epoch: [53]  [150/285]  eta: 0:02:11  lr: 0.000001  loss_ita: 4.3316  loss_itm: 0.2622  loss_lm: 4.0162  time: 0.9848  data: 0.0001  max mem: 23583
Train Epoch: [53]  [200/285]  eta: 0:01:22  lr: 0.000001  loss_ita: 3.1316  loss_itm: 0.3906  loss_lm: 3.5006  time: 0.9354  data: 0.0001  max mem: 23583
Train Epoch: [53]  [250/285]  eta: 0:00:34  lr: 0.000001  loss_ita: 2.2992  loss_itm: 0.3342  loss_lm: 4.0906  time: 0.9923  data: 0.0001  max mem: 23583
Train Epoch: [53]  [284/285]  eta: 0:00:00  lr: 0.000001  loss_ita: 3.7916  loss_itm: 0.5392  loss_lm: 3.2314  time: 0.9865  data: 0.0001  max mem: 23583
Train Epoch: [53] Total time: 0:04:37 (0.9753 s / it)
Averaged stats: lr: 0.0000  loss_ita: 3.1706  loss_itm: 0.1624  loss_lm: 3.4921
Train Epoch: [54]  [  0/285]  eta: 0:07:26  lr: 0.000001  loss_ita: 3.7792  loss_itm: 0.1281  loss_lm: 3.4581  time: 1.5655  data: 0.6331  max mem: 23583
Train Epoch: [54]  [ 50/285]  eta: 0:03:52  lr: 0.000001  loss_ita: 2.8357  loss_itm: 0.0428  loss_lm: 3.8262  time: 0.9604  data: 0.0001  max mem: 23583
Train Epoch: [54]  [100/285]  eta: 0:03:01  lr: 0.000001  loss_ita: 3.2009  loss_itm: 0.1002  loss_lm: 3.4550  time: 0.9525  data: 0.0001  max mem: 23583
Train Epoch: [54]  [150/285]  eta: 0:02:11  lr: 0.000001  loss_ita: 2.5175  loss_itm: 0.2065  loss_lm: 3.3603  time: 0.9366  data: 0.0001  max mem: 23583
Train Epoch: [54]  [200/285]  eta: 0:01:22  lr: 0.000001  loss_ita: 2.3126  loss_itm: 0.0184  loss_lm: 3.9413  time: 0.9767  data: 0.0001  max mem: 23583
Train Epoch: [54]  [250/285]  eta: 0:00:33  lr: 0.000001  loss_ita: 2.6475  loss_itm: 0.0412  loss_lm: 3.2022  time: 0.9282  data: 0.0001  max mem: 23583
Train Epoch: [54]  [284/285]  eta: 0:00:00  lr: 0.000001  loss_ita: 3.5687  loss_itm: 0.1100  loss_lm: 3.1074  time: 0.9848  data: 0.0001  max mem: 23583
Train Epoch: [54] Total time: 0:04:37 (0.9726 s / it)
Averaged stats: lr: 0.0000  loss_ita: 3.1195  loss_itm: 0.1554  loss_lm: 3.4890
Train Epoch: [55]  [  0/285]  eta: 0:07:41  lr: 0.000001  loss_ita: 2.8375  loss_itm: 0.3387  loss_lm: 3.6239  time: 1.6197  data: 0.6176  max mem: 23583
Train Epoch: [55]  [ 50/285]  eta: 0:03:48  lr: 0.000001  loss_ita: 3.0779  loss_itm: 0.1508  loss_lm: 3.3521  time: 0.9833  data: 0.0001  max mem: 23586
Train Epoch: [55]  [100/285]  eta: 0:03:00  lr: 0.000001  loss_ita: 2.8607  loss_itm: 0.1232  loss_lm: 3.6962  time: 0.9869  data: 0.0001  max mem: 23589
Train Epoch: [55]  [150/285]  eta: 0:02:10  lr: 0.000001  loss_ita: 2.6581  loss_itm: 0.0746  loss_lm: 3.9634  time: 0.9688  data: 0.0001  max mem: 23589
Train Epoch: [55]  [200/285]  eta: 0:01:22  lr: 0.000001  loss_ita: 3.0838  loss_itm: 0.1337  loss_lm: 3.9467  time: 0.9491  data: 0.0001  max mem: 23589
Train Epoch: [55]  [250/285]  eta: 0:00:33  lr: 0.000001  loss_ita: 3.0900  loss_itm: 0.1177  loss_lm: 3.4409  time: 0.9873  data: 0.0001  max mem: 23589
Train Epoch: [55]  [284/285]  eta: 0:00:00  lr: 0.000001  loss_ita: 3.2213  loss_itm: 0.0591  loss_lm: 3.5202  time: 0.9600  data: 0.0001  max mem: 23589
Train Epoch: [55] Total time: 0:04:36 (0.9717 s / it)
Averaged stats: lr: 0.0000  loss_ita: 3.1722  loss_itm: 0.1578  loss_lm: 3.4887
Train Epoch: [56]  [  0/285]  eta: 0:06:56  lr: 0.000001  loss_ita: 3.5024  loss_itm: 0.1094  loss_lm: 3.1143  time: 1.4626  data: 0.6351  max mem: 23589
Train Epoch: [56]  [ 50/285]  eta: 0:03:53  lr: 0.000001  loss_ita: 3.9569  loss_itm: 0.2663  loss_lm: 3.4976  time: 0.9794  data: 0.0001  max mem: 23589
Train Epoch: [56]  [100/285]  eta: 0:03:00  lr: 0.000001  loss_ita: 3.1457  loss_itm: 0.0447  loss_lm: 3.9062  time: 0.9645  data: 0.0001  max mem: 23589
Train Epoch: [56]  [150/285]  eta: 0:02:11  lr: 0.000001  loss_ita: 3.6538  loss_itm: 0.0844  loss_lm: 3.1955  time: 0.9225  data: 0.0001  max mem: 23589
Train Epoch: [56]  [200/285]  eta: 0:01:23  lr: 0.000001  loss_ita: 3.7477  loss_itm: 0.2139  loss_lm: 3.9574  time: 0.9703  data: 0.0001  max mem: 23589
Train Epoch: [56]  [250/285]  eta: 0:00:34  lr: 0.000001  loss_ita: 3.6424  loss_itm: 0.1402  loss_lm: 3.0884  time: 0.9427  data: 0.0001  max mem: 23589
Train Epoch: [56]  [284/285]  eta: 0:00:00  lr: 0.000001  loss_ita: 3.4469  loss_itm: 0.1003  loss_lm: 3.5156  time: 0.9869  data: 0.0001  max mem: 23589
Train Epoch: [56] Total time: 0:04:38 (0.9784 s / it)
Averaged stats: lr: 0.0000  loss_ita: 3.2081  loss_itm: 0.1535  loss_lm: 3.4868
Train Epoch: [57]  [  0/285]  eta: 0:07:28  lr: 0.000001  loss_ita: 3.8544  loss_itm: 0.2845  loss_lm: 3.4840  time: 1.5730  data: 0.6306  max mem: 23589
Train Epoch: [57]  [ 50/285]  eta: 0:03:52  lr: 0.000001  loss_ita: 4.0710  loss_itm: 0.2617  loss_lm: 3.7889  time: 0.9791  data: 0.0001  max mem: 23589
Train Epoch: [57]  [100/285]  eta: 0:03:00  lr: 0.000001  loss_ita: 2.1661  loss_itm: 0.0167  loss_lm: 3.7685  time: 0.9521  data: 0.0001  max mem: 23589
Train Epoch: [57]  [150/285]  eta: 0:02:12  lr: 0.000001  loss_ita: 2.7928  loss_itm: 0.0875  loss_lm: 3.6818  time: 1.0097  data: 0.0001  max mem: 23589
Train Epoch: [57]  [200/285]  eta: 0:01:22  lr: 0.000001  loss_ita: 2.9749  loss_itm: 0.2170  loss_lm: 3.2395  time: 0.9902  data: 0.0001  max mem: 23589
Train Epoch: [57]  [250/285]  eta: 0:00:34  lr: 0.000001  loss_ita: 3.3427  loss_itm: 0.1549  loss_lm: 3.1129  time: 0.9944  data: 0.0001  max mem: 23589
Train Epoch: [57]  [284/285]  eta: 0:00:00  lr: 0.000001  loss_ita: 3.7810  loss_itm: 0.1518  loss_lm: 3.4794  time: 0.9801  data: 0.0001  max mem: 23589
Train Epoch: [57] Total time: 0:04:37 (0.9752 s / it)
Averaged stats: lr: 0.0000  loss_ita: 3.1223  loss_itm: 0.1545  loss_lm: 3.4859
Train Epoch: [58]  [  0/285]  eta: 0:07:48  lr: 0.000001  loss_ita: 3.0352  loss_itm: 0.0540  loss_lm: 3.9446  time: 1.6441  data: 0.6437  max mem: 23589
Train Epoch: [58]  [ 50/285]  eta: 0:03:52  lr: 0.000001  loss_ita: 3.0796  loss_itm: 0.1118  loss_lm: 3.2144  time: 0.9858  data: 0.0001  max mem: 23589
Train Epoch: [58]  [100/285]  eta: 0:02:59  lr: 0.000001  loss_ita: 4.4498  loss_itm: 0.3043  loss_lm: 3.4736  time: 0.9215  data: 0.0001  max mem: 23589
Train Epoch: [58]  [150/285]  eta: 0:02:12  lr: 0.000001  loss_ita: 4.3127  loss_itm: 0.3110  loss_lm: 3.0348  time: 0.9701  data: 0.0001  max mem: 23590
Train Epoch: [58]  [200/285]  eta: 0:01:23  lr: 0.000001  loss_ita: 2.9370  loss_itm: 0.2802  loss_lm: 3.4578  time: 0.9679  data: 0.0001  max mem: 23590
Train Epoch: [58]  [250/285]  eta: 0:00:34  lr: 0.000001  loss_ita: 3.6114  loss_itm: 0.1332  loss_lm: 3.3859  time: 0.9693  data: 0.0001  max mem: 23591
Train Epoch: [58]  [284/285]  eta: 0:00:00  lr: 0.000001  loss_ita: 3.1039  loss_itm: 0.2064  loss_lm: 3.2655  time: 1.0389  data: 0.0001  max mem: 23591
Train Epoch: [58] Total time: 0:04:39 (0.9820 s / it)
Averaged stats: lr: 0.0000  loss_ita: 3.0985  loss_itm: 0.1561  loss_lm: 3.4826
Train Epoch: [59]  [  0/285]  eta: 0:06:56  lr: 0.000001  loss_ita: 2.5063  loss_itm: 0.0623  loss_lm: 3.7926  time: 1.4629  data: 0.6140  max mem: 23591
Train Epoch: [59]  [ 50/285]  eta: 0:03:52  lr: 0.000001  loss_ita: 3.2269  loss_itm: 0.1955  loss_lm: 3.4454  time: 0.9556  data: 0.0001  max mem: 23591
Train Epoch: [59]  [100/285]  eta: 0:03:01  lr: 0.000001  loss_ita: 2.0079  loss_itm: 0.0266  loss_lm: 3.7070  time: 0.9929  data: 0.0001  max mem: 23591
Train Epoch: [59]  [150/285]  eta: 0:02:12  lr: 0.000001  loss_ita: 2.8867  loss_itm: 0.0348  loss_lm: 3.1357  time: 0.9496  data: 0.0001  max mem: 23591
Train Epoch: [59]  [200/285]  eta: 0:01:22  lr: 0.000001  loss_ita: 2.5978  loss_itm: 0.1543  loss_lm: 3.6577  time: 0.9575  data: 0.0001  max mem: 23591
Train Epoch: [59]  [250/285]  eta: 0:00:34  lr: 0.000001  loss_ita: 2.7277  loss_itm: 0.0741  loss_lm: 3.4331  time: 0.9663  data: 0.0001  max mem: 23591
Train Epoch: [59]  [284/285]  eta: 0:00:00  lr: 0.000001  loss_ita: 2.8085  loss_itm: 0.0866  loss_lm: 3.2058  time: 0.9913  data: 0.0001  max mem: 23591
Train Epoch: [59] Total time: 0:04:38 (0.9770 s / it)
Averaged stats: lr: 0.0000  loss_ita: 3.1166  loss_itm: 0.1551  loss_lm: 3.4837
Training time 4:40:21
