nohup: ignoring input
WARNING:__main__:
*****************************************
Setting OMP_NUM_THREADS environment variable for each process to be 1 in default, to avoid your system being overloaded, please further tune the variable for optimal performance in your application as needed. 
*****************************************
| distributed init (rank 2, word 4): env://
| distributed init (rank 0, word 4): env://
| distributed init (rank 1, word 4): env://
| distributed init (rank 3, word 4): env://
Creating dataset
loading /home/monajati/main/med/blip/med_data/med_captions_processed_25per.json
number of training samples: 9883
Creating model
/embeddings/word_embeddings is tied
/embeddings/position_embeddings is tied
/embeddings/LayerNorm is tied
/encoder/layer/0/crossattention/self/query is tied
/encoder/layer/0/crossattention/self/key is tied
/encoder/layer/0/crossattention/self/value is tied
/encoder/layer/0/crossattention/output/dense is tied
/encoder/layer/0/crossattention/output/LayerNorm is tied
/encoder/layer/0/intermediate/dense is tied
/encoder/layer/0/output/dense is tied
/encoder/layer/0/output/LayerNorm is tied
/encoder/layer/1/crossattention/self/query is tied
/encoder/layer/1/crossattention/self/key is tied
/encoder/layer/1/crossattention/self/value is tied
/encoder/layer/1/crossattention/output/dense is tied
/encoder/layer/1/crossattention/output/LayerNorm is tied
/encoder/layer/1/intermediate/dense is tied
/encoder/layer/1/output/dense is tied
/encoder/layer/1/output/LayerNorm is tied
/encoder/layer/2/crossattention/self/query is tied
/encoder/layer/2/crossattention/self/key is tied
/encoder/layer/2/crossattention/self/value is tied
/encoder/layer/2/crossattention/output/dense is tied
/encoder/layer/2/crossattention/output/LayerNorm is tied
/encoder/layer/2/intermediate/dense is tied
/encoder/layer/2/output/dense is tied
/encoder/layer/2/output/LayerNorm is tied
/encoder/layer/3/crossattention/self/query is tied
/encoder/layer/3/crossattention/self/key is tied
/encoder/layer/3/crossattention/self/value is tied
/encoder/layer/3/crossattention/output/dense is tied
/encoder/layer/3/crossattention/output/LayerNorm is tied
/encoder/layer/3/intermediate/dense is tied
/encoder/layer/3/output/dense is tied
/encoder/layer/3/output/LayerNorm is tied
/encoder/layer/4/crossattention/self/query is tied
/encoder/layer/4/crossattention/self/key is tied
/encoder/layer/4/crossattention/self/value is tied
/encoder/layer/4/crossattention/output/dense is tied
/encoder/layer/4/crossattention/output/LayerNorm is tied
/encoder/layer/4/intermediate/dense is tied
/encoder/layer/4/output/dense is tied
/encoder/layer/4/output/LayerNorm is tied
/encoder/layer/5/crossattention/self/query is tied
/encoder/layer/5/crossattention/self/key is tied
/encoder/layer/5/crossattention/self/value is tied
/encoder/layer/5/crossattention/output/dense is tied
/encoder/layer/5/crossattention/output/LayerNorm is tied
/encoder/layer/5/intermediate/dense is tied
/encoder/layer/5/output/dense is tied
/encoder/layer/5/output/LayerNorm is tied
/encoder/layer/6/crossattention/self/query is tied
/encoder/layer/6/crossattention/self/key is tied
/encoder/layer/6/crossattention/self/value is tied
/encoder/layer/6/crossattention/output/dense is tied
/encoder/layer/6/crossattention/output/LayerNorm is tied
/encoder/layer/6/intermediate/dense is tied
/encoder/layer/6/output/dense is tied
/encoder/layer/6/output/LayerNorm is tied
/encoder/layer/7/crossattention/self/query is tied
/encoder/layer/7/crossattention/self/key is tied
/encoder/layer/7/crossattention/self/value is tied
/encoder/layer/7/crossattention/output/dense is tied
/encoder/layer/7/crossattention/output/LayerNorm is tied
/encoder/layer/7/intermediate/dense is tied
/encoder/layer/7/output/dense is tied
/encoder/layer/7/output/LayerNorm is tied
/encoder/layer/8/crossattention/self/query is tied
/encoder/layer/8/crossattention/self/key is tied
/encoder/layer/8/crossattention/self/value is tied
/encoder/layer/8/crossattention/output/dense is tied
/encoder/layer/8/crossattention/output/LayerNorm is tied
/encoder/layer/8/intermediate/dense is tied
/encoder/layer/8/output/dense is tied
/encoder/layer/8/output/LayerNorm is tied
/encoder/layer/9/crossattention/self/query is tied
/encoder/layer/9/crossattention/self/key is tied
/encoder/layer/9/crossattention/self/value is tied
/encoder/layer/9/crossattention/output/dense is tied
/encoder/layer/9/crossattention/output/LayerNorm is tied
/encoder/layer/9/intermediate/dense is tied
/encoder/layer/9/output/dense is tied
/encoder/layer/9/output/LayerNorm is tied
/encoder/layer/10/crossattention/self/query is tied
/encoder/layer/10/crossattention/self/key is tied
/encoder/layer/10/crossattention/self/value is tied
/encoder/layer/10/crossattention/output/dense is tied
/encoder/layer/10/crossattention/output/LayerNorm is tied
/encoder/layer/10/intermediate/dense is tied
/encoder/layer/10/output/dense is tied
/encoder/layer/10/output/LayerNorm is tied
/encoder/layer/11/crossattention/self/query is tied
/encoder/layer/11/crossattention/self/key is tied
/encoder/layer/11/crossattention/self/value is tied
/encoder/layer/11/crossattention/output/dense is tied
/encoder/layer/11/crossattention/output/LayerNorm is tied
/encoder/layer/11/intermediate/dense is tied
/encoder/layer/11/output/dense is tied
/encoder/layer/11/output/LayerNorm is tied
resume checkpoint from /home/monajati/main/med/blip/model_base.pth
args.gpu 0
Start training
Train Epoch: [0]  [  0/247]  eta: 1:12:56  lr: 0.000001  loss_ita: 3.6092  loss_itm: 1.3975  loss_lm: 7.5976  time: 17.7180  data: 0.8582  max mem: 19695
Train Epoch: [0]  [ 50/247]  eta: 0:03:42  lr: 0.000006  loss_ita: 6.1082  loss_itm: 0.6038  loss_lm: 6.6015  time: 0.6225  data: 0.0001  max mem: 22663
Train Epoch: [0]  [100/247]  eta: 0:02:09  lr: 0.000011  loss_ita: 5.2088  loss_itm: 0.5726  loss_lm: 6.1107  time: 0.6247  data: 0.0001  max mem: 22663
Train Epoch: [0]  [150/247]  eta: 0:01:17  lr: 0.000015  loss_ita: 6.3744  loss_itm: 0.6004  loss_lm: 5.3804  time: 0.6268  data: 0.0001  max mem: 22663
Train Epoch: [0]  [200/247]  eta: 0:00:35  lr: 0.000020  loss_ita: 5.4144  loss_itm: 0.5322  loss_lm: 5.4111  time: 0.6267  data: 0.0001  max mem: 22663
Train Epoch: [0]  [246/247]  eta: 0:00:00  lr: 0.000025  loss_ita: 4.9813  loss_itm: 0.5454  loss_lm: 5.6444  time: 0.6281  data: 0.0001  max mem: 22663
Train Epoch: [0] Total time: 0:03:00 (0.7307 s / it)
Averaged stats: lr: 0.0000  loss_ita: 5.5058  loss_itm: 0.6312  loss_lm: 6.0631
Train Epoch: [1]  [  0/247]  eta: 0:04:42  lr: 0.000027  loss_ita: 5.7814  loss_itm: 0.6111  loss_lm: 5.2084  time: 1.1437  data: 0.4773  max mem: 22663
Train Epoch: [1]  [ 50/247]  eta: 0:02:06  lr: 0.000027  loss_ita: 5.4778  loss_itm: 0.6108  loss_lm: 5.4496  time: 0.6285  data: 0.0001  max mem: 22664
Train Epoch: [1]  [100/247]  eta: 0:01:33  lr: 0.000027  loss_ita: 5.1572  loss_itm: 0.4459  loss_lm: 4.9891  time: 0.6300  data: 0.0001  max mem: 22665
Train Epoch: [1]  [150/247]  eta: 0:01:01  lr: 0.000027  loss_ita: 5.7418  loss_itm: 0.5880  loss_lm: 4.5775  time: 0.6287  data: 0.0001  max mem: 22665
Train Epoch: [1]  [200/247]  eta: 0:00:29  lr: 0.000027  loss_ita: 5.2725  loss_itm: 0.4218  loss_lm: 4.6516  time: 0.6287  data: 0.0001  max mem: 22665
Train Epoch: [1]  [246/247]  eta: 0:00:00  lr: 0.000027  loss_ita: 5.6164  loss_itm: 0.5148  loss_lm: 4.5583  time: 0.6278  data: 0.0001  max mem: 22665
Train Epoch: [1] Total time: 0:02:36 (0.6319 s / it)
Averaged stats: lr: 0.0000  loss_ita: 5.4154  loss_itm: 0.5242  loss_lm: 4.9354
Train Epoch: [2]  [  0/247]  eta: 0:04:44  lr: 0.000024  loss_ita: 5.5227  loss_itm: 0.3989  loss_lm: 5.2615  time: 1.1529  data: 0.4944  max mem: 22665
Train Epoch: [2]  [ 50/247]  eta: 0:02:05  lr: 0.000024  loss_ita: 5.1658  loss_itm: 0.4766  loss_lm: 4.2867  time: 0.6304  data: 0.0001  max mem: 22665
Train Epoch: [2]  [100/247]  eta: 0:01:33  lr: 0.000024  loss_ita: 5.1064  loss_itm: 0.4111  loss_lm: 3.9912  time: 0.6336  data: 0.0001  max mem: 22665
Train Epoch: [2]  [150/247]  eta: 0:01:01  lr: 0.000024  loss_ita: 5.3753  loss_itm: 0.6064  loss_lm: 4.4718  time: 0.6279  data: 0.0001  max mem: 22665
Train Epoch: [2]  [200/247]  eta: 0:00:29  lr: 0.000024  loss_ita: 4.7432  loss_itm: 0.5691  loss_lm: 4.6248  time: 0.6304  data: 0.0001  max mem: 22665
Train Epoch: [2]  [246/247]  eta: 0:00:00  lr: 0.000024  loss_ita: 5.0081  loss_itm: 0.4102  loss_lm: 4.4243  time: 0.6267  data: 0.0001  max mem: 22665
Train Epoch: [2] Total time: 0:02:36 (0.6323 s / it)
Averaged stats: lr: 0.0000  loss_ita: 5.3566  loss_itm: 0.4758  loss_lm: 4.5667
Train Epoch: [3]  [  0/247]  eta: 0:04:40  lr: 0.000022  loss_ita: 4.5712  loss_itm: 0.2531  loss_lm: 4.3386  time: 1.1361  data: 0.4793  max mem: 22665
Train Epoch: [3]  [ 50/247]  eta: 0:02:06  lr: 0.000022  loss_ita: 5.0967  loss_itm: 0.3592  loss_lm: 4.1975  time: 0.6301  data: 0.0001  max mem: 22665
Train Epoch: [3]  [100/247]  eta: 0:01:33  lr: 0.000022  loss_ita: 5.0800  loss_itm: 0.3735  loss_lm: 4.6809  time: 0.6285  data: 0.0001  max mem: 22665
Train Epoch: [3]  [150/247]  eta: 0:01:01  lr: 0.000022  loss_ita: 5.7275  loss_itm: 0.4746  loss_lm: 4.3115  time: 0.6292  data: 0.0001  max mem: 22665
Train Epoch: [3]  [200/247]  eta: 0:00:29  lr: 0.000022  loss_ita: 5.4671  loss_itm: 0.5591  loss_lm: 3.8623  time: 0.6291  data: 0.0001  max mem: 22665
Train Epoch: [3]  [246/247]  eta: 0:00:00  lr: 0.000022  loss_ita: 5.2452  loss_itm: 0.6097  loss_lm: 4.1869  time: 0.6288  data: 0.0001  max mem: 22665
Train Epoch: [3] Total time: 0:02:36 (0.6325 s / it)
Averaged stats: lr: 0.0000  loss_ita: 5.0424  loss_itm: 0.4355  loss_lm: 4.3624
Train Epoch: [4]  [  0/247]  eta: 0:04:43  lr: 0.000020  loss_ita: 5.5389  loss_itm: 0.5311  loss_lm: 4.2067  time: 1.1491  data: 0.4951  max mem: 22665
Train Epoch: [4]  [ 50/247]  eta: 0:02:06  lr: 0.000020  loss_ita: 5.0019  loss_itm: 0.3796  loss_lm: 3.9530  time: 0.6289  data: 0.0001  max mem: 22665
Train Epoch: [4]  [100/247]  eta: 0:01:33  lr: 0.000020  loss_ita: 5.7013  loss_itm: 0.5422  loss_lm: 3.9424  time: 0.6293  data: 0.0001  max mem: 22665
Train Epoch: [4]  [150/247]  eta: 0:01:01  lr: 0.000020  loss_ita: 4.6096  loss_itm: 0.3943  loss_lm: 4.3074  time: 0.6278  data: 0.0001  max mem: 22665
Train Epoch: [4]  [200/247]  eta: 0:00:29  lr: 0.000020  loss_ita: 4.2585  loss_itm: 0.2493  loss_lm: 4.5543  time: 0.6315  data: 0.0001  max mem: 22665
Train Epoch: [4]  [246/247]  eta: 0:00:00  lr: 0.000020  loss_ita: 3.7818  loss_itm: 0.2091  loss_lm: 4.3112  time: 0.6270  data: 0.0001  max mem: 22665
Train Epoch: [4] Total time: 0:02:36 (0.6320 s / it)
Averaged stats: lr: 0.0000  loss_ita: 4.6738  loss_itm: 0.4045  loss_lm: 4.2145
Train Epoch: [5]  [  0/247]  eta: 0:04:45  lr: 0.000018  loss_ita: 4.5009  loss_itm: 0.4504  loss_lm: 4.0048  time: 1.1558  data: 0.4674  max mem: 22665
Train Epoch: [5]  [ 50/247]  eta: 0:02:05  lr: 0.000018  loss_ita: 4.1241  loss_itm: 0.5312  loss_lm: 3.8489  time: 0.6280  data: 0.0001  max mem: 22665
Train Epoch: [5]  [100/247]  eta: 0:01:33  lr: 0.000018  loss_ita: 4.2864  loss_itm: 0.5845  loss_lm: 4.7023  time: 0.6284  data: 0.0001  max mem: 22665
Train Epoch: [5]  [150/247]  eta: 0:01:01  lr: 0.000018  loss_ita: 4.7104  loss_itm: 0.4445  loss_lm: 4.0953  time: 0.6280  data: 0.0001  max mem: 22665
Train Epoch: [5]  [200/247]  eta: 0:00:29  lr: 0.000018  loss_ita: 4.4632  loss_itm: 0.2840  loss_lm: 4.2158  time: 0.6305  data: 0.0001  max mem: 22665
Train Epoch: [5]  [246/247]  eta: 0:00:00  lr: 0.000018  loss_ita: 5.1550  loss_itm: 0.5236  loss_lm: 3.9382  time: 0.6292  data: 0.0001  max mem: 22665
Train Epoch: [5] Total time: 0:02:36 (0.6316 s / it)
Averaged stats: lr: 0.0000  loss_ita: 4.3968  loss_itm: 0.3733  loss_lm: 4.1034
Train Epoch: [6]  [  0/247]  eta: 0:04:44  lr: 0.000016  loss_ita: 4.2282  loss_itm: 0.3136  loss_lm: 3.6850  time: 1.1499  data: 0.4987  max mem: 22665
Train Epoch: [6]  [ 50/247]  eta: 0:02:05  lr: 0.000016  loss_ita: 4.3108  loss_itm: 0.2943  loss_lm: 4.2616  time: 0.6292  data: 0.0001  max mem: 22665
Train Epoch: [6]  [100/247]  eta: 0:01:33  lr: 0.000016  loss_ita: 4.0183  loss_itm: 0.5395  loss_lm: 3.9018  time: 0.6292  data: 0.0001  max mem: 22665
Train Epoch: [6]  [150/247]  eta: 0:01:01  lr: 0.000016  loss_ita: 4.5923  loss_itm: 0.2392  loss_lm: 3.6338  time: 0.6311  data: 0.0001  max mem: 22665
Train Epoch: [6]  [200/247]  eta: 0:00:29  lr: 0.000016  loss_ita: 3.6308  loss_itm: 0.3052  loss_lm: 3.8906  time: 0.6285  data: 0.0001  max mem: 22665
Train Epoch: [6]  [246/247]  eta: 0:00:00  lr: 0.000016  loss_ita: 4.4016  loss_itm: 0.3598  loss_lm: 3.6546  time: 0.6275  data: 0.0001  max mem: 22665
Train Epoch: [6] Total time: 0:02:36 (0.6319 s / it)
Averaged stats: lr: 0.0000  loss_ita: 4.3247  loss_itm: 0.3502  loss_lm: 4.0100
Train Epoch: [7]  [  0/247]  eta: 0:04:48  lr: 0.000014  loss_ita: 4.0370  loss_itm: 0.2795  loss_lm: 4.1930  time: 1.1697  data: 0.5074  max mem: 22665
Train Epoch: [7]  [ 50/247]  eta: 0:02:06  lr: 0.000014  loss_ita: 3.4006  loss_itm: 0.2763  loss_lm: 4.2149  time: 0.6291  data: 0.0001  max mem: 22665
Train Epoch: [7]  [100/247]  eta: 0:01:33  lr: 0.000014  loss_ita: 4.9909  loss_itm: 0.3994  loss_lm: 3.7706  time: 0.6311  data: 0.0001  max mem: 22665
Train Epoch: [7]  [150/247]  eta: 0:01:01  lr: 0.000014  loss_ita: 4.7079  loss_itm: 0.3222  loss_lm: 3.6354  time: 0.6297  data: 0.0001  max mem: 22665
Train Epoch: [7]  [200/247]  eta: 0:00:29  lr: 0.000014  loss_ita: 3.8645  loss_itm: 0.1153  loss_lm: 3.9824  time: 0.6327  data: 0.0001  max mem: 22665
Train Epoch: [7]  [246/247]  eta: 0:00:00  lr: 0.000014  loss_ita: 4.5170  loss_itm: 0.3675  loss_lm: 4.3465  time: 0.6292  data: 0.0001  max mem: 22665
Train Epoch: [7] Total time: 0:02:36 (0.6333 s / it)
Averaged stats: lr: 0.0000  loss_ita: 4.0869  loss_itm: 0.3218  loss_lm: 3.9357
Train Epoch: [8]  [  0/247]  eta: 0:04:41  lr: 0.000013  loss_ita: 3.9590  loss_itm: 0.4759  loss_lm: 3.7607  time: 1.1402  data: 0.4803  max mem: 22665
Train Epoch: [8]  [ 50/247]  eta: 0:02:05  lr: 0.000013  loss_ita: 4.6002  loss_itm: 0.3552  loss_lm: 4.7167  time: 0.6283  data: 0.0001  max mem: 22665
Train Epoch: [8]  [100/247]  eta: 0:01:33  lr: 0.000013  loss_ita: 3.4872  loss_itm: 0.3104  loss_lm: 3.9073  time: 0.6286  data: 0.0001  max mem: 22665
Train Epoch: [8]  [150/247]  eta: 0:01:01  lr: 0.000013  loss_ita: 3.8604  loss_itm: 0.4512  loss_lm: 3.4779  time: 0.6281  data: 0.0001  max mem: 22665
Train Epoch: [8]  [200/247]  eta: 0:00:29  lr: 0.000013  loss_ita: 4.2545  loss_itm: 0.3808  loss_lm: 4.0305  time: 0.6293  data: 0.0001  max mem: 22665
Train Epoch: [8]  [246/247]  eta: 0:00:00  lr: 0.000013  loss_ita: 4.4513  loss_itm: 0.5531  loss_lm: 3.9415  time: 0.6273  data: 0.0001  max mem: 22665
Train Epoch: [8] Total time: 0:02:36 (0.6318 s / it)
Averaged stats: lr: 0.0000  loss_ita: 3.8903  loss_itm: 0.2971  loss_lm: 3.8728
Train Epoch: [9]  [  0/247]  eta: 0:04:49  lr: 0.000012  loss_ita: 3.1287  loss_itm: 0.1244  loss_lm: 3.9851  time: 1.1715  data: 0.4930  max mem: 22665
Train Epoch: [9]  [ 50/247]  eta: 0:02:06  lr: 0.000012  loss_ita: 3.9198  loss_itm: 0.5079  loss_lm: 3.3016  time: 0.6312  data: 0.0001  max mem: 22665
Train Epoch: [9]  [100/247]  eta: 0:01:33  lr: 0.000012  loss_ita: 4.6115  loss_itm: 0.2394  loss_lm: 3.5505  time: 0.6317  data: 0.0001  max mem: 22665
Train Epoch: [9]  [150/247]  eta: 0:01:01  lr: 0.000012  loss_ita: 3.0478  loss_itm: 0.1761  loss_lm: 3.7192  time: 0.6300  data: 0.0001  max mem: 22665
Train Epoch: [9]  [200/247]  eta: 0:00:29  lr: 0.000012  loss_ita: 3.9275  loss_itm: 0.3319  loss_lm: 3.9019  time: 0.6301  data: 0.0001  max mem: 22665
Train Epoch: [9]  [246/247]  eta: 0:00:00  lr: 0.000012  loss_ita: 4.4835  loss_itm: 0.3738  loss_lm: 3.6331  time: 0.6293  data: 0.0001  max mem: 22665
Train Epoch: [9] Total time: 0:02:36 (0.6332 s / it)
Averaged stats: lr: 0.0000  loss_ita: 3.6078  loss_itm: 0.2782  loss_lm: 3.8122
Train Epoch: [10]  [  0/247]  eta: 0:04:41  lr: 0.000010  loss_ita: 3.7495  loss_itm: 0.2308  loss_lm: 3.7838  time: 1.1398  data: 0.4875  max mem: 22665
Train Epoch: [10]  [ 50/247]  eta: 0:02:05  lr: 0.000010  loss_ita: 3.0099  loss_itm: 0.1638  loss_lm: 3.7432  time: 0.6294  data: 0.0001  max mem: 22665
Train Epoch: [10]  [100/247]  eta: 0:01:33  lr: 0.000010  loss_ita: 2.7423  loss_itm: 0.3605  loss_lm: 3.3973  time: 0.6289  data: 0.0001  max mem: 22665
Train Epoch: [10]  [150/247]  eta: 0:01:01  lr: 0.000010  loss_ita: 4.3077  loss_itm: 0.2531  loss_lm: 3.7649  time: 0.6277  data: 0.0001  max mem: 22665
Train Epoch: [10]  [200/247]  eta: 0:00:29  lr: 0.000010  loss_ita: 2.1110  loss_itm: 0.4464  loss_lm: 4.1740  time: 0.6291  data: 0.0001  max mem: 22665
Train Epoch: [10]  [246/247]  eta: 0:00:00  lr: 0.000010  loss_ita: 3.9355  loss_itm: 0.4536  loss_lm: 3.6730  time: 0.6286  data: 0.0001  max mem: 22665
Train Epoch: [10] Total time: 0:02:36 (0.6318 s / it)
Averaged stats: lr: 0.0000  loss_ita: 3.2438  loss_itm: 0.2556  loss_lm: 3.7709
Train Epoch: [11]  [  0/247]  eta: 0:04:46  lr: 0.000009  loss_ita: 3.4042  loss_itm: 0.2290  loss_lm: 3.8112  time: 1.1601  data: 0.5015  max mem: 22665
Train Epoch: [11]  [ 50/247]  eta: 0:02:05  lr: 0.000009  loss_ita: 2.3213  loss_itm: 0.1018  loss_lm: 3.5194  time: 0.6298  data: 0.0001  max mem: 22665
Train Epoch: [11]  [100/247]  eta: 0:01:33  lr: 0.000009  loss_ita: 2.1418  loss_itm: 0.1151  loss_lm: 3.6173  time: 0.6286  data: 0.0001  max mem: 22665
Train Epoch: [11]  [150/247]  eta: 0:01:01  lr: 0.000009  loss_ita: 3.5268  loss_itm: 0.1735  loss_lm: 3.6862  time: 0.6284  data: 0.0001  max mem: 22665
Train Epoch: [11]  [200/247]  eta: 0:00:29  lr: 0.000009  loss_ita: 3.7600  loss_itm: 0.4390  loss_lm: 3.8515  time: 0.6283  data: 0.0001  max mem: 22665
Train Epoch: [11]  [246/247]  eta: 0:00:00  lr: 0.000009  loss_ita: 3.3616  loss_itm: 0.2791  loss_lm: 3.6579  time: 0.6290  data: 0.0001  max mem: 22665
Train Epoch: [11] Total time: 0:02:36 (0.6320 s / it)
Averaged stats: lr: 0.0000  loss_ita: 3.1979  loss_itm: 0.2471  loss_lm: 3.7269
Train Epoch: [12]  [  0/247]  eta: 0:04:44  lr: 0.000008  loss_ita: 2.1396  loss_itm: 0.1781  loss_lm: 3.6495  time: 1.1537  data: 0.4961  max mem: 22665
Train Epoch: [12]  [ 50/247]  eta: 0:02:06  lr: 0.000008  loss_ita: 2.9530  loss_itm: 0.2781  loss_lm: 3.9162  time: 0.6287  data: 0.0001  max mem: 22665
Train Epoch: [12]  [100/247]  eta: 0:01:33  lr: 0.000008  loss_ita: 2.9084  loss_itm: 0.2769  loss_lm: 3.5769  time: 0.6283  data: 0.0001  max mem: 22665
Train Epoch: [12]  [150/247]  eta: 0:01:01  lr: 0.000008  loss_ita: 3.0473  loss_itm: 0.1606  loss_lm: 3.6300  time: 0.6289  data: 0.0001  max mem: 22665
Train Epoch: [12]  [200/247]  eta: 0:00:29  lr: 0.000008  loss_ita: 3.1467  loss_itm: 0.1112  loss_lm: 3.3485  time: 0.6277  data: 0.0001  max mem: 22665
Train Epoch: [12]  [246/247]  eta: 0:00:00  lr: 0.000008  loss_ita: 2.6255  loss_itm: 0.1306  loss_lm: 3.8404  time: 0.6278  data: 0.0001  max mem: 22665
Train Epoch: [12] Total time: 0:02:36 (0.6316 s / it)
Averaged stats: lr: 0.0000  loss_ita: 3.0848  loss_itm: 0.2267  loss_lm: 3.6936
Train Epoch: [13]  [  0/247]  eta: 0:04:47  lr: 0.000008  loss_ita: 2.9726  loss_itm: 0.3466  loss_lm: 3.6777  time: 1.1646  data: 0.5169  max mem: 22665
Train Epoch: [13]  [ 50/247]  eta: 0:02:05  lr: 0.000008  loss_ita: 2.6854  loss_itm: 0.0482  loss_lm: 3.5311  time: 0.6297  data: 0.0001  max mem: 22665
Train Epoch: [13]  [100/247]  eta: 0:01:33  lr: 0.000008  loss_ita: 3.0945  loss_itm: 0.4117  loss_lm: 3.3881  time: 0.6325  data: 0.0001  max mem: 22665
Train Epoch: [13]  [150/247]  eta: 0:01:01  lr: 0.000008  loss_ita: 3.4075  loss_itm: 0.2255  loss_lm: 3.6831  time: 0.6296  data: 0.0001  max mem: 22665
Train Epoch: [13]  [200/247]  eta: 0:00:29  lr: 0.000008  loss_ita: 3.5283  loss_itm: 0.3533  loss_lm: 3.3316  time: 0.6282  data: 0.0001  max mem: 22665
Train Epoch: [13]  [246/247]  eta: 0:00:00  lr: 0.000008  loss_ita: 1.8965  loss_itm: 0.0469  loss_lm: 3.3513  time: 0.6307  data: 0.0001  max mem: 22665
Train Epoch: [13] Total time: 0:02:36 (0.6330 s / it)
Averaged stats: lr: 0.0000  loss_ita: 2.9864  loss_itm: 0.2179  loss_lm: 3.6603
Train Epoch: [14]  [  0/247]  eta: 0:04:43  lr: 0.000007  loss_ita: 3.0011  loss_itm: 0.2752  loss_lm: 3.0614  time: 1.1490  data: 0.5042  max mem: 22665
Train Epoch: [14]  [ 50/247]  eta: 0:02:05  lr: 0.000007  loss_ita: 3.8579  loss_itm: 0.2430  loss_lm: 3.5600  time: 0.6283  data: 0.0001  max mem: 22665
Train Epoch: [14]  [100/247]  eta: 0:01:33  lr: 0.000007  loss_ita: 3.0715  loss_itm: 0.1523  loss_lm: 3.7804  time: 0.6310  data: 0.0001  max mem: 22665
Train Epoch: [14]  [150/247]  eta: 0:01:01  lr: 0.000007  loss_ita: 2.5720  loss_itm: 0.3272  loss_lm: 3.3698  time: 0.6288  data: 0.0001  max mem: 22665
Train Epoch: [14]  [200/247]  eta: 0:00:29  lr: 0.000007  loss_ita: 2.7060  loss_itm: 0.0747  loss_lm: 3.6293  time: 0.6301  data: 0.0001  max mem: 22665
Train Epoch: [14]  [246/247]  eta: 0:00:00  lr: 0.000007  loss_ita: 3.3697  loss_itm: 0.2919  loss_lm: 3.3171  time: 0.6277  data: 0.0001  max mem: 22665
Train Epoch: [14] Total time: 0:02:36 (0.6323 s / it)
Averaged stats: lr: 0.0000  loss_ita: 2.9419  loss_itm: 0.2031  loss_lm: 3.6304
Train Epoch: [15]  [  0/247]  eta: 0:04:41  lr: 0.000006  loss_ita: 2.6547  loss_itm: 0.0675  loss_lm: 3.5858  time: 1.1408  data: 0.4874  max mem: 22665
Train Epoch: [15]  [ 50/247]  eta: 0:02:06  lr: 0.000006  loss_ita: 3.0263  loss_itm: 0.0921  loss_lm: 3.3234  time: 0.6318  data: 0.0001  max mem: 22665
Train Epoch: [15]  [100/247]  eta: 0:01:33  lr: 0.000006  loss_ita: 2.5605  loss_itm: 0.0636  loss_lm: 3.8987  time: 0.6285  data: 0.0001  max mem: 22665
Train Epoch: [15]  [150/247]  eta: 0:01:01  lr: 0.000006  loss_ita: 2.7989  loss_itm: 0.1312  loss_lm: 3.4594  time: 0.6282  data: 0.0001  max mem: 22665
Train Epoch: [15]  [200/247]  eta: 0:00:29  lr: 0.000006  loss_ita: 2.5766  loss_itm: 0.2933  loss_lm: 3.4643  time: 0.6286  data: 0.0001  max mem: 22665
Train Epoch: [15]  [246/247]  eta: 0:00:00  lr: 0.000006  loss_ita: 3.1661  loss_itm: 0.1122  loss_lm: 3.5961  time: 0.6283  data: 0.0001  max mem: 22665
Train Epoch: [15] Total time: 0:02:35 (0.6312 s / it)
Averaged stats: lr: 0.0000  loss_ita: 2.8260  loss_itm: 0.1986  loss_lm: 3.6078
Train Epoch: [16]  [  0/247]  eta: 0:04:45  lr: 0.000006  loss_ita: 1.9708  loss_itm: 0.1081  loss_lm: 3.4717  time: 1.1562  data: 0.4923  max mem: 22665
Train Epoch: [16]  [ 50/247]  eta: 0:02:06  lr: 0.000006  loss_ita: 2.6643  loss_itm: 0.1604  loss_lm: 3.7353  time: 0.6312  data: 0.0001  max mem: 22665
Train Epoch: [16]  [100/247]  eta: 0:01:33  lr: 0.000006  loss_ita: 4.6267  loss_itm: 0.5084  loss_lm: 3.6748  time: 0.6279  data: 0.0001  max mem: 22665
Train Epoch: [16]  [150/247]  eta: 0:01:01  lr: 0.000006  loss_ita: 2.5663  loss_itm: 0.2822  loss_lm: 3.6394  time: 0.6298  data: 0.0001  max mem: 22665
Train Epoch: [16]  [200/247]  eta: 0:00:29  lr: 0.000006  loss_ita: 2.7598  loss_itm: 0.2577  loss_lm: 3.4654  time: 0.6321  data: 0.0001  max mem: 22665
Train Epoch: [16]  [246/247]  eta: 0:00:00  lr: 0.000006  loss_ita: 2.9715  loss_itm: 0.1543  loss_lm: 3.3825  time: 0.6279  data: 0.0001  max mem: 22665
Train Epoch: [16] Total time: 0:02:36 (0.6324 s / it)
Averaged stats: lr: 0.0000  loss_ita: 2.6938  loss_itm: 0.1833  loss_lm: 3.5848
Train Epoch: [17]  [  0/247]  eta: 0:04:46  lr: 0.000005  loss_ita: 2.5651  loss_itm: 0.1277  loss_lm: 3.5263  time: 1.1579  data: 0.4755  max mem: 22665
Train Epoch: [17]  [ 50/247]  eta: 0:02:06  lr: 0.000005  loss_ita: 2.2257  loss_itm: 0.1115  loss_lm: 4.1602  time: 0.6299  data: 0.0001  max mem: 22665
Train Epoch: [17]  [100/247]  eta: 0:01:33  lr: 0.000005  loss_ita: 3.9555  loss_itm: 0.2931  loss_lm: 3.7178  time: 0.6284  data: 0.0001  max mem: 22665
Train Epoch: [17]  [150/247]  eta: 0:01:01  lr: 0.000005  loss_ita: 2.8978  loss_itm: 0.0636  loss_lm: 3.2940  time: 0.6303  data: 0.0001  max mem: 22665
Train Epoch: [17]  [200/247]  eta: 0:00:29  lr: 0.000005  loss_ita: 2.6183  loss_itm: 0.1977  loss_lm: 3.2563  time: 0.6302  data: 0.0001  max mem: 22665
Train Epoch: [17]  [246/247]  eta: 0:00:00  lr: 0.000005  loss_ita: 2.6471  loss_itm: 0.1000  loss_lm: 3.6154  time: 0.6274  data: 0.0001  max mem: 22665
Train Epoch: [17] Total time: 0:02:36 (0.6324 s / it)
Averaged stats: lr: 0.0000  loss_ita: 2.7630  loss_itm: 0.1741  loss_lm: 3.5651
Train Epoch: [18]  [  0/247]  eta: 0:04:49  lr: 0.000005  loss_ita: 2.3863  loss_itm: 0.1397  loss_lm: 3.6504  time: 1.1704  data: 0.4717  max mem: 22665
Train Epoch: [18]  [ 50/247]  eta: 0:02:05  lr: 0.000005  loss_ita: 2.2818  loss_itm: 0.0376  loss_lm: 3.4832  time: 0.6275  data: 0.0001  max mem: 22665
Train Epoch: [18]  [100/247]  eta: 0:01:33  lr: 0.000005  loss_ita: 2.3841  loss_itm: 0.0540  loss_lm: 3.4925  time: 0.6283  data: 0.0001  max mem: 22665
Train Epoch: [18]  [150/247]  eta: 0:01:01  lr: 0.000005  loss_ita: 2.2370  loss_itm: 0.3244  loss_lm: 3.9354  time: 0.6287  data: 0.0001  max mem: 22665
Train Epoch: [18]  [200/247]  eta: 0:00:29  lr: 0.000005  loss_ita: 3.0369  loss_itm: 0.1140  loss_lm: 3.3167  time: 0.6282  data: 0.0001  max mem: 22665
Train Epoch: [18]  [246/247]  eta: 0:00:00  lr: 0.000005  loss_ita: 3.2864  loss_itm: 0.1126  loss_lm: 3.7671  time: 0.6289  data: 0.0001  max mem: 22665
Train Epoch: [18] Total time: 0:02:35 (0.6311 s / it)
Averaged stats: lr: 0.0000  loss_ita: 2.6991  loss_itm: 0.1715  loss_lm: 3.5500
Train Epoch: [19]  [  0/247]  eta: 0:04:45  lr: 0.000004  loss_ita: 2.8885  loss_itm: 0.0569  loss_lm: 3.4046  time: 1.1568  data: 0.4966  max mem: 22665
Train Epoch: [19]  [ 50/247]  eta: 0:02:05  lr: 0.000004  loss_ita: 2.3150  loss_itm: 0.1251  loss_lm: 3.6266  time: 0.6281  data: 0.0001  max mem: 22665
Train Epoch: [19]  [100/247]  eta: 0:01:33  lr: 0.000004  loss_ita: 2.5087  loss_itm: 0.1245  loss_lm: 3.9158  time: 0.6283  data: 0.0001  max mem: 22665
Train Epoch: [19]  [150/247]  eta: 0:01:01  lr: 0.000004  loss_ita: 2.7432  loss_itm: 0.2219  loss_lm: 3.5901  time: 0.6289  data: 0.0001  max mem: 22665
Train Epoch: [19]  [200/247]  eta: 0:00:29  lr: 0.000004  loss_ita: 2.7320  loss_itm: 0.1596  loss_lm: 3.2850  time: 0.6287  data: 0.0001  max mem: 22665
Train Epoch: [19]  [246/247]  eta: 0:00:00  lr: 0.000004  loss_ita: 3.0195  loss_itm: 0.2369  loss_lm: 3.6248  time: 0.6273  data: 0.0001  max mem: 22665
Train Epoch: [19] Total time: 0:02:36 (0.6321 s / it)
Averaged stats: lr: 0.0000  loss_ita: 2.7312  loss_itm: 0.1607  loss_lm: 3.5369
Train Epoch: [20]  [  0/247]  eta: 0:04:47  lr: 0.000004  loss_ita: 3.5796  loss_itm: 0.2737  loss_lm: 3.7219  time: 1.1632  data: 0.4878  max mem: 22665
Train Epoch: [20]  [ 50/247]  eta: 0:02:06  lr: 0.000004  loss_ita: 2.5317  loss_itm: 0.2941  loss_lm: 3.4990  time: 0.6304  data: 0.0001  max mem: 22665
Train Epoch: [20]  [100/247]  eta: 0:01:33  lr: 0.000004  loss_ita: 3.1879  loss_itm: 0.1700  loss_lm: 3.4998  time: 0.6277  data: 0.0001  max mem: 22665
Train Epoch: [20]  [150/247]  eta: 0:01:01  lr: 0.000004  loss_ita: 2.7586  loss_itm: 0.0893  loss_lm: 3.7712  time: 0.6276  data: 0.0001  max mem: 22665
Train Epoch: [20]  [200/247]  eta: 0:00:29  lr: 0.000004  loss_ita: 2.0154  loss_itm: 0.1497  loss_lm: 3.4688  time: 0.6283  data: 0.0001  max mem: 22665
Train Epoch: [20]  [246/247]  eta: 0:00:00  lr: 0.000004  loss_ita: 2.0574  loss_itm: 0.0445  loss_lm: 3.4168  time: 0.6276  data: 0.0001  max mem: 22665
Train Epoch: [20] Total time: 0:02:35 (0.6313 s / it)
Averaged stats: lr: 0.0000  loss_ita: 2.6754  loss_itm: 0.1629  loss_lm: 3.5199
Train Epoch: [21]  [  0/247]  eta: 0:04:45  lr: 0.000003  loss_ita: 2.2107  loss_itm: 0.2085  loss_lm: 3.1172  time: 1.1553  data: 0.4848  max mem: 22665
Train Epoch: [21]  [ 50/247]  eta: 0:02:06  lr: 0.000003  loss_ita: 2.1928  loss_itm: 0.2324  loss_lm: 3.5930  time: 0.6296  data: 0.0001  max mem: 22665
Train Epoch: [21]  [100/247]  eta: 0:01:33  lr: 0.000003  loss_ita: 2.1927  loss_itm: 0.0254  loss_lm: 3.6073  time: 0.6293  data: 0.0001  max mem: 22665
Train Epoch: [21]  [150/247]  eta: 0:01:01  lr: 0.000003  loss_ita: 2.3136  loss_itm: 0.0731  loss_lm: 3.6329  time: 0.6283  data: 0.0001  max mem: 22665
Train Epoch: [21]  [200/247]  eta: 0:00:29  lr: 0.000003  loss_ita: 2.7024  loss_itm: 0.0373  loss_lm: 3.4480  time: 0.6280  data: 0.0001  max mem: 22665
Train Epoch: [21]  [246/247]  eta: 0:00:00  lr: 0.000003  loss_ita: 2.3294  loss_itm: 0.2517  loss_lm: 3.2472  time: 0.6297  data: 0.0001  max mem: 22665
Train Epoch: [21] Total time: 0:02:36 (0.6325 s / it)
Averaged stats: lr: 0.0000  loss_ita: 2.5606  loss_itm: 0.1521  loss_lm: 3.5072
Train Epoch: [22]  [  0/247]  eta: 0:04:48  lr: 0.000003  loss_ita: 3.1346  loss_itm: 0.2893  loss_lm: 3.6431  time: 1.1670  data: 0.4938  max mem: 22665
Train Epoch: [22]  [ 50/247]  eta: 0:02:05  lr: 0.000003  loss_ita: 2.1592  loss_itm: 0.1722  loss_lm: 3.6395  time: 0.6292  data: 0.0001  max mem: 22665
Train Epoch: [22]  [100/247]  eta: 0:01:33  lr: 0.000003  loss_ita: 2.9914  loss_itm: 0.2375  loss_lm: 3.1613  time: 0.6283  data: 0.0001  max mem: 22665
Train Epoch: [22]  [150/247]  eta: 0:01:01  lr: 0.000003  loss_ita: 1.7257  loss_itm: 0.0303  loss_lm: 3.9156  time: 0.6290  data: 0.0001  max mem: 22665
Train Epoch: [22]  [200/247]  eta: 0:00:29  lr: 0.000003  loss_ita: 3.1078  loss_itm: 0.1507  loss_lm: 3.4343  time: 0.6273  data: 0.0001  max mem: 22665
Train Epoch: [22]  [246/247]  eta: 0:00:00  lr: 0.000003  loss_ita: 3.0264  loss_itm: 0.1855  loss_lm: 3.3300  time: 0.6286  data: 0.0001  max mem: 22665
Train Epoch: [22] Total time: 0:02:36 (0.6319 s / it)
Averaged stats: lr: 0.0000  loss_ita: 2.5988  loss_itm: 0.1521  loss_lm: 3.4973
Train Epoch: [23]  [  0/247]  eta: 0:04:43  lr: 0.000003  loss_ita: 2.5810  loss_itm: 0.1830  loss_lm: 3.3822  time: 1.1495  data: 0.4893  max mem: 22665
Train Epoch: [23]  [ 50/247]  eta: 0:02:05  lr: 0.000003  loss_ita: 2.7724  loss_itm: 0.0678  loss_lm: 3.1664  time: 0.6286  data: 0.0001  max mem: 22665
Train Epoch: [23]  [100/247]  eta: 0:01:33  lr: 0.000003  loss_ita: 1.6370  loss_itm: 0.0334  loss_lm: 3.3679  time: 0.6296  data: 0.0001  max mem: 22665
Train Epoch: [23]  [150/247]  eta: 0:01:01  lr: 0.000003  loss_ita: 1.6582  loss_itm: 0.2127  loss_lm: 3.5650  time: 0.6289  data: 0.0001  max mem: 22665
Train Epoch: [23]  [200/247]  eta: 0:00:29  lr: 0.000003  loss_ita: 2.2534  loss_itm: 0.0425  loss_lm: 3.2770  time: 0.6290  data: 0.0001  max mem: 22665
Train Epoch: [23]  [246/247]  eta: 0:00:00  lr: 0.000003  loss_ita: 3.7579  loss_itm: 0.2407  loss_lm: 3.0388  time: 0.6268  data: 0.0001  max mem: 22665
Train Epoch: [23] Total time: 0:02:36 (0.6319 s / it)
Averaged stats: lr: 0.0000  loss_ita: 2.5125  loss_itm: 0.1438  loss_lm: 3.4870
Train Epoch: [24]  [  0/247]  eta: 0:04:40  lr: 0.000002  loss_ita: 1.7381  loss_itm: 0.0133  loss_lm: 3.7442  time: 1.1341  data: 0.4609  max mem: 22665
Train Epoch: [24]  [ 50/247]  eta: 0:02:06  lr: 0.000002  loss_ita: 1.6418  loss_itm: 0.2818  loss_lm: 3.2802  time: 0.6307  data: 0.0001  max mem: 22665
Train Epoch: [24]  [100/247]  eta: 0:01:33  lr: 0.000002  loss_ita: 2.5481  loss_itm: 0.2158  loss_lm: 3.5250  time: 0.6287  data: 0.0001  max mem: 22665
Train Epoch: [24]  [150/247]  eta: 0:01:01  lr: 0.000002  loss_ita: 2.4122  loss_itm: 0.0939  loss_lm: 3.5801  time: 0.6288  data: 0.0001  max mem: 22665
Train Epoch: [24]  [200/247]  eta: 0:00:29  lr: 0.000002  loss_ita: 3.5496  loss_itm: 0.3856  loss_lm: 3.2254  time: 0.6294  data: 0.0001  max mem: 22665
Train Epoch: [24]  [246/247]  eta: 0:00:00  lr: 0.000002  loss_ita: 2.9213  loss_itm: 0.1984  loss_lm: 3.5913  time: 0.6281  data: 0.0001  max mem: 22665
Train Epoch: [24] Total time: 0:02:36 (0.6328 s / it)
Averaged stats: lr: 0.0000  loss_ita: 2.4103  loss_itm: 0.1435  loss_lm: 3.4764
Train Epoch: [25]  [  0/247]  eta: 0:04:44  lr: 0.000002  loss_ita: 2.5572  loss_itm: 0.1795  loss_lm: 3.1954  time: 1.1510  data: 0.4866  max mem: 22665
Train Epoch: [25]  [ 50/247]  eta: 0:02:05  lr: 0.000002  loss_ita: 2.7856  loss_itm: 0.0568  loss_lm: 3.6348  time: 0.6292  data: 0.0001  max mem: 22665
Train Epoch: [25]  [100/247]  eta: 0:01:33  lr: 0.000002  loss_ita: 2.2974  loss_itm: 0.1853  loss_lm: 3.5168  time: 0.6293  data: 0.0001  max mem: 22665
Train Epoch: [25]  [150/247]  eta: 0:01:01  lr: 0.000002  loss_ita: 1.9515  loss_itm: 0.0425  loss_lm: 3.8089  time: 0.6296  data: 0.0001  max mem: 22665
Train Epoch: [25]  [200/247]  eta: 0:00:29  lr: 0.000002  loss_ita: 2.8270  loss_itm: 0.1217  loss_lm: 3.3522  time: 0.6295  data: 0.0001  max mem: 22665
Train Epoch: [25]  [246/247]  eta: 0:00:00  lr: 0.000002  loss_ita: 1.8544  loss_itm: 0.0521  loss_lm: 3.3832  time: 0.6298  data: 0.0001  max mem: 22665
Train Epoch: [25] Total time: 0:02:36 (0.6323 s / it)
Averaged stats: lr: 0.0000  loss_ita: 2.3032  loss_itm: 0.1371  loss_lm: 3.4708
Train Epoch: [26]  [  0/247]  eta: 0:04:41  lr: 0.000002  loss_ita: 2.3782  loss_itm: 0.1145  loss_lm: 3.9040  time: 1.1413  data: 0.4664  max mem: 22665
Train Epoch: [26]  [ 50/247]  eta: 0:02:06  lr: 0.000002  loss_ita: 3.3728  loss_itm: 0.3270  loss_lm: 3.3924  time: 0.6303  data: 0.0001  max mem: 22665
Train Epoch: [26]  [100/247]  eta: 0:01:33  lr: 0.000002  loss_ita: 2.2878  loss_itm: 0.1360  loss_lm: 3.1560  time: 0.6302  data: 0.0001  max mem: 22665
Train Epoch: [26]  [150/247]  eta: 0:01:01  lr: 0.000002  loss_ita: 1.9896  loss_itm: 0.6230  loss_lm: 3.2286  time: 0.6320  data: 0.0001  max mem: 22665
Train Epoch: [26]  [200/247]  eta: 0:00:29  lr: 0.000002  loss_ita: 1.9245  loss_itm: 0.0842  loss_lm: 3.7176  time: 0.6289  data: 0.0001  max mem: 22665
Train Epoch: [26]  [246/247]  eta: 0:00:00  lr: 0.000002  loss_ita: 3.3533  loss_itm: 0.2932  loss_lm: 3.0451  time: 0.6278  data: 0.0001  max mem: 22665
Train Epoch: [26] Total time: 0:02:36 (0.6324 s / it)
Averaged stats: lr: 0.0000  loss_ita: 2.2845  loss_itm: 0.1324  loss_lm: 3.4658
Train Epoch: [27]  [  0/247]  eta: 0:04:50  lr: 0.000002  loss_ita: 2.1872  loss_itm: 0.0473  loss_lm: 3.7522  time: 1.1742  data: 0.4754  max mem: 22665
Train Epoch: [27]  [ 50/247]  eta: 0:02:05  lr: 0.000002  loss_ita: 2.3198  loss_itm: 0.0392  loss_lm: 3.1778  time: 0.6293  data: 0.0001  max mem: 22665
Train Epoch: [27]  [100/247]  eta: 0:01:33  lr: 0.000002  loss_ita: 2.6819  loss_itm: 0.1921  loss_lm: 3.5852  time: 0.6292  data: 0.0001  max mem: 22665
Train Epoch: [27]  [150/247]  eta: 0:01:01  lr: 0.000002  loss_ita: 2.9183  loss_itm: 0.1653  loss_lm: 3.3352  time: 0.6299  data: 0.0001  max mem: 22665
Train Epoch: [27]  [200/247]  eta: 0:00:29  lr: 0.000002  loss_ita: 1.2741  loss_itm: 0.0156  loss_lm: 3.6109  time: 0.6305  data: 0.0001  max mem: 22665
Train Epoch: [27]  [246/247]  eta: 0:00:00  lr: 0.000002  loss_ita: 1.5217  loss_itm: 0.2365  loss_lm: 3.0971  time: 0.6280  data: 0.0001  max mem: 22665
Train Epoch: [27] Total time: 0:02:35 (0.6315 s / it)
Averaged stats: lr: 0.0000  loss_ita: 2.3013  loss_itm: 0.1329  loss_lm: 3.4553
Train Epoch: [28]  [  0/247]  eta: 0:04:44  lr: 0.000002  loss_ita: 1.9853  loss_itm: 0.0181  loss_lm: 3.4012  time: 1.1516  data: 0.5006  max mem: 22665
Train Epoch: [28]  [ 50/247]  eta: 0:02:05  lr: 0.000002  loss_ita: 2.6612  loss_itm: 0.1516  loss_lm: 3.9646  time: 0.6288  data: 0.0001  max mem: 22665
Train Epoch: [28]  [100/247]  eta: 0:01:33  lr: 0.000002  loss_ita: 2.1319  loss_itm: 0.1260  loss_lm: 3.2624  time: 0.6287  data: 0.0001  max mem: 22665
Train Epoch: [28]  [150/247]  eta: 0:01:01  lr: 0.000002  loss_ita: 2.3426  loss_itm: 0.1584  loss_lm: 3.3246  time: 0.6270  data: 0.0001  max mem: 22665
Train Epoch: [28]  [200/247]  eta: 0:00:29  lr: 0.000002  loss_ita: 2.6646  loss_itm: 0.2212  loss_lm: 3.4063  time: 0.6272  data: 0.0001  max mem: 22665
Train Epoch: [28]  [246/247]  eta: 0:00:00  lr: 0.000002  loss_ita: 1.8843  loss_itm: 0.1357  loss_lm: 3.6544  time: 0.6317  data: 0.0001  max mem: 22665
Train Epoch: [28] Total time: 0:02:36 (0.6316 s / it)
Averaged stats: lr: 0.0000  loss_ita: 2.2630  loss_itm: 0.1358  loss_lm: 3.4515
Train Epoch: [29]  [  0/247]  eta: 0:04:45  lr: 0.000001  loss_ita: 2.0405  loss_itm: 0.0487  loss_lm: 3.2030  time: 1.1569  data: 0.4654  max mem: 22665
Train Epoch: [29]  [ 50/247]  eta: 0:02:05  lr: 0.000001  loss_ita: 2.6160  loss_itm: 0.2252  loss_lm: 3.5066  time: 0.6298  data: 0.0001  max mem: 22665
Train Epoch: [29]  [100/247]  eta: 0:01:33  lr: 0.000001  loss_ita: 1.7252  loss_itm: 0.1194  loss_lm: 3.3184  time: 0.6298  data: 0.0001  max mem: 22665
Train Epoch: [29]  [150/247]  eta: 0:01:01  lr: 0.000001  loss_ita: 2.5619  loss_itm: 0.1290  loss_lm: 3.8636  time: 0.6315  data: 0.0001  max mem: 22665
Train Epoch: [29]  [200/247]  eta: 0:00:29  lr: 0.000001  loss_ita: 2.4932  loss_itm: 0.2113  loss_lm: 2.9783  time: 0.6294  data: 0.0001  max mem: 22665
Train Epoch: [29]  [246/247]  eta: 0:00:00  lr: 0.000001  loss_ita: 3.2644  loss_itm: 0.4048  loss_lm: 3.0969  time: 0.6281  data: 0.0001  max mem: 22665
Train Epoch: [29] Total time: 0:02:36 (0.6322 s / it)
Averaged stats: lr: 0.0000  loss_ita: 2.2047  loss_itm: 0.1276  loss_lm: 3.4465
Train Epoch: [30]  [  0/247]  eta: 0:04:44  lr: 0.000001  loss_ita: 2.2884  loss_itm: 0.4525  loss_lm: 3.8482  time: 1.1499  data: 0.4899  max mem: 22665
Train Epoch: [30]  [ 50/247]  eta: 0:02:05  lr: 0.000001  loss_ita: 1.6924  loss_itm: 0.0164  loss_lm: 3.2938  time: 0.6279  data: 0.0001  max mem: 22665
Train Epoch: [30]  [100/247]  eta: 0:01:33  lr: 0.000001  loss_ita: 2.3375  loss_itm: 0.0823  loss_lm: 3.6658  time: 0.6316  data: 0.0001  max mem: 22665
Train Epoch: [30]  [150/247]  eta: 0:01:01  lr: 0.000001  loss_ita: 1.6874  loss_itm: 0.2353  loss_lm: 3.6699  time: 0.6295  data: 0.0001  max mem: 22665
Train Epoch: [30]  [200/247]  eta: 0:00:29  lr: 0.000001  loss_ita: 2.9225  loss_itm: 0.1786  loss_lm: 3.7099  time: 0.6291  data: 0.0001  max mem: 22665
Train Epoch: [30]  [246/247]  eta: 0:00:00  lr: 0.000001  loss_ita: 2.4188  loss_itm: 0.1210  loss_lm: 3.5708  time: 0.6285  data: 0.0001  max mem: 22665
Train Epoch: [30] Total time: 0:02:36 (0.6323 s / it)
Averaged stats: lr: 0.0000  loss_ita: 2.1692  loss_itm: 0.1335  loss_lm: 3.4429
Train Epoch: [31]  [  0/247]  eta: 0:04:49  lr: 0.000001  loss_ita: 1.4155  loss_itm: 0.0503  loss_lm: 3.2211  time: 1.1735  data: 0.5037  max mem: 22665
Train Epoch: [31]  [ 50/247]  eta: 0:02:05  lr: 0.000001  loss_ita: 2.0538  loss_itm: 0.1184  loss_lm: 3.2189  time: 0.6286  data: 0.0001  max mem: 22665
Train Epoch: [31]  [100/247]  eta: 0:01:33  lr: 0.000001  loss_ita: 1.5823  loss_itm: 0.0238  loss_lm: 3.6540  time: 0.6317  data: 0.0001  max mem: 22665
Train Epoch: [31]  [150/247]  eta: 0:01:01  lr: 0.000001  loss_ita: 2.3583  loss_itm: 0.2292  loss_lm: 3.2615  time: 0.6298  data: 0.0001  max mem: 22665
Train Epoch: [31]  [200/247]  eta: 0:00:29  lr: 0.000001  loss_ita: 2.4837  loss_itm: 0.1430  loss_lm: 3.7001  time: 0.6289  data: 0.0001  max mem: 22665
Train Epoch: [31]  [246/247]  eta: 0:00:00  lr: 0.000001  loss_ita: 2.1925  loss_itm: 0.2458  loss_lm: 3.9446  time: 0.6277  data: 0.0001  max mem: 22665
Train Epoch: [31] Total time: 0:02:36 (0.6325 s / it)
Averaged stats: lr: 0.0000  loss_ita: 2.2063  loss_itm: 0.1287  loss_lm: 3.4400
Train Epoch: [32]  [  0/247]  eta: 0:04:46  lr: 0.000001  loss_ita: 1.7539  loss_itm: 0.2248  loss_lm: 3.4718  time: 1.1615  data: 0.4602  max mem: 22665
Train Epoch: [32]  [ 50/247]  eta: 0:02:06  lr: 0.000001  loss_ita: 1.5470  loss_itm: 0.1813  loss_lm: 3.5983  time: 0.6300  data: 0.0001  max mem: 22665
Train Epoch: [32]  [100/247]  eta: 0:01:33  lr: 0.000001  loss_ita: 1.6375  loss_itm: 0.0164  loss_lm: 3.1416  time: 0.6293  data: 0.0001  max mem: 22665
Train Epoch: [32]  [150/247]  eta: 0:01:01  lr: 0.000001  loss_ita: 2.5163  loss_itm: 0.0426  loss_lm: 3.2201  time: 0.6292  data: 0.0001  max mem: 22665
Train Epoch: [32]  [200/247]  eta: 0:00:29  lr: 0.000001  loss_ita: 1.4117  loss_itm: 0.0708  loss_lm: 3.6686  time: 0.6284  data: 0.0001  max mem: 22665
Train Epoch: [32]  [246/247]  eta: 0:00:00  lr: 0.000001  loss_ita: 2.1513  loss_itm: 0.0138  loss_lm: 4.1304  time: 0.6281  data: 0.0001  max mem: 22665
Train Epoch: [32] Total time: 0:02:36 (0.6319 s / it)
Averaged stats: lr: 0.0000  loss_ita: 2.2335  loss_itm: 0.1243  loss_lm: 3.4355
Train Epoch: [33]  [  0/247]  eta: 0:04:40  lr: 0.000001  loss_ita: 2.7009  loss_itm: 0.0818  loss_lm: 3.2064  time: 1.1371  data: 0.4912  max mem: 22665
Train Epoch: [33]  [ 50/247]  eta: 0:02:06  lr: 0.000001  loss_ita: 2.5561  loss_itm: 0.0212  loss_lm: 3.2567  time: 0.6303  data: 0.0001  max mem: 22665
Train Epoch: [33]  [100/247]  eta: 0:01:33  lr: 0.000001  loss_ita: 2.2755  loss_itm: 0.0619  loss_lm: 3.6048  time: 0.6294  data: 0.0001  max mem: 22665
Train Epoch: [33]  [150/247]  eta: 0:01:01  lr: 0.000001  loss_ita: 2.2549  loss_itm: 0.2749  loss_lm: 3.6474  time: 0.6278  data: 0.0001  max mem: 22665
Train Epoch: [33]  [200/247]  eta: 0:00:29  lr: 0.000001  loss_ita: 1.4746  loss_itm: 0.0306  loss_lm: 3.3608  time: 0.6327  data: 0.0001  max mem: 22665
Train Epoch: [33]  [246/247]  eta: 0:00:00  lr: 0.000001  loss_ita: 1.5058  loss_itm: 0.0871  loss_lm: 3.6183  time: 0.6269  data: 0.0001  max mem: 22665
Train Epoch: [33] Total time: 0:02:36 (0.6327 s / it)
Averaged stats: lr: 0.0000  loss_ita: 2.2340  loss_itm: 0.1229  loss_lm: 3.4326
Train Epoch: [34]  [  0/247]  eta: 0:04:43  lr: 0.000001  loss_ita: 1.8602  loss_itm: 0.0207  loss_lm: 3.2087  time: 1.1472  data: 0.4751  max mem: 22665
Train Epoch: [34]  [ 50/247]  eta: 0:02:05  lr: 0.000001  loss_ita: 2.6032  loss_itm: 0.1160  loss_lm: 3.4536  time: 0.6282  data: 0.0001  max mem: 22665
Train Epoch: [34]  [100/247]  eta: 0:01:33  lr: 0.000001  loss_ita: 2.4897  loss_itm: 0.1669  loss_lm: 3.3134  time: 0.6290  data: 0.0001  max mem: 22665
Train Epoch: [34]  [150/247]  eta: 0:01:01  lr: 0.000001  loss_ita: 2.7366  loss_itm: 0.3315  loss_lm: 3.0791  time: 0.6297  data: 0.0001  max mem: 22665
Train Epoch: [34]  [200/247]  eta: 0:00:29  lr: 0.000001  loss_ita: 2.4642  loss_itm: 0.1365  loss_lm: 3.6291  time: 0.6269  data: 0.0001  max mem: 22665
Train Epoch: [34]  [246/247]  eta: 0:00:00  lr: 0.000001  loss_ita: 2.4338  loss_itm: 0.0545  loss_lm: 3.1176  time: 0.6292  data: 0.0001  max mem: 22665
Train Epoch: [34] Total time: 0:02:35 (0.6312 s / it)
Averaged stats: lr: 0.0000  loss_ita: 2.1111  loss_itm: 0.1217  loss_lm: 3.4305
Train Epoch: [35]  [  0/247]  eta: 0:04:44  lr: 0.000001  loss_ita: 2.1760  loss_itm: 0.0298  loss_lm: 3.4828  time: 1.1507  data: 0.4908  max mem: 22665
Train Epoch: [35]  [ 50/247]  eta: 0:02:05  lr: 0.000001  loss_ita: 1.8556  loss_itm: 0.0283  loss_lm: 3.1361  time: 0.6290  data: 0.0001  max mem: 22665
Train Epoch: [35]  [100/247]  eta: 0:01:33  lr: 0.000001  loss_ita: 2.4605  loss_itm: 0.1256  loss_lm: 3.3465  time: 0.6285  data: 0.0001  max mem: 22665
Train Epoch: [35]  [150/247]  eta: 0:01:01  lr: 0.000001  loss_ita: 1.9849  loss_itm: 0.0837  loss_lm: 3.1557  time: 0.6287  data: 0.0001  max mem: 22665
Train Epoch: [35]  [200/247]  eta: 0:00:29  lr: 0.000001  loss_ita: 1.9385  loss_itm: 0.0928  loss_lm: 3.9208  time: 0.6299  data: 0.0001  max mem: 22665
Train Epoch: [35]  [246/247]  eta: 0:00:00  lr: 0.000001  loss_ita: 1.8230  loss_itm: 0.2891  loss_lm: 3.8772  time: 0.6280  data: 0.0001  max mem: 22665
Train Epoch: [35] Total time: 0:02:36 (0.6319 s / it)
Averaged stats: lr: 0.0000  loss_ita: 2.1413  loss_itm: 0.1228  loss_lm: 3.4260
Train Epoch: [36]  [  0/247]  eta: 0:04:41  lr: 0.000001  loss_ita: 1.2338  loss_itm: 0.0746  loss_lm: 3.6851  time: 1.1390  data: 0.5007  max mem: 22665
Train Epoch: [36]  [ 50/247]  eta: 0:02:06  lr: 0.000001  loss_ita: 2.5595  loss_itm: 0.1939  loss_lm: 3.7379  time: 0.6316  data: 0.0001  max mem: 22665
Train Epoch: [36]  [100/247]  eta: 0:01:33  lr: 0.000001  loss_ita: 2.0536  loss_itm: 0.1781  loss_lm: 3.5008  time: 0.6282  data: 0.0001  max mem: 22665
Train Epoch: [36]  [150/247]  eta: 0:01:01  lr: 0.000001  loss_ita: 1.5598  loss_itm: 0.0148  loss_lm: 3.6046  time: 0.6295  data: 0.0001  max mem: 22665
Train Epoch: [36]  [200/247]  eta: 0:00:29  lr: 0.000001  loss_ita: 1.6493  loss_itm: 0.0131  loss_lm: 2.9973  time: 0.6294  data: 0.0001  max mem: 22665
Train Epoch: [36]  [246/247]  eta: 0:00:00  lr: 0.000001  loss_ita: 2.0023  loss_itm: 0.2537  loss_lm: 3.7123  time: 0.6286  data: 0.0001  max mem: 22665
Train Epoch: [36] Total time: 0:02:36 (0.6319 s / it)
Averaged stats: lr: 0.0000  loss_ita: 2.1799  loss_itm: 0.1159  loss_lm: 3.4223
Train Epoch: [37]  [  0/247]  eta: 0:04:48  lr: 0.000001  loss_ita: 2.4495  loss_itm: 0.0865  loss_lm: 3.2523  time: 1.1665  data: 0.5137  max mem: 22665
Train Epoch: [37]  [ 50/247]  eta: 0:02:05  lr: 0.000001  loss_ita: 2.7078  loss_itm: 0.0995  loss_lm: 3.5741  time: 0.6292  data: 0.0001  max mem: 22665
Train Epoch: [37]  [100/247]  eta: 0:01:33  lr: 0.000001  loss_ita: 2.2298  loss_itm: 0.2754  loss_lm: 3.7581  time: 0.6295  data: 0.0001  max mem: 22665
Train Epoch: [37]  [150/247]  eta: 0:01:01  lr: 0.000001  loss_ita: 2.7565  loss_itm: 0.3292  loss_lm: 3.3117  time: 0.6292  data: 0.0001  max mem: 22665
Train Epoch: [37]  [200/247]  eta: 0:00:29  lr: 0.000001  loss_ita: 2.3460  loss_itm: 0.0597  loss_lm: 3.4096  time: 0.6301  data: 0.0001  max mem: 22665
Train Epoch: [37]  [246/247]  eta: 0:00:00  lr: 0.000001  loss_ita: 2.7317  loss_itm: 0.1367  loss_lm: 3.7363  time: 0.6314  data: 0.0001  max mem: 22665
Train Epoch: [37] Total time: 0:02:36 (0.6322 s / it)
Averaged stats: lr: 0.0000  loss_ita: 2.1887  loss_itm: 0.1185  loss_lm: 3.4199
Train Epoch: [38]  [  0/247]  eta: 0:04:45  lr: 0.000001  loss_ita: 2.2000  loss_itm: 0.0929  loss_lm: 3.3489  time: 1.1555  data: 0.4931  max mem: 22665
Train Epoch: [38]  [ 50/247]  eta: 0:02:06  lr: 0.000001  loss_ita: 2.5969  loss_itm: 0.0364  loss_lm: 3.1523  time: 0.6298  data: 0.0001  max mem: 22665
Train Epoch: [38]  [100/247]  eta: 0:01:33  lr: 0.000001  loss_ita: 1.2017  loss_itm: 0.0043  loss_lm: 3.2066  time: 0.6286  data: 0.0001  max mem: 22665
Train Epoch: [38]  [150/247]  eta: 0:01:01  lr: 0.000001  loss_ita: 1.8681  loss_itm: 0.0329  loss_lm: 3.1858  time: 0.6318  data: 0.0001  max mem: 22665
Train Epoch: [38]  [200/247]  eta: 0:00:29  lr: 0.000001  loss_ita: 2.2421  loss_itm: 0.1952  loss_lm: 3.6543  time: 0.6292  data: 0.0001  max mem: 22665
Train Epoch: [38]  [246/247]  eta: 0:00:00  lr: 0.000001  loss_ita: 1.8379  loss_itm: 0.0601  loss_lm: 3.6295  time: 0.6300  data: 0.0001  max mem: 22665
Train Epoch: [38] Total time: 0:02:36 (0.6331 s / it)
Averaged stats: lr: 0.0000  loss_ita: 2.1236  loss_itm: 0.1168  loss_lm: 3.4177
Train Epoch: [39]  [  0/247]  eta: 0:04:51  lr: 0.000001  loss_ita: 2.4928  loss_itm: 0.0507  loss_lm: 3.2341  time: 1.1795  data: 0.4757  max mem: 22665
Train Epoch: [39]  [ 50/247]  eta: 0:02:06  lr: 0.000001  loss_ita: 1.9145  loss_itm: 0.0176  loss_lm: 3.9613  time: 0.6290  data: 0.0001  max mem: 22665
Train Epoch: [39]  [100/247]  eta: 0:01:33  lr: 0.000001  loss_ita: 2.3725  loss_itm: 0.2173  loss_lm: 3.2525  time: 0.6296  data: 0.0001  max mem: 22665
Train Epoch: [39]  [150/247]  eta: 0:01:01  lr: 0.000001  loss_ita: 2.4045  loss_itm: 0.1014  loss_lm: 3.3817  time: 0.6280  data: 0.0001  max mem: 22665
Train Epoch: [39]  [200/247]  eta: 0:00:29  lr: 0.000001  loss_ita: 2.0288  loss_itm: 0.0431  loss_lm: 3.0666  time: 0.6296  data: 0.0001  max mem: 22665
Train Epoch: [39]  [246/247]  eta: 0:00:00  lr: 0.000001  loss_ita: 2.6339  loss_itm: 0.1031  loss_lm: 3.3255  time: 0.6277  data: 0.0001  max mem: 22665
Train Epoch: [39] Total time: 0:02:36 (0.6319 s / it)
Averaged stats: lr: 0.0000  loss_ita: 2.0842  loss_itm: 0.1157  loss_lm: 3.4133
Train Epoch: [40]  [  0/247]  eta: 0:04:43  lr: 0.000001  loss_ita: 2.9139  loss_itm: 0.2057  loss_lm: 3.4820  time: 1.1483  data: 0.4957  max mem: 22665
Train Epoch: [40]  [ 50/247]  eta: 0:02:05  lr: 0.000001  loss_ita: 1.9990  loss_itm: 0.1557  loss_lm: 3.2434  time: 0.6275  data: 0.0001  max mem: 22665
Train Epoch: [40]  [100/247]  eta: 0:01:32  lr: 0.000001  loss_ita: 1.9477  loss_itm: 0.0375  loss_lm: 3.4637  time: 0.6275  data: 0.0001  max mem: 22665
Train Epoch: [40]  [150/247]  eta: 0:01:01  lr: 0.000001  loss_ita: 1.4542  loss_itm: 0.0685  loss_lm: 3.9892  time: 0.6286  data: 0.0001  max mem: 22665
Train Epoch: [40]  [200/247]  eta: 0:00:29  lr: 0.000001  loss_ita: 1.4429  loss_itm: 0.0087  loss_lm: 3.6495  time: 0.6285  data: 0.0001  max mem: 22665
Train Epoch: [40]  [246/247]  eta: 0:00:00  lr: 0.000001  loss_ita: 2.2709  loss_itm: 0.0902  loss_lm: 3.3432  time: 0.6306  data: 0.0001  max mem: 22665
Train Epoch: [40] Total time: 0:02:35 (0.6313 s / it)
Averaged stats: lr: 0.0000  loss_ita: 2.0858  loss_itm: 0.1123  loss_lm: 3.4084
Train Epoch: [41]  [  0/247]  eta: 0:04:49  lr: 0.000001  loss_ita: 3.2140  loss_itm: 0.2550  loss_lm: 3.4747  time: 1.1723  data: 0.4771  max mem: 22665
Train Epoch: [41]  [ 50/247]  eta: 0:02:06  lr: 0.000001  loss_ita: 2.1884  loss_itm: 0.0237  loss_lm: 3.3392  time: 0.6290  data: 0.0001  max mem: 22665
Train Epoch: [41]  [100/247]  eta: 0:01:33  lr: 0.000001  loss_ita: 1.0986  loss_itm: 0.0228  loss_lm: 3.3132  time: 0.6282  data: 0.0001  max mem: 22665
Train Epoch: [41]  [150/247]  eta: 0:01:01  lr: 0.000001  loss_ita: 1.7551  loss_itm: 0.2251  loss_lm: 3.5110  time: 0.6291  data: 0.0001  max mem: 22665
Train Epoch: [41]  [200/247]  eta: 0:00:29  lr: 0.000001  loss_ita: 2.1467  loss_itm: 0.0860  loss_lm: 3.8373  time: 0.6279  data: 0.0001  max mem: 22665
Train Epoch: [41]  [246/247]  eta: 0:00:00  lr: 0.000001  loss_ita: 2.2699  loss_itm: 0.0304  loss_lm: 3.4323  time: 0.6277  data: 0.0001  max mem: 22665
Train Epoch: [41] Total time: 0:02:36 (0.6318 s / it)
Averaged stats: lr: 0.0000  loss_ita: 2.1817  loss_itm: 0.1138  loss_lm: 3.4113
Train Epoch: [42]  [  0/247]  eta: 0:04:42  lr: 0.000001  loss_ita: 2.2713  loss_itm: 0.1240  loss_lm: 3.8716  time: 1.1436  data: 0.4909  max mem: 22665
Train Epoch: [42]  [ 50/247]  eta: 0:02:05  lr: 0.000001  loss_ita: 1.4623  loss_itm: 0.0172  loss_lm: 2.9550  time: 0.6290  data: 0.0001  max mem: 22665
Train Epoch: [42]  [100/247]  eta: 0:01:33  lr: 0.000001  loss_ita: 2.0000  loss_itm: 0.0672  loss_lm: 3.9846  time: 0.6304  data: 0.0001  max mem: 22665
Train Epoch: [42]  [150/247]  eta: 0:01:01  lr: 0.000001  loss_ita: 1.7801  loss_itm: 0.0410  loss_lm: 3.6425  time: 0.6283  data: 0.0001  max mem: 22665
Train Epoch: [42]  [200/247]  eta: 0:00:29  lr: 0.000001  loss_ita: 1.6581  loss_itm: 0.0119  loss_lm: 3.4233  time: 0.6297  data: 0.0001  max mem: 22666
Train Epoch: [42]  [246/247]  eta: 0:00:00  lr: 0.000001  loss_ita: 1.6750  loss_itm: 0.0128  loss_lm: 3.2016  time: 0.6279  data: 0.0001  max mem: 22666
Train Epoch: [42] Total time: 0:02:36 (0.6318 s / it)
Averaged stats: lr: 0.0000  loss_ita: 2.1626  loss_itm: 0.1115  loss_lm: 3.4042
Train Epoch: [43]  [  0/247]  eta: 0:04:43  lr: 0.000001  loss_ita: 1.8981  loss_itm: 0.2614  loss_lm: 3.3728  time: 1.1474  data: 0.4799  max mem: 22666
Train Epoch: [43]  [ 50/247]  eta: 0:02:05  lr: 0.000001  loss_ita: 2.6925  loss_itm: 0.1852  loss_lm: 3.1597  time: 0.6296  data: 0.0001  max mem: 22666
Train Epoch: [43]  [100/247]  eta: 0:01:33  lr: 0.000001  loss_ita: 1.7644  loss_itm: 0.0847  loss_lm: 3.6354  time: 0.6310  data: 0.0001  max mem: 22666
Train Epoch: [43]  [150/247]  eta: 0:01:01  lr: 0.000001  loss_ita: 1.6968  loss_itm: 0.0252  loss_lm: 3.5623  time: 0.6283  data: 0.0001  max mem: 22666
Train Epoch: [43]  [200/247]  eta: 0:00:29  lr: 0.000001  loss_ita: 2.2382  loss_itm: 0.0919  loss_lm: 3.5040  time: 0.6289  data: 0.0001  max mem: 22666
Train Epoch: [43]  [246/247]  eta: 0:00:00  lr: 0.000001  loss_ita: 2.8699  loss_itm: 0.2242  loss_lm: 3.6929  time: 0.6289  data: 0.0001  max mem: 22666
Train Epoch: [43] Total time: 0:02:36 (0.6320 s / it)
Averaged stats: lr: 0.0000  loss_ita: 2.0587  loss_itm: 0.1157  loss_lm: 3.4027
Train Epoch: [44]  [  0/247]  eta: 0:04:49  lr: 0.000001  loss_ita: 2.3037  loss_itm: 0.0195  loss_lm: 3.0985  time: 1.1739  data: 0.5068  max mem: 22666
Train Epoch: [44]  [ 50/247]  eta: 0:02:05  lr: 0.000001  loss_ita: 1.3095  loss_itm: 0.0401  loss_lm: 3.7059  time: 0.6271  data: 0.0001  max mem: 22666
Train Epoch: [44]  [100/247]  eta: 0:01:33  lr: 0.000001  loss_ita: 2.2937  loss_itm: 0.0601  loss_lm: 3.5623  time: 0.6281  data: 0.0001  max mem: 22666
Train Epoch: [44]  [150/247]  eta: 0:01:01  lr: 0.000001  loss_ita: 1.5007  loss_itm: 0.0865  loss_lm: 3.1723  time: 0.6292  data: 0.0001  max mem: 22666
Train Epoch: [44]  [200/247]  eta: 0:00:29  lr: 0.000001  loss_ita: 1.4292  loss_itm: 0.0406  loss_lm: 3.3430  time: 0.6287  data: 0.0001  max mem: 22666
Train Epoch: [44]  [246/247]  eta: 0:00:00  lr: 0.000001  loss_ita: 2.1931  loss_itm: 0.3392  loss_lm: 3.2068  time: 0.6278  data: 0.0001  max mem: 22666
Train Epoch: [44] Total time: 0:02:36 (0.6320 s / it)
Averaged stats: lr: 0.0000  loss_ita: 2.0008  loss_itm: 0.1149  loss_lm: 3.4018
Train Epoch: [45]  [  0/247]  eta: 0:07:35  lr: 0.000001  loss_ita: 1.9283  loss_itm: 0.0204  loss_lm: 3.4975  time: 1.8447  data: 0.4956  max mem: 23521
Train Epoch: [45]  [ 50/247]  eta: 0:02:09  lr: 0.000001  loss_ita: 2.5343  loss_itm: 0.1420  loss_lm: 3.6314  time: 0.6305  data: 0.0001  max mem: 23547
Train Epoch: [45]  [100/247]  eta: 0:01:34  lr: 0.000001  loss_ita: 1.7185  loss_itm: 0.1674  loss_lm: 3.2430  time: 0.6286  data: 0.0001  max mem: 23547
Train Epoch: [45]  [150/247]  eta: 0:01:01  lr: 0.000001  loss_ita: 1.7026  loss_itm: 0.0699  loss_lm: 3.0289  time: 0.6248  data: 0.0001  max mem: 23547
Train Epoch: [45]  [200/247]  eta: 0:00:29  lr: 0.000001  loss_ita: 2.3648  loss_itm: 0.0961  loss_lm: 3.6739  time: 0.6296  data: 0.0001  max mem: 23551
Train Epoch: [45]  [246/247]  eta: 0:00:00  lr: 0.000001  loss_ita: 1.7266  loss_itm: 0.0055  loss_lm: 3.2923  time: 0.6286  data: 0.0001  max mem: 23551
Train Epoch: [45] Total time: 0:02:36 (0.6350 s / it)
Averaged stats: lr: 0.0000  loss_ita: 2.0016  loss_itm: 0.1134  loss_lm: 3.3921
Train Epoch: [46]  [  0/247]  eta: 0:04:47  lr: 0.000001  loss_ita: 3.2591  loss_itm: 0.3781  loss_lm: 3.4878  time: 1.1633  data: 0.4977  max mem: 23551
Train Epoch: [46]  [ 50/247]  eta: 0:02:05  lr: 0.000001  loss_ita: 2.1982  loss_itm: 0.1290  loss_lm: 3.0299  time: 0.6279  data: 0.0001  max mem: 23551
Train Epoch: [46]  [100/247]  eta: 0:01:33  lr: 0.000001  loss_ita: 1.0485  loss_itm: 0.0150  loss_lm: 3.3885  time: 0.6283  data: 0.0001  max mem: 23551
Train Epoch: [46]  [150/247]  eta: 0:01:01  lr: 0.000001  loss_ita: 2.6227  loss_itm: 0.1347  loss_lm: 3.4596  time: 0.6286  data: 0.0001  max mem: 23553
Train Epoch: [46]  [200/247]  eta: 0:00:29  lr: 0.000001  loss_ita: 2.1799  loss_itm: 0.1494  loss_lm: 3.3336  time: 0.6289  data: 0.0001  max mem: 23553
Train Epoch: [46]  [246/247]  eta: 0:00:00  lr: 0.000001  loss_ita: 2.1891  loss_itm: 0.0304  loss_lm: 3.1769  time: 0.6287  data: 0.0001  max mem: 23560
Train Epoch: [46] Total time: 0:02:35 (0.6313 s / it)
Averaged stats: lr: 0.0000  loss_ita: 2.0478  loss_itm: 0.1054  loss_lm: 3.3930
Train Epoch: [47]  [  0/247]  eta: 0:04:46  lr: 0.000001  loss_ita: 1.7547  loss_itm: 0.0980  loss_lm: 3.4735  time: 1.1587  data: 0.5036  max mem: 23560
Train Epoch: [47]  [ 50/247]  eta: 0:02:06  lr: 0.000001  loss_ita: 2.2298  loss_itm: 0.0933  loss_lm: 3.4813  time: 0.6292  data: 0.0001  max mem: 23560
Train Epoch: [47]  [100/247]  eta: 0:01:33  lr: 0.000001  loss_ita: 1.8100  loss_itm: 0.1105  loss_lm: 3.3347  time: 0.6292  data: 0.0001  max mem: 23560
Train Epoch: [47]  [150/247]  eta: 0:01:01  lr: 0.000001  loss_ita: 2.2522  loss_itm: 0.0765  loss_lm: 3.6256  time: 0.6280  data: 0.0001  max mem: 23560
Train Epoch: [47]  [200/247]  eta: 0:00:29  lr: 0.000001  loss_ita: 2.3192  loss_itm: 0.0866  loss_lm: 3.7207  time: 0.6287  data: 0.0001  max mem: 23560
Train Epoch: [47]  [246/247]  eta: 0:00:00  lr: 0.000001  loss_ita: 2.2092  loss_itm: 0.1137  loss_lm: 3.2563  time: 0.6291  data: 0.0001  max mem: 23560
Train Epoch: [47] Total time: 0:02:36 (0.6319 s / it)
Averaged stats: lr: 0.0000  loss_ita: 2.0521  loss_itm: 0.1129  loss_lm: 3.3916
Train Epoch: [48]  [  0/247]  eta: 0:04:44  lr: 0.000001  loss_ita: 1.9216  loss_itm: 0.0165  loss_lm: 2.7266  time: 1.1500  data: 0.4952  max mem: 23560
Train Epoch: [48]  [ 50/247]  eta: 0:02:06  lr: 0.000001  loss_ita: 2.5109  loss_itm: 0.0866  loss_lm: 3.1686  time: 0.6289  data: 0.0001  max mem: 23560
Train Epoch: [48]  [100/247]  eta: 0:01:33  lr: 0.000001  loss_ita: 1.5146  loss_itm: 0.0064  loss_lm: 3.4531  time: 0.6271  data: 0.0001  max mem: 23560
Train Epoch: [48]  [150/247]  eta: 0:01:01  lr: 0.000001  loss_ita: 1.6871  loss_itm: 0.0781  loss_lm: 3.7992  time: 0.6289  data: 0.0001  max mem: 23560
Train Epoch: [48]  [200/247]  eta: 0:00:29  lr: 0.000001  loss_ita: 1.8751  loss_itm: 0.0365  loss_lm: 3.1257  time: 0.6275  data: 0.0001  max mem: 23560
Train Epoch: [48]  [246/247]  eta: 0:00:00  lr: 0.000001  loss_ita: 2.0357  loss_itm: 0.0712  loss_lm: 3.3568  time: 0.6277  data: 0.0001  max mem: 23560
Train Epoch: [48] Total time: 0:02:36 (0.6316 s / it)
Averaged stats: lr: 0.0000  loss_ita: 1.9748  loss_itm: 0.1076  loss_lm: 3.3842
Train Epoch: [49]  [  0/247]  eta: 0:04:44  lr: 0.000001  loss_ita: 1.7424  loss_itm: 0.0395  loss_lm: 3.5576  time: 1.1509  data: 0.4957  max mem: 23560
Train Epoch: [49]  [ 50/247]  eta: 0:02:05  lr: 0.000001  loss_ita: 1.6228  loss_itm: 0.0128  loss_lm: 3.0540  time: 0.6286  data: 0.0001  max mem: 23560
Train Epoch: [49]  [100/247]  eta: 0:01:33  lr: 0.000001  loss_ita: 1.6811  loss_itm: 0.0644  loss_lm: 3.5290  time: 0.6298  data: 0.0001  max mem: 23560
Train Epoch: [49]  [150/247]  eta: 0:01:01  lr: 0.000001  loss_ita: 1.8774  loss_itm: 0.0509  loss_lm: 3.2727  time: 0.6308  data: 0.0001  max mem: 23560
Train Epoch: [49]  [200/247]  eta: 0:00:29  lr: 0.000001  loss_ita: 2.2443  loss_itm: 0.1597  loss_lm: 2.8993  time: 0.6281  data: 0.0001  max mem: 23560
Train Epoch: [49]  [246/247]  eta: 0:00:00  lr: 0.000001  loss_ita: 2.4369  loss_itm: 0.1132  loss_lm: 3.7139  time: 0.6271  data: 0.0001  max mem: 23560
Train Epoch: [49] Total time: 0:02:36 (0.6320 s / it)
Averaged stats: lr: 0.0000  loss_ita: 1.9249  loss_itm: 0.1115  loss_lm: 3.3828
Train Epoch: [50]  [  0/247]  eta: 0:04:45  lr: 0.000001  loss_ita: 2.5325  loss_itm: 0.1075  loss_lm: 3.7031  time: 1.1575  data: 0.4718  max mem: 23562
Train Epoch: [50]  [ 50/247]  eta: 0:02:05  lr: 0.000001  loss_ita: 2.2684  loss_itm: 0.0571  loss_lm: 3.3297  time: 0.6256  data: 0.0001  max mem: 23577
Train Epoch: [50]  [100/247]  eta: 0:01:32  lr: 0.000001  loss_ita: 1.4922  loss_itm: 0.0111  loss_lm: 3.5931  time: 0.6275  data: 0.0001  max mem: 23577
Train Epoch: [50]  [150/247]  eta: 0:01:01  lr: 0.000001  loss_ita: 1.5009  loss_itm: 0.0127  loss_lm: 3.3582  time: 0.6304  data: 0.0001  max mem: 23577
Train Epoch: [50]  [200/247]  eta: 0:00:29  lr: 0.000001  loss_ita: 1.5624  loss_itm: 0.0055  loss_lm: 3.4107  time: 0.6266  data: 0.0001  max mem: 23577
Train Epoch: [50]  [246/247]  eta: 0:00:00  lr: 0.000001  loss_ita: 3.1556  loss_itm: 0.1846  loss_lm: 3.1849  time: 0.6263  data: 0.0001  max mem: 23577
Train Epoch: [50] Total time: 0:02:35 (0.6303 s / it)
Averaged stats: lr: 0.0000  loss_ita: 1.9745  loss_itm: 0.1074  loss_lm: 3.3820
Train Epoch: [51]  [  0/247]  eta: 0:04:47  lr: 0.000001  loss_ita: 2.2751  loss_itm: 0.0361  loss_lm: 3.3716  time: 1.1654  data: 0.4861  max mem: 23577
Train Epoch: [51]  [ 50/247]  eta: 0:02:05  lr: 0.000001  loss_ita: 2.4705  loss_itm: 0.1093  loss_lm: 3.4642  time: 0.6290  data: 0.0001  max mem: 23577
Train Epoch: [51]  [100/247]  eta: 0:01:33  lr: 0.000001  loss_ita: 2.2191  loss_itm: 0.0928  loss_lm: 3.0123  time: 0.6279  data: 0.0001  max mem: 23577
Train Epoch: [51]  [150/247]  eta: 0:01:01  lr: 0.000001  loss_ita: 1.5330  loss_itm: 0.0856  loss_lm: 3.2354  time: 0.6286  data: 0.0001  max mem: 23577
Train Epoch: [51]  [200/247]  eta: 0:00:29  lr: 0.000001  loss_ita: 1.3486  loss_itm: 0.0322  loss_lm: 3.2620  time: 0.6295  data: 0.0001  max mem: 23577
Train Epoch: [51]  [246/247]  eta: 0:00:00  lr: 0.000001  loss_ita: 1.7150  loss_itm: 0.0951  loss_lm: 2.8797  time: 0.6285  data: 0.0001  max mem: 23577
Train Epoch: [51] Total time: 0:02:36 (0.6317 s / it)
Averaged stats: lr: 0.0000  loss_ita: 2.0114  loss_itm: 0.1125  loss_lm: 3.3772
Train Epoch: [52]  [  0/247]  eta: 0:04:41  lr: 0.000001  loss_ita: 1.8340  loss_itm: 0.0237  loss_lm: 3.6982  time: 1.1405  data: 0.4933  max mem: 23577
Train Epoch: [52]  [ 50/247]  eta: 0:02:05  lr: 0.000001  loss_ita: 2.1737  loss_itm: 0.0977  loss_lm: 3.4908  time: 0.6308  data: 0.0001  max mem: 23577
Train Epoch: [52]  [100/247]  eta: 0:01:33  lr: 0.000001  loss_ita: 1.9826  loss_itm: 0.2872  loss_lm: 3.4020  time: 0.6276  data: 0.0001  max mem: 23577
Train Epoch: [52]  [150/247]  eta: 0:01:01  lr: 0.000001  loss_ita: 2.0103  loss_itm: 0.1271  loss_lm: 3.7160  time: 0.6293  data: 0.0001  max mem: 23577
Train Epoch: [52]  [200/247]  eta: 0:00:29  lr: 0.000001  loss_ita: 1.9726  loss_itm: 0.3446  loss_lm: 3.3540  time: 0.6273  data: 0.0001  max mem: 23577
Train Epoch: [52]  [246/247]  eta: 0:00:00  lr: 0.000001  loss_ita: 2.4069  loss_itm: 0.0930  loss_lm: 3.8094  time: 0.6307  data: 0.0001  max mem: 23577
Train Epoch: [52] Total time: 0:02:35 (0.6313 s / it)
Averaged stats: lr: 0.0000  loss_ita: 2.0086  loss_itm: 0.1100  loss_lm: 3.3768
Train Epoch: [53]  [  0/247]  eta: 0:05:14  lr: 0.000001  loss_ita: 1.8586  loss_itm: 0.1072  loss_lm: 3.2022  time: 1.2724  data: 0.5209  max mem: 23577
Train Epoch: [53]  [ 50/247]  eta: 0:02:06  lr: 0.000001  loss_ita: 2.0868  loss_itm: 0.0283  loss_lm: 3.0681  time: 0.6275  data: 0.0001  max mem: 23577
Train Epoch: [53]  [100/247]  eta: 0:01:33  lr: 0.000001  loss_ita: 1.8133  loss_itm: 0.0238  loss_lm: 3.1623  time: 0.6269  data: 0.0001  max mem: 23577
Train Epoch: [53]  [150/247]  eta: 0:01:01  lr: 0.000001  loss_ita: 2.6616  loss_itm: 0.2629  loss_lm: 3.8764  time: 0.6271  data: 0.0001  max mem: 23577
Train Epoch: [53]  [200/247]  eta: 0:00:29  lr: 0.000001  loss_ita: 1.6792  loss_itm: 0.1141  loss_lm: 3.2845  time: 0.6286  data: 0.0001  max mem: 23577
Train Epoch: [53]  [246/247]  eta: 0:00:00  lr: 0.000001  loss_ita: 1.9140  loss_itm: 0.0893  loss_lm: 3.4769  time: 0.6292  data: 0.0001  max mem: 23577
Train Epoch: [53] Total time: 0:02:36 (0.6321 s / it)
Averaged stats: lr: 0.0000  loss_ita: 1.9774  loss_itm: 0.1087  loss_lm: 3.3740
Train Epoch: [54]  [  0/247]  eta: 0:04:48  lr: 0.000001  loss_ita: 2.8805  loss_itm: 0.3220  loss_lm: 3.4133  time: 1.1678  data: 0.5065  max mem: 23577
Train Epoch: [54]  [ 50/247]  eta: 0:02:05  lr: 0.000001  loss_ita: 1.3626  loss_itm: 0.0453  loss_lm: 3.4200  time: 0.6269  data: 0.0001  max mem: 23578
Train Epoch: [54]  [100/247]  eta: 0:01:32  lr: 0.000001  loss_ita: 1.6103  loss_itm: 0.0309  loss_lm: 3.4745  time: 0.6255  data: 0.0001  max mem: 23578
Train Epoch: [54]  [150/247]  eta: 0:01:01  lr: 0.000001  loss_ita: 2.3337  loss_itm: 0.0845  loss_lm: 3.2946  time: 0.6306  data: 0.0001  max mem: 23578
Train Epoch: [54]  [200/247]  eta: 0:00:29  lr: 0.000001  loss_ita: 2.0577  loss_itm: 0.0363  loss_lm: 3.0217  time: 0.6284  data: 0.0001  max mem: 23578
Train Epoch: [54]  [246/247]  eta: 0:00:00  lr: 0.000001  loss_ita: 3.1708  loss_itm: 0.3368  loss_lm: 3.9384  time: 0.6280  data: 0.0001  max mem: 23578
Train Epoch: [54] Total time: 0:02:35 (0.6306 s / it)
Averaged stats: lr: 0.0000  loss_ita: 1.9529  loss_itm: 0.1073  loss_lm: 3.3721
Train Epoch: [55]  [  0/247]  eta: 0:04:39  lr: 0.000001  loss_ita: 2.5050  loss_itm: 0.0985  loss_lm: 3.8358  time: 1.1296  data: 0.4668  max mem: 23578
Train Epoch: [55]  [ 50/247]  eta: 0:02:05  lr: 0.000001  loss_ita: 1.7016  loss_itm: 0.0200  loss_lm: 3.6337  time: 0.6253  data: 0.0001  max mem: 23578
Train Epoch: [55]  [100/247]  eta: 0:01:32  lr: 0.000001  loss_ita: 2.0138  loss_itm: 0.0939  loss_lm: 3.6686  time: 0.6301  data: 0.0001  max mem: 23578
Train Epoch: [55]  [150/247]  eta: 0:01:01  lr: 0.000001  loss_ita: 1.4064  loss_itm: 0.0165  loss_lm: 3.6626  time: 0.6250  data: 0.0001  max mem: 23579
Train Epoch: [55]  [200/247]  eta: 0:00:29  lr: 0.000001  loss_ita: 1.6020  loss_itm: 0.1777  loss_lm: 3.3444  time: 0.6267  data: 0.0001  max mem: 23579
Train Epoch: [55]  [246/247]  eta: 0:00:00  lr: 0.000001  loss_ita: 1.8127  loss_itm: 0.2134  loss_lm: 3.3944  time: 0.6261  data: 0.0001  max mem: 23579
Train Epoch: [55] Total time: 0:02:35 (0.6296 s / it)
Averaged stats: lr: 0.0000  loss_ita: 1.9717  loss_itm: 0.1134  loss_lm: 3.3727
Train Epoch: [56]  [  0/247]  eta: 0:04:40  lr: 0.000001  loss_ita: 2.6436  loss_itm: 0.0968  loss_lm: 3.3603  time: 1.1337  data: 0.4871  max mem: 23579
Train Epoch: [56]  [ 50/247]  eta: 0:02:05  lr: 0.000001  loss_ita: 1.6701  loss_itm: 0.2181  loss_lm: 3.3947  time: 0.6254  data: 0.0001  max mem: 23579
Train Epoch: [56]  [100/247]  eta: 0:01:32  lr: 0.000001  loss_ita: 2.0330  loss_itm: 0.0257  loss_lm: 3.7242  time: 0.6281  data: 0.0001  max mem: 23579
Train Epoch: [56]  [150/247]  eta: 0:01:01  lr: 0.000001  loss_ita: 1.6775  loss_itm: 0.1614  loss_lm: 3.3956  time: 0.6285  data: 0.0001  max mem: 23579
Train Epoch: [56]  [200/247]  eta: 0:00:29  lr: 0.000001  loss_ita: 4.3309  loss_itm: 0.3745  loss_lm: 3.5051  time: 0.6288  data: 0.0001  max mem: 23579
Train Epoch: [56]  [246/247]  eta: 0:00:00  lr: 0.000001  loss_ita: 1.6092  loss_itm: 0.1835  loss_lm: 3.2158  time: 0.6277  data: 0.0001  max mem: 23579
Train Epoch: [56] Total time: 0:02:35 (0.6308 s / it)
Averaged stats: lr: 0.0000  loss_ita: 1.9409  loss_itm: 0.1060  loss_lm: 3.3651
Train Epoch: [57]  [  0/247]  eta: 0:04:36  lr: 0.000001  loss_ita: 1.5485  loss_itm: 0.0216  loss_lm: 3.0160  time: 1.1190  data: 0.4702  max mem: 23579
Train Epoch: [57]  [ 50/247]  eta: 0:02:05  lr: 0.000001  loss_ita: 1.8900  loss_itm: 0.1570  loss_lm: 3.3217  time: 0.6281  data: 0.0001  max mem: 23579
Train Epoch: [57]  [100/247]  eta: 0:01:33  lr: 0.000001  loss_ita: 1.7472  loss_itm: 0.0146  loss_lm: 3.0044  time: 0.6269  data: 0.0001  max mem: 23579
Train Epoch: [57]  [150/247]  eta: 0:01:01  lr: 0.000001  loss_ita: 1.4801  loss_itm: 0.0633  loss_lm: 3.7120  time: 0.6272  data: 0.0001  max mem: 23579
Train Epoch: [57]  [200/247]  eta: 0:00:29  lr: 0.000001  loss_ita: 2.3351  loss_itm: 0.1080  loss_lm: 3.5277  time: 0.6311  data: 0.0001  max mem: 23579
Train Epoch: [57]  [246/247]  eta: 0:00:00  lr: 0.000001  loss_ita: 1.8620  loss_itm: 0.0810  loss_lm: 3.0656  time: 0.6272  data: 0.0001  max mem: 23579
Train Epoch: [57] Total time: 0:02:36 (0.6316 s / it)
Averaged stats: lr: 0.0000  loss_ita: 1.8857  loss_itm: 0.0992  loss_lm: 3.3625
Train Epoch: [58]  [  0/247]  eta: 0:04:50  lr: 0.000001  loss_ita: 1.2849  loss_itm: 0.0935  loss_lm: 3.1912  time: 1.1752  data: 0.5422  max mem: 23579
Train Epoch: [58]  [ 50/247]  eta: 0:02:05  lr: 0.000001  loss_ita: 2.9754  loss_itm: 0.2686  loss_lm: 3.4345  time: 0.6281  data: 0.0001  max mem: 23579
Train Epoch: [58]  [100/247]  eta: 0:01:33  lr: 0.000001  loss_ita: 2.0754  loss_itm: 0.0982  loss_lm: 3.7393  time: 0.6302  data: 0.0001  max mem: 23579
Train Epoch: [58]  [150/247]  eta: 0:01:01  lr: 0.000001  loss_ita: 1.3522  loss_itm: 0.0694  loss_lm: 3.1869  time: 0.6287  data: 0.0001  max mem: 23579
Train Epoch: [58]  [200/247]  eta: 0:00:29  lr: 0.000001  loss_ita: 2.4869  loss_itm: 0.1663  loss_lm: 3.2073  time: 0.6278  data: 0.0001  max mem: 23579
Train Epoch: [58]  [246/247]  eta: 0:00:00  lr: 0.000001  loss_ita: 2.4854  loss_itm: 0.2330  loss_lm: 3.1414  time: 0.6270  data: 0.0001  max mem: 23579
Train Epoch: [58] Total time: 0:02:36 (0.6318 s / it)
Averaged stats: lr: 0.0000  loss_ita: 1.8858  loss_itm: 0.1038  loss_lm: 3.3597
Train Epoch: [59]  [  0/247]  eta: 0:04:43  lr: 0.000001  loss_ita: 2.4389  loss_itm: 0.1720  loss_lm: 3.2471  time: 1.1489  data: 0.4974  max mem: 23579
Train Epoch: [59]  [ 50/247]  eta: 0:02:06  lr: 0.000001  loss_ita: 1.7704  loss_itm: 0.0955  loss_lm: 3.6941  time: 0.6296  data: 0.0001  max mem: 23579
Train Epoch: [59]  [100/247]  eta: 0:01:33  lr: 0.000001  loss_ita: 1.8887  loss_itm: 0.0787  loss_lm: 3.4843  time: 0.6268  data: 0.0001  max mem: 23579
Train Epoch: [59]  [150/247]  eta: 0:01:01  lr: 0.000001  loss_ita: 2.4467  loss_itm: 0.1012  loss_lm: 3.3700  time: 0.6278  data: 0.0001  max mem: 23579
Train Epoch: [59]  [200/247]  eta: 0:00:29  lr: 0.000001  loss_ita: 2.1043  loss_itm: 0.0117  loss_lm: 3.1361  time: 0.6282  data: 0.0001  max mem: 23579
Train Epoch: [59]  [246/247]  eta: 0:00:00  lr: 0.000001  loss_ita: 1.3083  loss_itm: 0.0048  loss_lm: 3.1321  time: 0.6269  data: 0.0001  max mem: 23579
Train Epoch: [59] Total time: 0:02:35 (0.6313 s / it)
Averaged stats: lr: 0.0000  loss_ita: 1.8955  loss_itm: 0.0993  loss_lm: 3.3562
Training time 2:39:22
