nohup: ignoring input
WARNING:__main__:
*****************************************
Setting OMP_NUM_THREADS environment variable for each process to be 1 in default, to avoid your system being overloaded, please further tune the variable for optimal performance in your application as needed. 
*****************************************
| distributed init (rank 3, word 4): env://
| distributed init (rank 0, word 4): env://
| distributed init (rank 2, word 4): env://
| distributed init (rank 1, word 4): env://
Creating dataset
loading /home/monajati/main/med/blip/med_data/medical_20k_50per.json
number of training samples: 11397
Creating model
/embeddings/word_embeddings is tied
/embeddings/position_embeddings is tied
/embeddings/LayerNorm is tied
/encoder/layer/0/crossattention/self/query is tied
/encoder/layer/0/crossattention/self/key is tied
/encoder/layer/0/crossattention/self/value is tied
/encoder/layer/0/crossattention/output/dense is tied
/encoder/layer/0/crossattention/output/LayerNorm is tied
/encoder/layer/0/intermediate/dense is tied
/encoder/layer/0/output/dense is tied
/encoder/layer/0/output/LayerNorm is tied
/encoder/layer/1/crossattention/self/query is tied
/encoder/layer/1/crossattention/self/key is tied
/encoder/layer/1/crossattention/self/value is tied
/encoder/layer/1/crossattention/output/dense is tied
/encoder/layer/1/crossattention/output/LayerNorm is tied
/encoder/layer/1/intermediate/dense is tied
/encoder/layer/1/output/dense is tied
/encoder/layer/1/output/LayerNorm is tied
/encoder/layer/2/crossattention/self/query is tied
/encoder/layer/2/crossattention/self/key is tied
/encoder/layer/2/crossattention/self/value is tied
/encoder/layer/2/crossattention/output/dense is tied
/encoder/layer/2/crossattention/output/LayerNorm is tied
/encoder/layer/2/intermediate/dense is tied
/encoder/layer/2/output/dense is tied
/encoder/layer/2/output/LayerNorm is tied
/encoder/layer/3/crossattention/self/query is tied
/encoder/layer/3/crossattention/self/key is tied
/encoder/layer/3/crossattention/self/value is tied
/encoder/layer/3/crossattention/output/dense is tied
/encoder/layer/3/crossattention/output/LayerNorm is tied
/encoder/layer/3/intermediate/dense is tied
/encoder/layer/3/output/dense is tied
/encoder/layer/3/output/LayerNorm is tied
/encoder/layer/4/crossattention/self/query is tied
/encoder/layer/4/crossattention/self/key is tied
/encoder/layer/4/crossattention/self/value is tied
/encoder/layer/4/crossattention/output/dense is tied
/encoder/layer/4/crossattention/output/LayerNorm is tied
/encoder/layer/4/intermediate/dense is tied
/encoder/layer/4/output/dense is tied
/encoder/layer/4/output/LayerNorm is tied
/encoder/layer/5/crossattention/self/query is tied
/encoder/layer/5/crossattention/self/key is tied
/encoder/layer/5/crossattention/self/value is tied
/encoder/layer/5/crossattention/output/dense is tied
/encoder/layer/5/crossattention/output/LayerNorm is tied
/encoder/layer/5/intermediate/dense is tied
/encoder/layer/5/output/dense is tied
/encoder/layer/5/output/LayerNorm is tied
/encoder/layer/6/crossattention/self/query is tied
/encoder/layer/6/crossattention/self/key is tied
/encoder/layer/6/crossattention/self/value is tied
/encoder/layer/6/crossattention/output/dense is tied
/encoder/layer/6/crossattention/output/LayerNorm is tied
/encoder/layer/6/intermediate/dense is tied
/encoder/layer/6/output/dense is tied
/encoder/layer/6/output/LayerNorm is tied
/encoder/layer/7/crossattention/self/query is tied
/encoder/layer/7/crossattention/self/key is tied
/encoder/layer/7/crossattention/self/value is tied
/encoder/layer/7/crossattention/output/dense is tied
/encoder/layer/7/crossattention/output/LayerNorm is tied
/encoder/layer/7/intermediate/dense is tied
/encoder/layer/7/output/dense is tied
/encoder/layer/7/output/LayerNorm is tied
/encoder/layer/8/crossattention/self/query is tied
/encoder/layer/8/crossattention/self/key is tied
/encoder/layer/8/crossattention/self/value is tied
/encoder/layer/8/crossattention/output/dense is tied
/encoder/layer/8/crossattention/output/LayerNorm is tied
/encoder/layer/8/intermediate/dense is tied
/encoder/layer/8/output/dense is tied
/encoder/layer/8/output/LayerNorm is tied
/encoder/layer/9/crossattention/self/query is tied
/encoder/layer/9/crossattention/self/key is tied
/encoder/layer/9/crossattention/self/value is tied
/encoder/layer/9/crossattention/output/dense is tied
/encoder/layer/9/crossattention/output/LayerNorm is tied
/encoder/layer/9/intermediate/dense is tied
/encoder/layer/9/output/dense is tied
/encoder/layer/9/output/LayerNorm is tied
/encoder/layer/10/crossattention/self/query is tied
/encoder/layer/10/crossattention/self/key is tied
/encoder/layer/10/crossattention/self/value is tied
/encoder/layer/10/crossattention/output/dense is tied
/encoder/layer/10/crossattention/output/LayerNorm is tied
/encoder/layer/10/intermediate/dense is tied
/encoder/layer/10/output/dense is tied
/encoder/layer/10/output/LayerNorm is tied
/encoder/layer/11/crossattention/self/query is tied
/encoder/layer/11/crossattention/self/key is tied
/encoder/layer/11/crossattention/self/value is tied
/encoder/layer/11/crossattention/output/dense is tied
/encoder/layer/11/crossattention/output/LayerNorm is tied
/encoder/layer/11/intermediate/dense is tied
/encoder/layer/11/output/dense is tied
/encoder/layer/11/output/LayerNorm is tied
resume checkpoint from /home/monajati/main/med/blip/model_base.pth
args.gpu 0
Start training
Train Epoch: [0]  [  0/285]  eta: 1:33:31  lr: 0.000001  loss_ita: 5.3354  loss_itm: 1.5886  loss_lm: 9.3456  time: 19.6899  data: 1.1217  max mem: 19703
Train Epoch: [0]  [ 50/285]  eta: 0:04:28  lr: 0.000006  loss_ita: 5.9446  loss_itm: 0.6278  loss_lm: 6.5589  time: 0.6267  data: 0.0001  max mem: 22673
Train Epoch: [0]  [100/285]  eta: 0:02:44  lr: 0.000011  loss_ita: 4.9677  loss_itm: 0.5228  loss_lm: 6.2664  time: 0.6291  data: 0.0001  max mem: 22673
Train Epoch: [0]  [150/285]  eta: 0:01:48  lr: 0.000015  loss_ita: 5.4852  loss_itm: 0.6254  loss_lm: 5.8396  time: 0.6307  data: 0.0001  max mem: 22673
Train Epoch: [0]  [200/285]  eta: 0:01:04  lr: 0.000020  loss_ita: 4.9712  loss_itm: 0.5089  loss_lm: 5.5052  time: 0.6320  data: 0.0001  max mem: 22673
Train Epoch: [0]  [250/285]  eta: 0:00:25  lr: 0.000025  loss_ita: 4.9750  loss_itm: 0.5453  loss_lm: 5.2287  time: 0.6312  data: 0.0002  max mem: 22673
Train Epoch: [0]  [284/285]  eta: 0:00:00  lr: 0.000028  loss_ita: 5.9319  loss_itm: 0.4711  loss_lm: 5.0302  time: 0.6309  data: 0.0001  max mem: 22673
Train Epoch: [0] Total time: 0:03:25 (0.7228 s / it)
Averaged stats: lr: 0.0000  loss_ita: 5.4521  loss_itm: 0.6291  loss_lm: 5.9043
Train Epoch: [1]  [  0/285]  eta: 0:06:06  lr: 0.000027  loss_ita: 6.8207  loss_itm: 0.4887  loss_lm: 4.9728  time: 1.2857  data: 0.5174  max mem: 22673
Train Epoch: [1]  [ 50/285]  eta: 0:02:31  lr: 0.000027  loss_ita: 4.8804  loss_itm: 0.5508  loss_lm: 5.1686  time: 0.6341  data: 0.0002  max mem: 22673
Train Epoch: [1]  [100/285]  eta: 0:01:58  lr: 0.000027  loss_ita: 5.5649  loss_itm: 0.4560  loss_lm: 5.2023  time: 0.6344  data: 0.0001  max mem: 22673
Train Epoch: [1]  [150/285]  eta: 0:01:26  lr: 0.000027  loss_ita: 5.8726  loss_itm: 0.5790  loss_lm: 4.7027  time: 0.6324  data: 0.0001  max mem: 22673
Train Epoch: [1]  [200/285]  eta: 0:00:54  lr: 0.000027  loss_ita: 5.8943  loss_itm: 0.5241  loss_lm: 4.6488  time: 0.6331  data: 0.0001  max mem: 22673
Train Epoch: [1]  [250/285]  eta: 0:00:22  lr: 0.000027  loss_ita: 5.7181  loss_itm: 0.5189  loss_lm: 4.9369  time: 0.6327  data: 0.0001  max mem: 22673
Train Epoch: [1]  [284/285]  eta: 0:00:00  lr: 0.000027  loss_ita: 5.4075  loss_itm: 0.4820  loss_lm: 4.8380  time: 0.6321  data: 0.0001  max mem: 22673
Train Epoch: [1] Total time: 0:03:01 (0.6362 s / it)
Averaged stats: lr: 0.0000  loss_ita: 5.7949  loss_itm: 0.5419  loss_lm: 4.8088
Train Epoch: [2]  [  0/285]  eta: 0:06:09  lr: 0.000024  loss_ita: 5.4646  loss_itm: 0.4361  loss_lm: 4.9303  time: 1.2967  data: 0.6074  max mem: 22673
Train Epoch: [2]  [ 50/285]  eta: 0:02:32  lr: 0.000024  loss_ita: 5.3240  loss_itm: 0.4969  loss_lm: 4.3814  time: 0.6321  data: 0.0001  max mem: 22673
Train Epoch: [2]  [100/285]  eta: 0:01:58  lr: 0.000024  loss_ita: 5.9701  loss_itm: 0.5100  loss_lm: 4.2603  time: 0.6335  data: 0.0001  max mem: 22673
Train Epoch: [2]  [150/285]  eta: 0:01:26  lr: 0.000024  loss_ita: 5.5902  loss_itm: 0.4972  loss_lm: 4.4743  time: 0.6322  data: 0.0001  max mem: 22673
Train Epoch: [2]  [200/285]  eta: 0:00:54  lr: 0.000024  loss_ita: 5.3435  loss_itm: 0.5152  loss_lm: 4.6637  time: 0.6315  data: 0.0001  max mem: 22673
Train Epoch: [2]  [250/285]  eta: 0:00:22  lr: 0.000024  loss_ita: 5.4538  loss_itm: 0.6812  loss_lm: 4.1068  time: 0.6329  data: 0.0001  max mem: 22673
Train Epoch: [2]  [284/285]  eta: 0:00:00  lr: 0.000024  loss_ita: 5.7288  loss_itm: 0.4778  loss_lm: 4.4914  time: 0.6317  data: 0.0001  max mem: 22673
Train Epoch: [2] Total time: 0:03:01 (0.6360 s / it)
Averaged stats: lr: 0.0000  loss_ita: 5.6981  loss_itm: 0.5150  loss_lm: 4.4686
Train Epoch: [3]  [  0/285]  eta: 0:06:13  lr: 0.000022  loss_ita: 6.0291  loss_itm: 0.6226  loss_lm: 3.9735  time: 1.3102  data: 0.6097  max mem: 22673
Train Epoch: [3]  [ 50/285]  eta: 0:02:31  lr: 0.000022  loss_ita: 5.3415  loss_itm: 0.3897  loss_lm: 4.8289  time: 0.6321  data: 0.0001  max mem: 22673
Train Epoch: [3]  [100/285]  eta: 0:01:58  lr: 0.000022  loss_ita: 5.7922  loss_itm: 0.4057  loss_lm: 4.6835  time: 0.6329  data: 0.0001  max mem: 22673
Train Epoch: [3]  [150/285]  eta: 0:01:25  lr: 0.000022  loss_ita: 5.2583  loss_itm: 0.5703  loss_lm: 4.7379  time: 0.6333  data: 0.0001  max mem: 22673
Train Epoch: [3]  [200/285]  eta: 0:00:54  lr: 0.000022  loss_ita: 5.1601  loss_itm: 0.4250  loss_lm: 4.1245  time: 0.6314  data: 0.0001  max mem: 22673
Train Epoch: [3]  [250/285]  eta: 0:00:22  lr: 0.000022  loss_ita: 4.6121  loss_itm: 0.3821  loss_lm: 4.6908  time: 0.6317  data: 0.0001  max mem: 22673
Train Epoch: [3]  [284/285]  eta: 0:00:00  lr: 0.000022  loss_ita: 5.1777  loss_itm: 0.4804  loss_lm: 3.8197  time: 0.6292  data: 0.0001  max mem: 22673
Train Epoch: [3] Total time: 0:03:01 (0.6351 s / it)
Averaged stats: lr: 0.0000  loss_ita: 5.5758  loss_itm: 0.4895  loss_lm: 4.2815
Train Epoch: [4]  [  0/285]  eta: 0:06:13  lr: 0.000020  loss_ita: 5.4855  loss_itm: 0.4320  loss_lm: 4.2637  time: 1.3111  data: 0.6052  max mem: 22673
Train Epoch: [4]  [ 50/285]  eta: 0:02:32  lr: 0.000020  loss_ita: 6.1740  loss_itm: 0.4753  loss_lm: 4.3405  time: 0.6415  data: 0.0001  max mem: 22673
Train Epoch: [4]  [100/285]  eta: 0:01:58  lr: 0.000020  loss_ita: 5.9843  loss_itm: 0.4921  loss_lm: 4.6377  time: 0.6336  data: 0.0001  max mem: 22673
Train Epoch: [4]  [150/285]  eta: 0:01:26  lr: 0.000020  loss_ita: 4.5932  loss_itm: 0.3200  loss_lm: 4.2157  time: 0.6320  data: 0.0001  max mem: 22673
Train Epoch: [4]  [200/285]  eta: 0:00:54  lr: 0.000020  loss_ita: 5.9048  loss_itm: 0.5336  loss_lm: 3.8394  time: 0.6323  data: 0.0001  max mem: 22673
Train Epoch: [4]  [250/285]  eta: 0:00:22  lr: 0.000020  loss_ita: 5.2460  loss_itm: 0.6128  loss_lm: 3.6837  time: 0.6329  data: 0.0001  max mem: 22673
Train Epoch: [4]  [284/285]  eta: 0:00:00  lr: 0.000020  loss_ita: 5.3619  loss_itm: 0.6556  loss_lm: 3.8444  time: 0.6311  data: 0.0001  max mem: 22673
Train Epoch: [4] Total time: 0:03:01 (0.6362 s / it)
Averaged stats: lr: 0.0000  loss_ita: 5.4161  loss_itm: 0.4671  loss_lm: 4.1570
Train Epoch: [5]  [  0/285]  eta: 0:06:48  lr: 0.000018  loss_ita: 5.5250  loss_itm: 0.4870  loss_lm: 3.6275  time: 1.4321  data: 0.5711  max mem: 23525
Train Epoch: [5]  [ 50/285]  eta: 0:02:32  lr: 0.000018  loss_ita: 4.6608  loss_itm: 0.2774  loss_lm: 4.1107  time: 0.6306  data: 0.0001  max mem: 23554
Train Epoch: [5]  [100/285]  eta: 0:01:58  lr: 0.000018  loss_ita: 5.0282  loss_itm: 0.5494  loss_lm: 4.2454  time: 0.6317  data: 0.0001  max mem: 23561
Train Epoch: [5]  [150/285]  eta: 0:01:26  lr: 0.000018  loss_ita: 5.9707  loss_itm: 0.7260  loss_lm: 3.9535  time: 0.6320  data: 0.0001  max mem: 23561
Train Epoch: [5]  [200/285]  eta: 0:00:54  lr: 0.000018  loss_ita: 4.7905  loss_itm: 0.4117  loss_lm: 4.3397  time: 0.6333  data: 0.0001  max mem: 23561
Train Epoch: [5]  [250/285]  eta: 0:00:22  lr: 0.000018  loss_ita: 5.1321  loss_itm: 0.3907  loss_lm: 3.4676  time: 0.6338  data: 0.0001  max mem: 23561
Train Epoch: [5]  [284/285]  eta: 0:00:00  lr: 0.000018  loss_ita: 5.1078  loss_itm: 0.6221  loss_lm: 3.7700  time: 0.6303  data: 0.0001  max mem: 23561
Train Epoch: [5] Total time: 0:03:01 (0.6361 s / it)
Averaged stats: lr: 0.0000  loss_ita: 5.1030  loss_itm: 0.4418  loss_lm: 4.0470
Train Epoch: [6]  [  0/285]  eta: 0:06:10  lr: 0.000016  loss_ita: 4.9445  loss_itm: 0.3757  loss_lm: 3.7408  time: 1.2999  data: 0.5844  max mem: 23561
Train Epoch: [6]  [ 50/285]  eta: 0:02:31  lr: 0.000016  loss_ita: 4.3602  loss_itm: 0.2539  loss_lm: 4.2982  time: 0.6341  data: 0.0001  max mem: 23561
Train Epoch: [6]  [100/285]  eta: 0:01:58  lr: 0.000016  loss_ita: 5.2634  loss_itm: 0.4585  loss_lm: 3.9881  time: 0.6317  data: 0.0001  max mem: 23562
Train Epoch: [6]  [150/285]  eta: 0:01:26  lr: 0.000016  loss_ita: 5.3681  loss_itm: 0.6315  loss_lm: 3.6470  time: 0.6319  data: 0.0001  max mem: 23562
Train Epoch: [6]  [200/285]  eta: 0:00:54  lr: 0.000016  loss_ita: 4.8772  loss_itm: 0.5317  loss_lm: 3.6323  time: 0.6310  data: 0.0001  max mem: 23562
Train Epoch: [6]  [250/285]  eta: 0:00:22  lr: 0.000016  loss_ita: 4.3980  loss_itm: 0.3217  loss_lm: 3.6368  time: 0.6313  data: 0.0001  max mem: 23562
Train Epoch: [6]  [284/285]  eta: 0:00:00  lr: 0.000016  loss_ita: 4.1723  loss_itm: 0.4172  loss_lm: 4.0876  time: 0.6308  data: 0.0001  max mem: 23562
Train Epoch: [6] Total time: 0:03:01 (0.6359 s / it)
Averaged stats: lr: 0.0000  loss_ita: 4.7362  loss_itm: 0.4111  loss_lm: 3.9735
Train Epoch: [7]  [  0/285]  eta: 0:06:15  lr: 0.000014  loss_ita: 4.1001  loss_itm: 0.3098  loss_lm: 4.1897  time: 1.3178  data: 0.5970  max mem: 23562
Train Epoch: [7]  [ 50/285]  eta: 0:02:32  lr: 0.000014  loss_ita: 3.0789  loss_itm: 0.1918  loss_lm: 4.6118  time: 0.6331  data: 0.0001  max mem: 23562
Train Epoch: [7]  [100/285]  eta: 0:01:58  lr: 0.000014  loss_ita: 5.1234  loss_itm: 0.4134  loss_lm: 4.1806  time: 0.6315  data: 0.0001  max mem: 23562
Train Epoch: [7]  [150/285]  eta: 0:01:26  lr: 0.000014  loss_ita: 4.1332  loss_itm: 0.3721  loss_lm: 4.0321  time: 0.6324  data: 0.0001  max mem: 23563
Train Epoch: [7]  [200/285]  eta: 0:00:54  lr: 0.000014  loss_ita: 4.8500  loss_itm: 0.4257  loss_lm: 3.6170  time: 0.6324  data: 0.0001  max mem: 23563
Train Epoch: [7]  [250/285]  eta: 0:00:22  lr: 0.000014  loss_ita: 3.9768  loss_itm: 0.3516  loss_lm: 3.7197  time: 0.6321  data: 0.0001  max mem: 23563
Train Epoch: [7]  [284/285]  eta: 0:00:00  lr: 0.000014  loss_ita: 4.5317  loss_itm: 0.5458  loss_lm: 4.3337  time: 0.6336  data: 0.0001  max mem: 23563
Train Epoch: [7] Total time: 0:03:01 (0.6358 s / it)
Averaged stats: lr: 0.0000  loss_ita: 4.3414  loss_itm: 0.3879  loss_lm: 3.9042
Train Epoch: [8]  [  0/285]  eta: 0:06:14  lr: 0.000013  loss_ita: 5.0902  loss_itm: 0.3948  loss_lm: 4.4314  time: 1.3134  data: 0.6328  max mem: 23563
Train Epoch: [8]  [ 50/285]  eta: 0:02:31  lr: 0.000013  loss_ita: 4.6081  loss_itm: 0.2314  loss_lm: 4.4298  time: 0.6323  data: 0.0001  max mem: 23563
Train Epoch: [8]  [100/285]  eta: 0:01:58  lr: 0.000013  loss_ita: 4.2964  loss_itm: 0.4383  loss_lm: 3.7939  time: 0.6394  data: 0.0001  max mem: 23563
Train Epoch: [8]  [150/285]  eta: 0:01:26  lr: 0.000013  loss_ita: 4.9991  loss_itm: 0.4546  loss_lm: 4.5469  time: 0.6318  data: 0.0001  max mem: 23563
Train Epoch: [8]  [200/285]  eta: 0:00:54  lr: 0.000013  loss_ita: 4.7898  loss_itm: 0.3874  loss_lm: 3.8448  time: 0.6333  data: 0.0001  max mem: 23568
Train Epoch: [8]  [250/285]  eta: 0:00:22  lr: 0.000013  loss_ita: 4.5903  loss_itm: 0.4086  loss_lm: 3.8208  time: 0.6320  data: 0.0001  max mem: 23568
Train Epoch: [8]  [284/285]  eta: 0:00:00  lr: 0.000013  loss_ita: 4.8485  loss_itm: 0.5049  loss_lm: 3.8207  time: 0.6316  data: 0.0001  max mem: 23568
Train Epoch: [8] Total time: 0:03:01 (0.6361 s / it)
Averaged stats: lr: 0.0000  loss_ita: 4.4117  loss_itm: 0.3704  loss_lm: 3.8554
Train Epoch: [9]  [  0/285]  eta: 0:06:07  lr: 0.000012  loss_ita: 5.3955  loss_itm: 0.4717  loss_lm: 3.5048  time: 1.2888  data: 0.6051  max mem: 23568
Train Epoch: [9]  [ 50/285]  eta: 0:02:32  lr: 0.000012  loss_ita: 3.8542  loss_itm: 0.1760  loss_lm: 3.4912  time: 0.6343  data: 0.0001  max mem: 23568
Train Epoch: [9]  [100/285]  eta: 0:01:58  lr: 0.000012  loss_ita: 4.0874  loss_itm: 0.2157  loss_lm: 3.6567  time: 0.6335  data: 0.0001  max mem: 23568
Train Epoch: [9]  [150/285]  eta: 0:01:26  lr: 0.000012  loss_ita: 4.2739  loss_itm: 0.2477  loss_lm: 4.1469  time: 0.6315  data: 0.0001  max mem: 23568
Train Epoch: [9]  [200/285]  eta: 0:00:54  lr: 0.000012  loss_ita: 4.5989  loss_itm: 0.3809  loss_lm: 3.8634  time: 0.6318  data: 0.0001  max mem: 23568
Train Epoch: [9]  [250/285]  eta: 0:00:22  lr: 0.000012  loss_ita: 4.6792  loss_itm: 0.2248  loss_lm: 3.8604  time: 0.6312  data: 0.0001  max mem: 23568
Train Epoch: [9]  [284/285]  eta: 0:00:00  lr: 0.000012  loss_ita: 4.0466  loss_itm: 0.2277  loss_lm: 3.8057  time: 0.6323  data: 0.0001  max mem: 23568
Train Epoch: [9] Total time: 0:03:01 (0.6358 s / it)
Averaged stats: lr: 0.0000  loss_ita: 4.2560  loss_itm: 0.3546  loss_lm: 3.8065
Train Epoch: [10]  [  0/285]  eta: 0:06:07  lr: 0.000010  loss_ita: 4.9044  loss_itm: 0.4412  loss_lm: 3.6202  time: 1.2879  data: 0.5466  max mem: 23568
Train Epoch: [10]  [ 50/285]  eta: 0:02:31  lr: 0.000010  loss_ita: 3.4672  loss_itm: 0.2827  loss_lm: 3.6929  time: 0.6325  data: 0.0001  max mem: 23568
Train Epoch: [10]  [100/285]  eta: 0:01:58  lr: 0.000010  loss_ita: 4.3652  loss_itm: 0.2744  loss_lm: 3.8461  time: 0.6316  data: 0.0001  max mem: 23568
Train Epoch: [10]  [150/285]  eta: 0:01:26  lr: 0.000010  loss_ita: 4.5114  loss_itm: 0.2424  loss_lm: 3.4500  time: 0.6334  data: 0.0001  max mem: 23568
Train Epoch: [10]  [200/285]  eta: 0:00:54  lr: 0.000010  loss_ita: 4.9206  loss_itm: 0.4012  loss_lm: 3.6444  time: 0.6322  data: 0.0001  max mem: 23568
Train Epoch: [10]  [250/285]  eta: 0:00:22  lr: 0.000010  loss_ita: 4.2787  loss_itm: 0.3698  loss_lm: 3.7474  time: 0.6320  data: 0.0001  max mem: 23568
Train Epoch: [10]  [284/285]  eta: 0:00:00  lr: 0.000010  loss_ita: 3.7633  loss_itm: 0.2486  loss_lm: 3.5452  time: 0.6319  data: 0.0001  max mem: 23568
Train Epoch: [10] Total time: 0:03:01 (0.6363 s / it)
Averaged stats: lr: 0.0000  loss_ita: 4.4026  loss_itm: 0.3366  loss_lm: 3.7653
Train Epoch: [11]  [  0/285]  eta: 0:06:06  lr: 0.000009  loss_ita: 3.8467  loss_itm: 0.1552  loss_lm: 3.3872  time: 1.2857  data: 0.5889  max mem: 23568
Train Epoch: [11]  [ 50/285]  eta: 0:02:31  lr: 0.000009  loss_ita: 4.7309  loss_itm: 0.4267  loss_lm: 3.5766  time: 0.6326  data: 0.0001  max mem: 23568
Train Epoch: [11]  [100/285]  eta: 0:01:58  lr: 0.000009  loss_ita: 4.1916  loss_itm: 0.3549  loss_lm: 3.3134  time: 0.6333  data: 0.0001  max mem: 23568
Train Epoch: [11]  [150/285]  eta: 0:01:26  lr: 0.000009  loss_ita: 3.3201  loss_itm: 0.3492  loss_lm: 3.8576  time: 0.6308  data: 0.0001  max mem: 23568
Train Epoch: [11]  [200/285]  eta: 0:00:54  lr: 0.000009  loss_ita: 4.7257  loss_itm: 0.3172  loss_lm: 4.0560  time: 0.6320  data: 0.0001  max mem: 23568
Train Epoch: [11]  [250/285]  eta: 0:00:22  lr: 0.000009  loss_ita: 4.0904  loss_itm: 0.4383  loss_lm: 3.6238  time: 0.6313  data: 0.0001  max mem: 23568
Train Epoch: [11]  [284/285]  eta: 0:00:00  lr: 0.000009  loss_ita: 4.1146  loss_itm: 0.2341  loss_lm: 3.7019  time: 0.6305  data: 0.0001  max mem: 23568
Train Epoch: [11] Total time: 0:03:01 (0.6353 s / it)
Averaged stats: lr: 0.0000  loss_ita: 4.1849  loss_itm: 0.3176  loss_lm: 3.7288
Train Epoch: [12]  [  0/285]  eta: 0:06:10  lr: 0.000008  loss_ita: 4.1447  loss_itm: 0.2677  loss_lm: 3.8718  time: 1.3005  data: 0.5910  max mem: 23568
Train Epoch: [12]  [ 50/285]  eta: 0:02:31  lr: 0.000008  loss_ita: 3.9226  loss_itm: 0.2009  loss_lm: 3.3043  time: 0.6347  data: 0.0001  max mem: 23568
Train Epoch: [12]  [100/285]  eta: 0:01:58  lr: 0.000008  loss_ita: 4.3382  loss_itm: 0.3739  loss_lm: 3.3688  time: 0.6325  data: 0.0001  max mem: 23568
Train Epoch: [12]  [150/285]  eta: 0:01:26  lr: 0.000008  loss_ita: 3.8659  loss_itm: 0.2808  loss_lm: 3.7274  time: 0.6372  data: 0.0001  max mem: 23568
Train Epoch: [12]  [200/285]  eta: 0:00:54  lr: 0.000008  loss_ita: 3.5962  loss_itm: 0.1684  loss_lm: 3.9165  time: 0.6315  data: 0.0001  max mem: 23568
Train Epoch: [12]  [250/285]  eta: 0:00:22  lr: 0.000008  loss_ita: 4.0082  loss_itm: 0.3487  loss_lm: 3.6731  time: 0.6325  data: 0.0001  max mem: 23568
Train Epoch: [12]  [284/285]  eta: 0:00:00  lr: 0.000008  loss_ita: 4.4232  loss_itm: 0.2929  loss_lm: 3.7381  time: 0.6307  data: 0.0001  max mem: 23568
Train Epoch: [12] Total time: 0:03:01 (0.6357 s / it)
Averaged stats: lr: 0.0000  loss_ita: 3.9583  loss_itm: 0.3076  loss_lm: 3.7002
Train Epoch: [13]  [  0/285]  eta: 0:06:16  lr: 0.000008  loss_ita: 4.5563  loss_itm: 0.3707  loss_lm: 3.3013  time: 1.3227  data: 0.6420  max mem: 23568
Train Epoch: [13]  [ 50/285]  eta: 0:02:32  lr: 0.000008  loss_ita: 3.8779  loss_itm: 0.2619  loss_lm: 3.7080  time: 0.6330  data: 0.0001  max mem: 23568
Train Epoch: [13]  [100/285]  eta: 0:01:58  lr: 0.000008  loss_ita: 3.6958  loss_itm: 0.1770  loss_lm: 3.7296  time: 0.6330  data: 0.0001  max mem: 23568
Train Epoch: [13]  [150/285]  eta: 0:01:26  lr: 0.000008  loss_ita: 4.3373  loss_itm: 0.2320  loss_lm: 3.5873  time: 0.6329  data: 0.0001  max mem: 23568
Train Epoch: [13]  [200/285]  eta: 0:00:54  lr: 0.000008  loss_ita: 3.6956  loss_itm: 0.2819  loss_lm: 4.0405  time: 0.6321  data: 0.0001  max mem: 23568
Train Epoch: [13]  [250/285]  eta: 0:00:22  lr: 0.000008  loss_ita: 3.9983  loss_itm: 0.3143  loss_lm: 3.6833  time: 0.6327  data: 0.0001  max mem: 23568
Train Epoch: [13]  [284/285]  eta: 0:00:00  lr: 0.000008  loss_ita: 3.8642  loss_itm: 0.3722  loss_lm: 3.4229  time: 0.6331  data: 0.0001  max mem: 23568
Train Epoch: [13] Total time: 0:03:01 (0.6360 s / it)
Averaged stats: lr: 0.0000  loss_ita: 3.8215  loss_itm: 0.2910  loss_lm: 3.6697
Train Epoch: [14]  [  0/285]  eta: 0:06:08  lr: 0.000007  loss_ita: 3.2668  loss_itm: 0.1229  loss_lm: 3.6047  time: 1.2931  data: 0.6039  max mem: 23568
Train Epoch: [14]  [ 50/285]  eta: 0:02:31  lr: 0.000007  loss_ita: 3.5272  loss_itm: 0.2270  loss_lm: 3.3686  time: 0.6341  data: 0.0001  max mem: 23568
Train Epoch: [14]  [100/285]  eta: 0:01:58  lr: 0.000007  loss_ita: 2.6632  loss_itm: 0.3308  loss_lm: 4.4271  time: 0.6328  data: 0.0001  max mem: 23568
Train Epoch: [14]  [150/285]  eta: 0:01:26  lr: 0.000007  loss_ita: 3.8401  loss_itm: 0.3410  loss_lm: 3.7562  time: 0.6363  data: 0.0001  max mem: 23568
Train Epoch: [14]  [200/285]  eta: 0:00:54  lr: 0.000007  loss_ita: 4.2879  loss_itm: 0.2865  loss_lm: 3.6824  time: 0.6322  data: 0.0001  max mem: 23568
Train Epoch: [14]  [250/285]  eta: 0:00:22  lr: 0.000007  loss_ita: 3.4038  loss_itm: 0.3295  loss_lm: 3.3614  time: 0.6330  data: 0.0001  max mem: 23568
Train Epoch: [14]  [284/285]  eta: 0:00:00  lr: 0.000007  loss_ita: 2.7559  loss_itm: 0.1218  loss_lm: 3.7912  time: 0.6311  data: 0.0001  max mem: 23568
Train Epoch: [14] Total time: 0:03:01 (0.6366 s / it)
Averaged stats: lr: 0.0000  loss_ita: 3.7115  loss_itm: 0.2806  loss_lm: 3.6503
Train Epoch: [15]  [  0/285]  eta: 0:06:08  lr: 0.000006  loss_ita: 2.8645  loss_itm: 0.0469  loss_lm: 3.8554  time: 1.2942  data: 0.5825  max mem: 23568
Train Epoch: [15]  [ 50/285]  eta: 0:02:31  lr: 0.000006  loss_ita: 4.1627  loss_itm: 0.5213  loss_lm: 3.7076  time: 0.6326  data: 0.0001  max mem: 23569
Train Epoch: [15]  [100/285]  eta: 0:01:58  lr: 0.000006  loss_ita: 4.1423  loss_itm: 0.1941  loss_lm: 3.5623  time: 0.6323  data: 0.0001  max mem: 23575
Train Epoch: [15]  [150/285]  eta: 0:01:26  lr: 0.000006  loss_ita: 3.1596  loss_itm: 0.0752  loss_lm: 3.4568  time: 0.6419  data: 0.0001  max mem: 23575
Train Epoch: [15]  [200/285]  eta: 0:00:54  lr: 0.000006  loss_ita: 3.8428  loss_itm: 0.1902  loss_lm: 3.5727  time: 0.6317  data: 0.0001  max mem: 23577
Train Epoch: [15]  [250/285]  eta: 0:00:22  lr: 0.000006  loss_ita: 4.5948  loss_itm: 0.3602  loss_lm: 3.5997  time: 0.6309  data: 0.0001  max mem: 23577
Train Epoch: [15]  [284/285]  eta: 0:00:00  lr: 0.000006  loss_ita: 2.6282  loss_itm: 0.0401  loss_lm: 3.8071  time: 0.6316  data: 0.0001  max mem: 23577
Train Epoch: [15] Total time: 0:03:01 (0.6359 s / it)
Averaged stats: lr: 0.0000  loss_ita: 3.5970  loss_itm: 0.2711  loss_lm: 3.6311
Train Epoch: [16]  [  0/285]  eta: 0:06:06  lr: 0.000006  loss_ita: 2.7202  loss_itm: 0.1570  loss_lm: 3.8356  time: 1.2858  data: 0.5989  max mem: 23577
Train Epoch: [16]  [ 50/285]  eta: 0:02:32  lr: 0.000006  loss_ita: 3.1605  loss_itm: 0.3529  loss_lm: 3.6683  time: 0.6338  data: 0.0001  max mem: 23577
Train Epoch: [16]  [100/285]  eta: 0:01:58  lr: 0.000006  loss_ita: 4.0551  loss_itm: 0.2494  loss_lm: 3.3900  time: 0.6339  data: 0.0001  max mem: 23577
Train Epoch: [16]  [150/285]  eta: 0:01:26  lr: 0.000006  loss_ita: 3.4271  loss_itm: 0.0930  loss_lm: 3.6101  time: 0.6327  data: 0.0001  max mem: 23577
Train Epoch: [16]  [200/285]  eta: 0:00:54  lr: 0.000006  loss_ita: 3.1832  loss_itm: 0.2563  loss_lm: 3.8668  time: 0.6390  data: 0.0001  max mem: 23577
Train Epoch: [16]  [250/285]  eta: 0:00:22  lr: 0.000006  loss_ita: 3.6924  loss_itm: 0.1995  loss_lm: 3.3929  time: 0.6331  data: 0.0001  max mem: 23577
Train Epoch: [16]  [284/285]  eta: 0:00:00  lr: 0.000006  loss_ita: 2.8912  loss_itm: 0.0348  loss_lm: 3.3547  time: 0.6312  data: 0.0001  max mem: 23577
Train Epoch: [16] Total time: 0:03:01 (0.6368 s / it)
Averaged stats: lr: 0.0000  loss_ita: 3.5390  loss_itm: 0.2548  loss_lm: 3.6129
Train Epoch: [17]  [  0/285]  eta: 0:06:07  lr: 0.000005  loss_ita: 2.5326  loss_itm: 0.1106  loss_lm: 3.6640  time: 1.2908  data: 0.6105  max mem: 23577
Train Epoch: [17]  [ 50/285]  eta: 0:02:32  lr: 0.000005  loss_ita: 2.5641  loss_itm: 0.0606  loss_lm: 3.5879  time: 0.6333  data: 0.0001  max mem: 23577
Train Epoch: [17]  [100/285]  eta: 0:01:58  lr: 0.000005  loss_ita: 3.6961  loss_itm: 0.1249  loss_lm: 3.9278  time: 0.6322  data: 0.0001  max mem: 23577
Train Epoch: [17]  [150/285]  eta: 0:01:26  lr: 0.000005  loss_ita: 3.1349  loss_itm: 0.2035  loss_lm: 3.8182  time: 0.6314  data: 0.0001  max mem: 23577
Train Epoch: [17]  [200/285]  eta: 0:00:54  lr: 0.000005  loss_ita: 3.3416  loss_itm: 0.1998  loss_lm: 3.7188  time: 0.6317  data: 0.0001  max mem: 23577
Train Epoch: [17]  [250/285]  eta: 0:00:22  lr: 0.000005  loss_ita: 3.2810  loss_itm: 0.1327  loss_lm: 3.3943  time: 0.6312  data: 0.0001  max mem: 23577
Train Epoch: [17]  [284/285]  eta: 0:00:00  lr: 0.000005  loss_ita: 4.1474  loss_itm: 0.2735  loss_lm: 3.1494  time: 0.6306  data: 0.0001  max mem: 23577
Train Epoch: [17] Total time: 0:03:01 (0.6354 s / it)
Averaged stats: lr: 0.0000  loss_ita: 3.5305  loss_itm: 0.2430  loss_lm: 3.5938
Train Epoch: [18]  [  0/285]  eta: 0:06:10  lr: 0.000005  loss_ita: 4.1839  loss_itm: 0.1894  loss_lm: 3.2404  time: 1.2997  data: 0.6128  max mem: 23577
Train Epoch: [18]  [ 50/285]  eta: 0:02:32  lr: 0.000005  loss_ita: 2.6554  loss_itm: 0.1475  loss_lm: 3.4553  time: 0.6318  data: 0.0001  max mem: 23577
Train Epoch: [18]  [100/285]  eta: 0:01:58  lr: 0.000005  loss_ita: 4.3346  loss_itm: 0.2888  loss_lm: 3.2873  time: 0.6327  data: 0.0001  max mem: 23577
Train Epoch: [18]  [150/285]  eta: 0:01:25  lr: 0.000005  loss_ita: 3.1603  loss_itm: 0.1377  loss_lm: 3.7531  time: 0.6327  data: 0.0001  max mem: 23577
Train Epoch: [18]  [200/285]  eta: 0:00:54  lr: 0.000005  loss_ita: 3.0575  loss_itm: 0.1395  loss_lm: 3.5919  time: 0.6317  data: 0.0001  max mem: 23577
Train Epoch: [18]  [250/285]  eta: 0:00:22  lr: 0.000005  loss_ita: 3.3900  loss_itm: 0.1562  loss_lm: 3.4385  time: 0.6338  data: 0.0001  max mem: 23577
Train Epoch: [18]  [284/285]  eta: 0:00:00  lr: 0.000005  loss_ita: 3.9726  loss_itm: 0.1542  loss_lm: 3.7085  time: 0.6309  data: 0.0001  max mem: 23577
Train Epoch: [18] Total time: 0:03:01 (0.6358 s / it)
Averaged stats: lr: 0.0000  loss_ita: 3.5511  loss_itm: 0.2384  loss_lm: 3.5827
Train Epoch: [19]  [  0/285]  eta: 0:06:10  lr: 0.000004  loss_ita: 3.8582  loss_itm: 0.3901  loss_lm: 3.3310  time: 1.3015  data: 0.5778  max mem: 23577
Train Epoch: [19]  [ 50/285]  eta: 0:02:31  lr: 0.000004  loss_ita: 3.1775  loss_itm: 0.1315  loss_lm: 3.8657  time: 0.6325  data: 0.0001  max mem: 23577
Train Epoch: [19]  [100/285]  eta: 0:01:58  lr: 0.000004  loss_ita: 3.3208  loss_itm: 0.1377  loss_lm: 3.5945  time: 0.6332  data: 0.0001  max mem: 23577
Train Epoch: [19]  [150/285]  eta: 0:01:25  lr: 0.000004  loss_ita: 3.2777  loss_itm: 0.1257  loss_lm: 3.8314  time: 0.6315  data: 0.0001  max mem: 23577
Train Epoch: [19]  [200/285]  eta: 0:00:54  lr: 0.000004  loss_ita: 3.2032  loss_itm: 0.2949  loss_lm: 3.6050  time: 0.6314  data: 0.0001  max mem: 23577
Train Epoch: [19]  [250/285]  eta: 0:00:22  lr: 0.000004  loss_ita: 2.9974  loss_itm: 0.1130  loss_lm: 3.8428  time: 0.6302  data: 0.0001  max mem: 23582
Train Epoch: [19]  [284/285]  eta: 0:00:00  lr: 0.000004  loss_ita: 2.5507  loss_itm: 0.0410  loss_lm: 3.4909  time: 0.6295  data: 0.0001  max mem: 23582
Train Epoch: [19] Total time: 0:03:00 (0.6347 s / it)
Averaged stats: lr: 0.0000  loss_ita: 3.4969  loss_itm: 0.2296  loss_lm: 3.5724
Train Epoch: [20]  [  0/285]  eta: 0:06:04  lr: 0.000004  loss_ita: 3.9477  loss_itm: 0.4053  loss_lm: 3.6113  time: 1.2780  data: 0.5699  max mem: 23582
Train Epoch: [20]  [ 50/285]  eta: 0:02:31  lr: 0.000004  loss_ita: 3.2128  loss_itm: 0.0802  loss_lm: 3.3200  time: 0.6318  data: 0.0001  max mem: 23582
Train Epoch: [20]  [100/285]  eta: 0:01:58  lr: 0.000004  loss_ita: 3.5660  loss_itm: 0.2055  loss_lm: 3.6119  time: 0.6316  data: 0.0001  max mem: 23582
Train Epoch: [20]  [150/285]  eta: 0:01:25  lr: 0.000004  loss_ita: 3.2632  loss_itm: 0.0653  loss_lm: 3.9525  time: 0.6316  data: 0.0001  max mem: 23582
Train Epoch: [20]  [200/285]  eta: 0:00:53  lr: 0.000004  loss_ita: 3.6551  loss_itm: 0.2271  loss_lm: 3.6331  time: 0.6320  data: 0.0001  max mem: 23582
Train Epoch: [20]  [250/285]  eta: 0:00:22  lr: 0.000004  loss_ita: 3.3706  loss_itm: 0.0978  loss_lm: 3.5499  time: 0.6339  data: 0.0001  max mem: 23582
Train Epoch: [20]  [284/285]  eta: 0:00:00  lr: 0.000004  loss_ita: 3.6446  loss_itm: 0.2374  loss_lm: 3.6934  time: 0.6323  data: 0.0001  max mem: 23582
Train Epoch: [20] Total time: 0:03:00 (0.6350 s / it)
Averaged stats: lr: 0.0000  loss_ita: 3.4532  loss_itm: 0.2204  loss_lm: 3.5628
Train Epoch: [21]  [  0/285]  eta: 0:06:10  lr: 0.000003  loss_ita: 2.6689  loss_itm: 0.1183  loss_lm: 3.8940  time: 1.3006  data: 0.5752  max mem: 23582
Train Epoch: [21]  [ 50/285]  eta: 0:02:31  lr: 0.000003  loss_ita: 3.3960  loss_itm: 0.0791  loss_lm: 3.4246  time: 0.6318  data: 0.0001  max mem: 23582
Train Epoch: [21]  [100/285]  eta: 0:01:58  lr: 0.000003  loss_ita: 3.3425  loss_itm: 0.1007  loss_lm: 3.3321  time: 0.6320  data: 0.0001  max mem: 23582
Train Epoch: [21]  [150/285]  eta: 0:01:25  lr: 0.000003  loss_ita: 3.3327  loss_itm: 0.0918  loss_lm: 3.4168  time: 0.6328  data: 0.0001  max mem: 23582
Train Epoch: [21]  [200/285]  eta: 0:00:54  lr: 0.000003  loss_ita: 2.7912  loss_itm: 0.0601  loss_lm: 3.5632  time: 0.6318  data: 0.0001  max mem: 23582
Train Epoch: [21]  [250/285]  eta: 0:00:22  lr: 0.000003  loss_ita: 2.7376  loss_itm: 0.0967  loss_lm: 3.4560  time: 0.6320  data: 0.0001  max mem: 23582
Train Epoch: [21]  [284/285]  eta: 0:00:00  lr: 0.000003  loss_ita: 4.0196  loss_itm: 0.2572  loss_lm: 3.9103  time: 0.6316  data: 0.0001  max mem: 23582
Train Epoch: [21] Total time: 0:03:01 (0.6352 s / it)
Averaged stats: lr: 0.0000  loss_ita: 3.2746  loss_itm: 0.2184  loss_lm: 3.5499
Train Epoch: [22]  [  0/285]  eta: 0:06:04  lr: 0.000003  loss_ita: 3.5699  loss_itm: 0.3299  loss_lm: 3.5775  time: 1.2782  data: 0.6031  max mem: 23582
Train Epoch: [22]  [ 50/285]  eta: 0:02:32  lr: 0.000003  loss_ita: 3.6421  loss_itm: 0.2155  loss_lm: 3.4887  time: 0.6376  data: 0.0001  max mem: 23582
Train Epoch: [22]  [100/285]  eta: 0:01:58  lr: 0.000003  loss_ita: 4.0684  loss_itm: 0.3424  loss_lm: 3.1972  time: 0.6326  data: 0.0001  max mem: 23582
Train Epoch: [22]  [150/285]  eta: 0:01:26  lr: 0.000003  loss_ita: 2.8806  loss_itm: 0.0830  loss_lm: 3.6425  time: 0.6329  data: 0.0001  max mem: 23582
Train Epoch: [22]  [200/285]  eta: 0:00:54  lr: 0.000003  loss_ita: 3.5795  loss_itm: 0.2956  loss_lm: 3.4340  time: 0.6321  data: 0.0001  max mem: 23582
Train Epoch: [22]  [250/285]  eta: 0:00:22  lr: 0.000003  loss_ita: 3.4119  loss_itm: 0.0625  loss_lm: 3.1428  time: 0.6319  data: 0.0001  max mem: 23582
Train Epoch: [22]  [284/285]  eta: 0:00:00  lr: 0.000003  loss_ita: 2.6737  loss_itm: 0.1340  loss_lm: 3.4128  time: 0.6345  data: 0.0001  max mem: 23582
Train Epoch: [22] Total time: 0:03:01 (0.6363 s / it)
Averaged stats: lr: 0.0000  loss_ita: 3.1726  loss_itm: 0.2036  loss_lm: 3.5401
Train Epoch: [23]  [  0/285]  eta: 0:06:06  lr: 0.000003  loss_ita: 3.7007  loss_itm: 0.2328  loss_lm: 3.4499  time: 1.2849  data: 0.5730  max mem: 23582
Train Epoch: [23]  [ 50/285]  eta: 0:02:32  lr: 0.000003  loss_ita: 3.6531  loss_itm: 0.2010  loss_lm: 3.0382  time: 0.6328  data: 0.0001  max mem: 23582
Train Epoch: [23]  [100/285]  eta: 0:01:58  lr: 0.000003  loss_ita: 3.0839  loss_itm: 0.2585  loss_lm: 3.3648  time: 0.6327  data: 0.0001  max mem: 23582
Train Epoch: [23]  [150/285]  eta: 0:01:26  lr: 0.000003  loss_ita: 3.0806  loss_itm: 0.1825  loss_lm: 3.4971  time: 0.6321  data: 0.0001  max mem: 23582
Train Epoch: [23]  [200/285]  eta: 0:00:54  lr: 0.000003  loss_ita: 2.5811  loss_itm: 0.1106  loss_lm: 3.9006  time: 0.6325  data: 0.0001  max mem: 23582
Train Epoch: [23]  [250/285]  eta: 0:00:22  lr: 0.000003  loss_ita: 3.3546  loss_itm: 0.1853  loss_lm: 3.7463  time: 0.6308  data: 0.0001  max mem: 23582
Train Epoch: [23]  [284/285]  eta: 0:00:00  lr: 0.000003  loss_ita: 2.9144  loss_itm: 0.1567  loss_lm: 3.5819  time: 0.6313  data: 0.0001  max mem: 23582
Train Epoch: [23] Total time: 0:03:01 (0.6358 s / it)
Averaged stats: lr: 0.0000  loss_ita: 3.1456  loss_itm: 0.2004  loss_lm: 3.5328
Train Epoch: [24]  [  0/285]  eta: 0:06:11  lr: 0.000002  loss_ita: 3.1729  loss_itm: 0.2209  loss_lm: 3.1216  time: 1.3049  data: 0.5731  max mem: 23582
Train Epoch: [24]  [ 50/285]  eta: 0:02:31  lr: 0.000002  loss_ita: 2.8646  loss_itm: 0.0679  loss_lm: 3.8894  time: 0.6330  data: 0.0001  max mem: 23582
Train Epoch: [24]  [100/285]  eta: 0:01:58  lr: 0.000002  loss_ita: 3.1300  loss_itm: 0.0809  loss_lm: 3.3183  time: 0.6328  data: 0.0001  max mem: 23582
Train Epoch: [24]  [150/285]  eta: 0:01:26  lr: 0.000002  loss_ita: 4.0026  loss_itm: 0.2670  loss_lm: 3.1175  time: 0.6321  data: 0.0001  max mem: 23582
Train Epoch: [24]  [200/285]  eta: 0:00:54  lr: 0.000002  loss_ita: 3.3546  loss_itm: 0.1717  loss_lm: 3.5339  time: 0.6319  data: 0.0001  max mem: 23586
Train Epoch: [24]  [250/285]  eta: 0:00:22  lr: 0.000002  loss_ita: 3.4319  loss_itm: 0.1241  loss_lm: 3.3356  time: 0.6336  data: 0.0001  max mem: 23586
Train Epoch: [24]  [284/285]  eta: 0:00:00  lr: 0.000002  loss_ita: 3.0091  loss_itm: 0.0842  loss_lm: 3.5201  time: 0.6304  data: 0.0001  max mem: 23586
Train Epoch: [24] Total time: 0:03:01 (0.6356 s / it)
Averaged stats: lr: 0.0000  loss_ita: 3.1434  loss_itm: 0.1957  loss_lm: 3.5278
Train Epoch: [25]  [  0/285]  eta: 0:06:01  lr: 0.000002  loss_ita: 2.9810  loss_itm: 0.0878  loss_lm: 3.1280  time: 1.2701  data: 0.5743  max mem: 23586
Train Epoch: [25]  [ 50/285]  eta: 0:02:32  lr: 0.000002  loss_ita: 2.9875  loss_itm: 0.0543  loss_lm: 3.6309  time: 0.6337  data: 0.0001  max mem: 23586
Train Epoch: [25]  [100/285]  eta: 0:01:58  lr: 0.000002  loss_ita: 3.0905  loss_itm: 0.4246  loss_lm: 3.5629  time: 0.6331  data: 0.0001  max mem: 23586
Train Epoch: [25]  [150/285]  eta: 0:01:26  lr: 0.000002  loss_ita: 3.1481  loss_itm: 0.4723  loss_lm: 3.6197  time: 0.6311  data: 0.0001  max mem: 23586
Train Epoch: [25]  [200/285]  eta: 0:00:54  lr: 0.000002  loss_ita: 3.0240  loss_itm: 0.2888  loss_lm: 3.3037  time: 0.6325  data: 0.0001  max mem: 23586
Train Epoch: [25]  [250/285]  eta: 0:00:22  lr: 0.000002  loss_ita: 3.9798  loss_itm: 0.2815  loss_lm: 3.4839  time: 0.6313  data: 0.0001  max mem: 23586
Train Epoch: [25]  [284/285]  eta: 0:00:00  lr: 0.000002  loss_ita: 3.2797  loss_itm: 0.2156  loss_lm: 3.7566  time: 0.6319  data: 0.0001  max mem: 23586
Train Epoch: [25] Total time: 0:03:01 (0.6364 s / it)
Averaged stats: lr: 0.0000  loss_ita: 3.0446  loss_itm: 0.1879  loss_lm: 3.5194
Train Epoch: [26]  [  0/285]  eta: 0:06:13  lr: 0.000002  loss_ita: 3.6664  loss_itm: 0.3439  loss_lm: 3.3409  time: 1.3120  data: 0.5990  max mem: 23586
Train Epoch: [26]  [ 50/285]  eta: 0:02:32  lr: 0.000002  loss_ita: 3.4320  loss_itm: 0.2081  loss_lm: 3.1994  time: 0.6337  data: 0.0001  max mem: 23586
Train Epoch: [26]  [100/285]  eta: 0:01:58  lr: 0.000002  loss_ita: 3.0398  loss_itm: 0.1345  loss_lm: 3.4439  time: 0.6323  data: 0.0001  max mem: 23586
Train Epoch: [26]  [150/285]  eta: 0:01:26  lr: 0.000002  loss_ita: 2.1377  loss_itm: 0.0406  loss_lm: 3.8975  time: 0.6324  data: 0.0001  max mem: 23586
Train Epoch: [26]  [200/285]  eta: 0:00:54  lr: 0.000002  loss_ita: 3.3245  loss_itm: 0.2070  loss_lm: 3.1005  time: 0.6313  data: 0.0001  max mem: 23586
Train Epoch: [26]  [250/285]  eta: 0:00:22  lr: 0.000002  loss_ita: 3.4620  loss_itm: 0.1733  loss_lm: 3.8293  time: 0.6309  data: 0.0001  max mem: 23586
Train Epoch: [26]  [284/285]  eta: 0:00:00  lr: 0.000002  loss_ita: 2.4452  loss_itm: 0.0422  loss_lm: 3.4036  time: 0.6313  data: 0.0001  max mem: 23586
Train Epoch: [26] Total time: 0:03:01 (0.6357 s / it)
Averaged stats: lr: 0.0000  loss_ita: 3.0533  loss_itm: 0.1924  loss_lm: 3.5144
Train Epoch: [27]  [  0/285]  eta: 0:06:07  lr: 0.000002  loss_ita: 2.5709  loss_itm: 0.1296  loss_lm: 3.4362  time: 1.2892  data: 0.6115  max mem: 23586
Train Epoch: [27]  [ 50/285]  eta: 0:02:32  lr: 0.000002  loss_ita: 3.1205  loss_itm: 0.2182  loss_lm: 3.2122  time: 0.6384  data: 0.0001  max mem: 23586
Train Epoch: [27]  [100/285]  eta: 0:01:58  lr: 0.000002  loss_ita: 4.5883  loss_itm: 0.3618  loss_lm: 3.6018  time: 0.6326  data: 0.0001  max mem: 23586
Train Epoch: [27]  [150/285]  eta: 0:01:26  lr: 0.000002  loss_ita: 2.6119  loss_itm: 0.0779  loss_lm: 3.4575  time: 0.6317  data: 0.0001  max mem: 23586
Train Epoch: [27]  [200/285]  eta: 0:00:54  lr: 0.000002  loss_ita: 2.8080  loss_itm: 0.0376  loss_lm: 3.4234  time: 0.6312  data: 0.0001  max mem: 23586
Train Epoch: [27]  [250/285]  eta: 0:00:22  lr: 0.000002  loss_ita: 3.8056  loss_itm: 0.3229  loss_lm: 3.2410  time: 0.6313  data: 0.0001  max mem: 23586
Train Epoch: [27]  [284/285]  eta: 0:00:00  lr: 0.000002  loss_ita: 3.8252  loss_itm: 0.1810  loss_lm: 3.3530  time: 0.6294  data: 0.0001  max mem: 23586
Train Epoch: [27] Total time: 0:03:01 (0.6355 s / it)
Averaged stats: lr: 0.0000  loss_ita: 3.0946  loss_itm: 0.1846  loss_lm: 3.5103
Train Epoch: [28]  [  0/285]  eta: 0:06:13  lr: 0.000002  loss_ita: 3.0016  loss_itm: 0.1502  loss_lm: 3.2782  time: 1.3099  data: 0.5962  max mem: 23586
Train Epoch: [28]  [ 50/285]  eta: 0:02:31  lr: 0.000002  loss_ita: 3.2976  loss_itm: 0.4391  loss_lm: 3.5235  time: 0.6355  data: 0.0001  max mem: 23586
Train Epoch: [28]  [100/285]  eta: 0:01:58  lr: 0.000002  loss_ita: 3.1814  loss_itm: 0.3347  loss_lm: 3.0169  time: 0.6317  data: 0.0001  max mem: 23586
Train Epoch: [28]  [150/285]  eta: 0:01:25  lr: 0.000002  loss_ita: 2.9763  loss_itm: 0.1310  loss_lm: 3.3146  time: 0.6311  data: 0.0001  max mem: 23586
Train Epoch: [28]  [200/285]  eta: 0:00:53  lr: 0.000002  loss_ita: 4.1331  loss_itm: 0.3588  loss_lm: 3.3707  time: 0.6306  data: 0.0001  max mem: 23586
Train Epoch: [28]  [250/285]  eta: 0:00:22  lr: 0.000002  loss_ita: 3.0551  loss_itm: 0.3770  loss_lm: 3.5187  time: 0.6316  data: 0.0001  max mem: 23586
Train Epoch: [28]  [284/285]  eta: 0:00:00  lr: 0.000002  loss_ita: 3.0167  loss_itm: 0.1556  loss_lm: 3.5186  time: 0.6323  data: 0.0001  max mem: 23586
Train Epoch: [28] Total time: 0:03:00 (0.6350 s / it)
Averaged stats: lr: 0.0000  loss_ita: 3.0262  loss_itm: 0.1882  loss_lm: 3.5073
Train Epoch: [29]  [  0/285]  eta: 0:06:12  lr: 0.000001  loss_ita: 3.0206  loss_itm: 0.1431  loss_lm: 3.5856  time: 1.3063  data: 0.5865  max mem: 23586
Train Epoch: [29]  [ 50/285]  eta: 0:02:31  lr: 0.000001  loss_ita: 2.6265  loss_itm: 0.0901  loss_lm: 3.3375  time: 0.6332  data: 0.0001  max mem: 23586
Train Epoch: [29]  [100/285]  eta: 0:01:58  lr: 0.000001  loss_ita: 3.0444  loss_itm: 0.2059  loss_lm: 3.7121  time: 0.6341  data: 0.0001  max mem: 23586
Train Epoch: [29]  [150/285]  eta: 0:01:26  lr: 0.000001  loss_ita: 3.1108  loss_itm: 0.4425  loss_lm: 3.1385  time: 0.6323  data: 0.0001  max mem: 23586
Train Epoch: [29]  [200/285]  eta: 0:00:54  lr: 0.000001  loss_ita: 2.3647  loss_itm: 0.0696  loss_lm: 3.4478  time: 0.6319  data: 0.0001  max mem: 23586
Train Epoch: [29]  [250/285]  eta: 0:00:22  lr: 0.000001  loss_ita: 3.1104  loss_itm: 0.1222  loss_lm: 3.4526  time: 0.6320  data: 0.0001  max mem: 23586
Train Epoch: [29]  [284/285]  eta: 0:00:00  lr: 0.000001  loss_ita: 2.7719  loss_itm: 0.3169  loss_lm: 3.3018  time: 0.6304  data: 0.0001  max mem: 23586
Train Epoch: [29] Total time: 0:03:01 (0.6356 s / it)
Averaged stats: lr: 0.0000  loss_ita: 2.9367  loss_itm: 0.1816  loss_lm: 3.5048
Train Epoch: [30]  [  0/285]  eta: 0:06:03  lr: 0.000001  loss_ita: 2.4304  loss_itm: 0.1297  loss_lm: 3.7816  time: 1.2758  data: 0.5793  max mem: 23586
Train Epoch: [30]  [ 50/285]  eta: 0:02:32  lr: 0.000001  loss_ita: 3.2008  loss_itm: 0.2693  loss_lm: 3.3838  time: 0.6326  data: 0.0001  max mem: 23586
Train Epoch: [30]  [100/285]  eta: 0:01:58  lr: 0.000001  loss_ita: 2.6500  loss_itm: 0.1063  loss_lm: 3.3473  time: 0.6327  data: 0.0001  max mem: 23586
Train Epoch: [30]  [150/285]  eta: 0:01:26  lr: 0.000001  loss_ita: 3.2374  loss_itm: 0.1966  loss_lm: 3.6387  time: 0.6319  data: 0.0001  max mem: 23586
Train Epoch: [30]  [200/285]  eta: 0:00:54  lr: 0.000001  loss_ita: 3.4813  loss_itm: 0.7780  loss_lm: 3.5656  time: 0.6320  data: 0.0001  max mem: 23586
Train Epoch: [30]  [250/285]  eta: 0:00:22  lr: 0.000001  loss_ita: 3.1654  loss_itm: 0.0643  loss_lm: 3.8186  time: 0.6321  data: 0.0001  max mem: 23586
Train Epoch: [30]  [284/285]  eta: 0:00:00  lr: 0.000001  loss_ita: 3.1766  loss_itm: 0.2674  loss_lm: 3.4274  time: 0.6304  data: 0.0001  max mem: 23586
Train Epoch: [30] Total time: 0:03:01 (0.6355 s / it)
Averaged stats: lr: 0.0000  loss_ita: 2.9232  loss_itm: 0.1751  loss_lm: 3.4963
Train Epoch: [31]  [  0/285]  eta: 0:06:05  lr: 0.000001  loss_ita: 3.0481  loss_itm: 0.2620  loss_lm: 3.7021  time: 1.2809  data: 0.6193  max mem: 23586
Train Epoch: [31]  [ 50/285]  eta: 0:02:31  lr: 0.000001  loss_ita: 3.3231  loss_itm: 0.3133  loss_lm: 3.4788  time: 0.6343  data: 0.0001  max mem: 23586
Train Epoch: [31]  [100/285]  eta: 0:01:58  lr: 0.000001  loss_ita: 3.6497  loss_itm: 0.2887  loss_lm: 3.1898  time: 0.6390  data: 0.0001  max mem: 23586
Train Epoch: [31]  [150/285]  eta: 0:01:26  lr: 0.000001  loss_ita: 2.6521  loss_itm: 0.2129  loss_lm: 3.3003  time: 0.6312  data: 0.0001  max mem: 23586
Train Epoch: [31]  [200/285]  eta: 0:00:54  lr: 0.000001  loss_ita: 3.0907  loss_itm: 0.1755  loss_lm: 3.3061  time: 0.6310  data: 0.0001  max mem: 23586
Train Epoch: [31]  [250/285]  eta: 0:00:22  lr: 0.000001  loss_ita: 2.9710  loss_itm: 0.1250  loss_lm: 3.3609  time: 0.6320  data: 0.0001  max mem: 23586
Train Epoch: [31]  [284/285]  eta: 0:00:00  lr: 0.000001  loss_ita: 2.7309  loss_itm: 0.1322  loss_lm: 3.0414  time: 0.6304  data: 0.0001  max mem: 23586
Train Epoch: [31] Total time: 0:03:01 (0.6359 s / it)
Averaged stats: lr: 0.0000  loss_ita: 2.9402  loss_itm: 0.1722  loss_lm: 3.4939
Train Epoch: [32]  [  0/285]  eta: 0:06:10  lr: 0.000001  loss_ita: 3.3962  loss_itm: 0.1440  loss_lm: 3.4699  time: 1.3006  data: 0.6011  max mem: 23586
Train Epoch: [32]  [ 50/285]  eta: 0:02:31  lr: 0.000001  loss_ita: 3.4702  loss_itm: 0.5817  loss_lm: 3.4734  time: 0.6339  data: 0.0001  max mem: 23586
Train Epoch: [32]  [100/285]  eta: 0:01:58  lr: 0.000001  loss_ita: 2.7501  loss_itm: 0.0934  loss_lm: 3.2779  time: 0.6327  data: 0.0001  max mem: 23586
Train Epoch: [32]  [150/285]  eta: 0:01:26  lr: 0.000001  loss_ita: 3.5561  loss_itm: 0.3661  loss_lm: 3.4525  time: 0.6324  data: 0.0001  max mem: 23586
Train Epoch: [32]  [200/285]  eta: 0:00:54  lr: 0.000001  loss_ita: 3.4592  loss_itm: 0.2009  loss_lm: 3.1791  time: 0.6325  data: 0.0001  max mem: 23586
Train Epoch: [32]  [250/285]  eta: 0:00:22  lr: 0.000001  loss_ita: 2.8822  loss_itm: 0.2383  loss_lm: 3.3500  time: 0.6310  data: 0.0001  max mem: 23586
Train Epoch: [32]  [284/285]  eta: 0:00:00  lr: 0.000001  loss_ita: 3.0087  loss_itm: 0.0774  loss_lm: 3.2881  time: 0.6329  data: 0.0001  max mem: 23586
Train Epoch: [32] Total time: 0:03:01 (0.6359 s / it)
Averaged stats: lr: 0.0000  loss_ita: 2.9299  loss_itm: 0.1778  loss_lm: 3.4936
Train Epoch: [33]  [  0/285]  eta: 0:06:18  lr: 0.000001  loss_ita: 2.9364  loss_itm: 0.2644  loss_lm: 3.6690  time: 1.3274  data: 0.6025  max mem: 23586
Train Epoch: [33]  [ 50/285]  eta: 0:02:31  lr: 0.000001  loss_ita: 2.8209  loss_itm: 0.0487  loss_lm: 3.8516  time: 0.6332  data: 0.0001  max mem: 23586
Train Epoch: [33]  [100/285]  eta: 0:01:58  lr: 0.000001  loss_ita: 3.4420  loss_itm: 0.1950  loss_lm: 3.0126  time: 0.6318  data: 0.0001  max mem: 23586
Train Epoch: [33]  [150/285]  eta: 0:01:26  lr: 0.000001  loss_ita: 2.5614  loss_itm: 0.1157  loss_lm: 3.6141  time: 0.6358  data: 0.0001  max mem: 23586
Train Epoch: [33]  [200/285]  eta: 0:00:54  lr: 0.000001  loss_ita: 2.3992  loss_itm: 0.1173  loss_lm: 3.3748  time: 0.6325  data: 0.0001  max mem: 23586
Train Epoch: [33]  [250/285]  eta: 0:00:22  lr: 0.000001  loss_ita: 3.4461  loss_itm: 0.1346  loss_lm: 3.1288  time: 0.6329  data: 0.0001  max mem: 23586
Train Epoch: [33]  [284/285]  eta: 0:00:00  lr: 0.000001  loss_ita: 3.7069  loss_itm: 0.3317  loss_lm: 3.3563  time: 0.6307  data: 0.0001  max mem: 23586
Train Epoch: [33] Total time: 0:03:01 (0.6363 s / it)
Averaged stats: lr: 0.0000  loss_ita: 2.9378  loss_itm: 0.1784  loss_lm: 3.4907
Train Epoch: [34]  [  0/285]  eta: 0:06:06  lr: 0.000001  loss_ita: 3.0917  loss_itm: 0.4314  loss_lm: 3.6332  time: 1.2865  data: 0.6216  max mem: 23586
Train Epoch: [34]  [ 50/285]  eta: 0:02:31  lr: 0.000001  loss_ita: 3.3184  loss_itm: 0.2475  loss_lm: 3.1623  time: 0.6334  data: 0.0001  max mem: 23586
Train Epoch: [34]  [100/285]  eta: 0:01:58  lr: 0.000001  loss_ita: 3.0635  loss_itm: 0.1848  loss_lm: 3.9402  time: 0.6348  data: 0.0001  max mem: 23586
Train Epoch: [34]  [150/285]  eta: 0:01:26  lr: 0.000001  loss_ita: 2.7186  loss_itm: 0.3067  loss_lm: 3.6935  time: 0.6332  data: 0.0001  max mem: 23586
Train Epoch: [34]  [200/285]  eta: 0:00:54  lr: 0.000001  loss_ita: 2.7386  loss_itm: 0.1757  loss_lm: 3.6454  time: 0.6328  data: 0.0001  max mem: 23586
Train Epoch: [34]  [250/285]  eta: 0:00:22  lr: 0.000001  loss_ita: 3.7437  loss_itm: 0.3735  loss_lm: 3.5440  time: 0.6337  data: 0.0001  max mem: 23586
Train Epoch: [34]  [284/285]  eta: 0:00:00  lr: 0.000001  loss_ita: 2.8139  loss_itm: 0.0538  loss_lm: 3.3501  time: 0.6319  data: 0.0001  max mem: 23586
Train Epoch: [34] Total time: 0:03:01 (0.6359 s / it)
Averaged stats: lr: 0.0000  loss_ita: 2.9306  loss_itm: 0.1686  loss_lm: 3.4888
Train Epoch: [35]  [  0/285]  eta: 0:06:07  lr: 0.000001  loss_ita: 1.9469  loss_itm: 0.0101  loss_lm: 3.5211  time: 1.2884  data: 0.5421  max mem: 23586
Train Epoch: [35]  [ 50/285]  eta: 0:02:31  lr: 0.000001  loss_ita: 2.8893  loss_itm: 0.1274  loss_lm: 3.4379  time: 0.6329  data: 0.0001  max mem: 23586
Train Epoch: [35]  [100/285]  eta: 0:01:58  lr: 0.000001  loss_ita: 3.5136  loss_itm: 0.1753  loss_lm: 3.4068  time: 0.6323  data: 0.0001  max mem: 23586
Train Epoch: [35]  [150/285]  eta: 0:01:26  lr: 0.000001  loss_ita: 1.9643  loss_itm: 0.0795  loss_lm: 3.3825  time: 0.6359  data: 0.0001  max mem: 23586
Train Epoch: [35]  [200/285]  eta: 0:00:54  lr: 0.000001  loss_ita: 2.7717  loss_itm: 0.1757  loss_lm: 3.6665  time: 0.6327  data: 0.0001  max mem: 23586
Train Epoch: [35]  [250/285]  eta: 0:00:22  lr: 0.000001  loss_ita: 3.0999  loss_itm: 0.1185  loss_lm: 3.4170  time: 0.6327  data: 0.0001  max mem: 23586
Train Epoch: [35]  [284/285]  eta: 0:00:00  lr: 0.000001  loss_ita: 4.0305  loss_itm: 0.3045  loss_lm: 3.3098  time: 0.6322  data: 0.0001  max mem: 23586
Train Epoch: [35] Total time: 0:03:01 (0.6364 s / it)
Averaged stats: lr: 0.0000  loss_ita: 2.9255  loss_itm: 0.1716  loss_lm: 3.4847
Train Epoch: [36]  [  0/285]  eta: 0:06:04  lr: 0.000001  loss_ita: 3.4413  loss_itm: 0.2101  loss_lm: 3.9021  time: 1.2787  data: 0.5627  max mem: 23586
Train Epoch: [36]  [ 50/285]  eta: 0:02:32  lr: 0.000001  loss_ita: 3.1706  loss_itm: 0.3482  loss_lm: 3.7312  time: 0.6339  data: 0.0001  max mem: 23586
Train Epoch: [36]  [100/285]  eta: 0:01:58  lr: 0.000001  loss_ita: 2.7749  loss_itm: 0.0529  loss_lm: 3.6121  time: 0.6329  data: 0.0001  max mem: 23586
Train Epoch: [36]  [150/285]  eta: 0:01:26  lr: 0.000001  loss_ita: 2.7272  loss_itm: 0.0916  loss_lm: 3.5526  time: 0.6333  data: 0.0001  max mem: 23586
Train Epoch: [36]  [200/285]  eta: 0:00:54  lr: 0.000001  loss_ita: 2.5776  loss_itm: 0.3553  loss_lm: 3.4792  time: 0.6321  data: 0.0001  max mem: 23586
Train Epoch: [36]  [250/285]  eta: 0:00:22  lr: 0.000001  loss_ita: 2.2261  loss_itm: 0.2521  loss_lm: 3.6339  time: 0.6307  data: 0.0001  max mem: 23586
Train Epoch: [36]  [284/285]  eta: 0:00:00  lr: 0.000001  loss_ita: 2.5586  loss_itm: 0.3489  loss_lm: 3.4870  time: 0.6311  data: 0.0001  max mem: 23586
Train Epoch: [36] Total time: 0:03:01 (0.6358 s / it)
Averaged stats: lr: 0.0000  loss_ita: 2.8521  loss_itm: 0.1725  loss_lm: 3.4835
Train Epoch: [37]  [  0/285]  eta: 0:06:06  lr: 0.000001  loss_ita: 3.5813  loss_itm: 0.1866  loss_lm: 3.4361  time: 1.2874  data: 0.5624  max mem: 23586
Train Epoch: [37]  [ 50/285]  eta: 0:02:31  lr: 0.000001  loss_ita: 1.4227  loss_itm: 0.0229  loss_lm: 3.5175  time: 0.6320  data: 0.0001  max mem: 23586
Train Epoch: [37]  [100/285]  eta: 0:01:58  lr: 0.000001  loss_ita: 2.6223  loss_itm: 0.0805  loss_lm: 3.5948  time: 0.6339  data: 0.0001  max mem: 23586
Train Epoch: [37]  [150/285]  eta: 0:01:26  lr: 0.000001  loss_ita: 2.4674  loss_itm: 0.1911  loss_lm: 3.3394  time: 0.6319  data: 0.0001  max mem: 23586
Train Epoch: [37]  [200/285]  eta: 0:00:54  lr: 0.000001  loss_ita: 2.4626  loss_itm: 0.0356  loss_lm: 3.6095  time: 0.6347  data: 0.0001  max mem: 23586
Train Epoch: [37]  [250/285]  eta: 0:00:22  lr: 0.000001  loss_ita: 2.7671  loss_itm: 0.0842  loss_lm: 3.6819  time: 0.6315  data: 0.0001  max mem: 23586
Train Epoch: [37]  [284/285]  eta: 0:00:00  lr: 0.000001  loss_ita: 3.2342  loss_itm: 0.1932  loss_lm: 3.2266  time: 0.6301  data: 0.0001  max mem: 23586
Train Epoch: [37] Total time: 0:03:01 (0.6360 s / it)
Averaged stats: lr: 0.0000  loss_ita: 2.8604  loss_itm: 0.1693  loss_lm: 3.4828
Train Epoch: [38]  [  0/285]  eta: 0:06:07  lr: 0.000001  loss_ita: 2.9587  loss_itm: 0.1128  loss_lm: 3.5530  time: 1.2884  data: 0.6068  max mem: 23586
Train Epoch: [38]  [ 50/285]  eta: 0:02:31  lr: 0.000001  loss_ita: 2.2978  loss_itm: 0.0674  loss_lm: 3.4070  time: 0.6357  data: 0.0001  max mem: 23586
Train Epoch: [38]  [100/285]  eta: 0:01:58  lr: 0.000001  loss_ita: 3.6301  loss_itm: 0.1747  loss_lm: 4.1656  time: 0.6335  data: 0.0001  max mem: 23586
Train Epoch: [38]  [150/285]  eta: 0:01:26  lr: 0.000001  loss_ita: 2.0234  loss_itm: 0.3269  loss_lm: 4.1984  time: 0.6327  data: 0.0001  max mem: 23586
Train Epoch: [38]  [200/285]  eta: 0:00:54  lr: 0.000001  loss_ita: 2.5687  loss_itm: 0.1156  loss_lm: 3.7229  time: 0.6327  data: 0.0001  max mem: 23586
Train Epoch: [38]  [250/285]  eta: 0:00:22  lr: 0.000001  loss_ita: 2.7317  loss_itm: 0.3274  loss_lm: 3.6671  time: 0.6328  data: 0.0001  max mem: 23586
Train Epoch: [38]  [284/285]  eta: 0:00:00  lr: 0.000001  loss_ita: 3.0813  loss_itm: 0.1591  loss_lm: 3.9162  time: 0.6316  data: 0.0001  max mem: 23586
Train Epoch: [38] Total time: 0:03:01 (0.6357 s / it)
Averaged stats: lr: 0.0000  loss_ita: 2.8401  loss_itm: 0.1670  loss_lm: 3.4793
Train Epoch: [39]  [  0/285]  eta: 0:06:21  lr: 0.000001  loss_ita: 3.1199  loss_itm: 0.1740  loss_lm: 3.3883  time: 1.3378  data: 0.5968  max mem: 23586
Train Epoch: [39]  [ 50/285]  eta: 0:02:31  lr: 0.000001  loss_ita: 2.1059  loss_itm: 0.0738  loss_lm: 3.1839  time: 0.6316  data: 0.0001  max mem: 23586
Train Epoch: [39]  [100/285]  eta: 0:01:58  lr: 0.000001  loss_ita: 3.4588  loss_itm: 0.2841  loss_lm: 3.4071  time: 0.6330  data: 0.0001  max mem: 23586
Train Epoch: [39]  [150/285]  eta: 0:01:25  lr: 0.000001  loss_ita: 2.9121  loss_itm: 0.1710  loss_lm: 3.0593  time: 0.6308  data: 0.0001  max mem: 23586
Train Epoch: [39]  [200/285]  eta: 0:00:54  lr: 0.000001  loss_ita: 2.5821  loss_itm: 0.0612  loss_lm: 3.4118  time: 0.6315  data: 0.0001  max mem: 23586
Train Epoch: [39]  [250/285]  eta: 0:00:22  lr: 0.000001  loss_ita: 5.0595  loss_itm: 0.2499  loss_lm: 3.5830  time: 0.6314  data: 0.0001  max mem: 23586
Train Epoch: [39]  [284/285]  eta: 0:00:00  lr: 0.000001  loss_ita: 2.7503  loss_itm: 0.4206  loss_lm: 3.6964  time: 0.6315  data: 0.0001  max mem: 23586
Train Epoch: [39] Total time: 0:03:01 (0.6357 s / it)
Averaged stats: lr: 0.0000  loss_ita: 2.7622  loss_itm: 0.1650  loss_lm: 3.4721
Train Epoch: [40]  [  0/285]  eta: 0:06:02  lr: 0.000001  loss_ita: 3.1260  loss_itm: 0.2875  loss_lm: 3.4039  time: 1.2735  data: 0.5663  max mem: 23586
Train Epoch: [40]  [ 50/285]  eta: 0:02:31  lr: 0.000001  loss_ita: 3.1347  loss_itm: 0.2145  loss_lm: 3.4785  time: 0.6315  data: 0.0001  max mem: 23586
Train Epoch: [40]  [100/285]  eta: 0:01:58  lr: 0.000001  loss_ita: 2.6443  loss_itm: 0.1336  loss_lm: 3.9862  time: 0.6317  data: 0.0001  max mem: 23586
Train Epoch: [40]  [150/285]  eta: 0:01:25  lr: 0.000001  loss_ita: 2.4261  loss_itm: 0.0265  loss_lm: 3.3420  time: 0.6311  data: 0.0001  max mem: 23586
Train Epoch: [40]  [200/285]  eta: 0:00:54  lr: 0.000001  loss_ita: 1.9296  loss_itm: 0.0139  loss_lm: 3.6659  time: 0.6325  data: 0.0001  max mem: 23588
Train Epoch: [40]  [250/285]  eta: 0:00:22  lr: 0.000001  loss_ita: 3.3594  loss_itm: 0.1961  loss_lm: 3.2400  time: 0.6309  data: 0.0001  max mem: 23588
Train Epoch: [40]  [284/285]  eta: 0:00:00  lr: 0.000001  loss_ita: 3.3218  loss_itm: 0.2290  loss_lm: 3.5461  time: 0.6323  data: 0.0001  max mem: 23588
Train Epoch: [40] Total time: 0:03:01 (0.6352 s / it)
Averaged stats: lr: 0.0000  loss_ita: 2.7052  loss_itm: 0.1622  loss_lm: 3.4742
Train Epoch: [41]  [  0/285]  eta: 0:06:06  lr: 0.000001  loss_ita: 2.7129  loss_itm: 0.0385  loss_lm: 3.2842  time: 1.2868  data: 0.6153  max mem: 23588
Train Epoch: [41]  [ 50/285]  eta: 0:02:31  lr: 0.000001  loss_ita: 3.1189  loss_itm: 0.0888  loss_lm: 3.6513  time: 0.6327  data: 0.0001  max mem: 23588
Train Epoch: [41]  [100/285]  eta: 0:01:58  lr: 0.000001  loss_ita: 1.5789  loss_itm: 0.1742  loss_lm: 3.7781  time: 0.6326  data: 0.0001  max mem: 23588
Train Epoch: [41]  [150/285]  eta: 0:01:25  lr: 0.000001  loss_ita: 3.1230  loss_itm: 0.1479  loss_lm: 3.5472  time: 0.6314  data: 0.0001  max mem: 23588
Train Epoch: [41]  [200/285]  eta: 0:00:54  lr: 0.000001  loss_ita: 3.1736  loss_itm: 0.3124  loss_lm: 3.5947  time: 0.6309  data: 0.0001  max mem: 23588
Train Epoch: [41]  [250/285]  eta: 0:00:22  lr: 0.000001  loss_ita: 3.7341  loss_itm: 0.3054  loss_lm: 3.5231  time: 0.6336  data: 0.0001  max mem: 23588
Train Epoch: [41]  [284/285]  eta: 0:00:00  lr: 0.000001  loss_ita: 2.5314  loss_itm: 0.0685  loss_lm: 3.4570  time: 0.6318  data: 0.0001  max mem: 23590
Train Epoch: [41] Total time: 0:03:01 (0.6353 s / it)
Averaged stats: lr: 0.0000  loss_ita: 2.7322  loss_itm: 0.1695  loss_lm: 3.4721
Train Epoch: [42]  [  0/285]  eta: 0:06:00  lr: 0.000001  loss_ita: 2.5439  loss_itm: 0.2117  loss_lm: 3.7515  time: 1.2645  data: 0.5812  max mem: 23590
Train Epoch: [42]  [ 50/285]  eta: 0:02:31  lr: 0.000001  loss_ita: 2.4446  loss_itm: 0.2327  loss_lm: 3.5178  time: 0.6345  data: 0.0001  max mem: 23590
Train Epoch: [42]  [100/285]  eta: 0:01:58  lr: 0.000001  loss_ita: 3.1096  loss_itm: 0.1419  loss_lm: 3.1223  time: 0.6324  data: 0.0001  max mem: 23590
Train Epoch: [42]  [150/285]  eta: 0:01:25  lr: 0.000001  loss_ita: 3.1474  loss_itm: 0.2020  loss_lm: 3.2811  time: 0.6317  data: 0.0001  max mem: 23590
Train Epoch: [42]  [200/285]  eta: 0:00:54  lr: 0.000001  loss_ita: 2.9705  loss_itm: 0.0978  loss_lm: 3.0458  time: 0.6321  data: 0.0001  max mem: 23590
Train Epoch: [42]  [250/285]  eta: 0:00:22  lr: 0.000001  loss_ita: 3.7055  loss_itm: 0.2729  loss_lm: 3.3616  time: 0.6321  data: 0.0001  max mem: 23590
Train Epoch: [42]  [284/285]  eta: 0:00:00  lr: 0.000001  loss_ita: 3.2681  loss_itm: 0.2130  loss_lm: 3.4826  time: 0.6325  data: 0.0001  max mem: 23590
Train Epoch: [42] Total time: 0:03:00 (0.6351 s / it)
Averaged stats: lr: 0.0000  loss_ita: 2.7830  loss_itm: 0.1648  loss_lm: 3.4708
Train Epoch: [43]  [  0/285]  eta: 0:06:07  lr: 0.000001  loss_ita: 3.2351  loss_itm: 0.0781  loss_lm: 3.2406  time: 1.2893  data: 0.6014  max mem: 23590
Train Epoch: [43]  [ 50/285]  eta: 0:02:31  lr: 0.000001  loss_ita: 2.3266  loss_itm: 0.0434  loss_lm: 4.1335  time: 0.6309  data: 0.0001  max mem: 23590
Train Epoch: [43]  [100/285]  eta: 0:01:57  lr: 0.000001  loss_ita: 2.9977  loss_itm: 0.0253  loss_lm: 3.2432  time: 0.6310  data: 0.0001  max mem: 23590
Train Epoch: [43]  [150/285]  eta: 0:01:25  lr: 0.000001  loss_ita: 2.6023  loss_itm: 0.0953  loss_lm: 3.3900  time: 0.6321  data: 0.0001  max mem: 23590
Train Epoch: [43]  [200/285]  eta: 0:00:53  lr: 0.000001  loss_ita: 3.1376  loss_itm: 0.1517  loss_lm: 3.3734  time: 0.6314  data: 0.0001  max mem: 23590
Train Epoch: [43]  [250/285]  eta: 0:00:22  lr: 0.000001  loss_ita: 2.5714  loss_itm: 0.0448  loss_lm: 3.4880  time: 0.6335  data: 0.0001  max mem: 23590
Train Epoch: [43]  [284/285]  eta: 0:00:00  lr: 0.000001  loss_ita: 2.4488  loss_itm: 0.0443  loss_lm: 3.2072  time: 0.6343  data: 0.0001  max mem: 23590
Train Epoch: [43] Total time: 0:03:01 (0.6351 s / it)
Averaged stats: lr: 0.0000  loss_ita: 2.7846  loss_itm: 0.1566  loss_lm: 3.4665
Train Epoch: [44]  [  0/285]  eta: 0:06:06  lr: 0.000001  loss_ita: 2.6958  loss_itm: 0.0774  loss_lm: 3.0805  time: 1.2861  data: 0.6274  max mem: 23590
Train Epoch: [44]  [ 50/285]  eta: 0:02:31  lr: 0.000001  loss_ita: 2.3711  loss_itm: 0.2172  loss_lm: 3.6840  time: 0.6329  data: 0.0001  max mem: 23590
Train Epoch: [44]  [100/285]  eta: 0:01:58  lr: 0.000001  loss_ita: 2.0526  loss_itm: 0.0272  loss_lm: 3.4652  time: 0.6323  data: 0.0001  max mem: 23590
Train Epoch: [44]  [150/285]  eta: 0:01:26  lr: 0.000001  loss_ita: 1.9980  loss_itm: 0.0333  loss_lm: 3.5527  time: 0.6322  data: 0.0001  max mem: 23590
Train Epoch: [44]  [200/285]  eta: 0:00:54  lr: 0.000001  loss_ita: 2.6910  loss_itm: 0.1179  loss_lm: 3.3203  time: 0.6336  data: 0.0001  max mem: 23590
Train Epoch: [44]  [250/285]  eta: 0:00:22  lr: 0.000001  loss_ita: 2.7998  loss_itm: 0.1781  loss_lm: 3.6201  time: 0.6315  data: 0.0001  max mem: 23590
Train Epoch: [44]  [284/285]  eta: 0:00:00  lr: 0.000001  loss_ita: 2.9349  loss_itm: 0.0266  loss_lm: 3.9069  time: 0.6314  data: 0.0001  max mem: 23590
Train Epoch: [44] Total time: 0:03:01 (0.6356 s / it)
Averaged stats: lr: 0.0000  loss_ita: 2.7942  loss_itm: 0.1552  loss_lm: 3.4675
Train Epoch: [45]  [  0/285]  eta: 0:06:03  lr: 0.000001  loss_ita: 2.6675  loss_itm: 0.0580  loss_lm: 3.0745  time: 1.2748  data: 0.5794  max mem: 23590
Train Epoch: [45]  [ 50/285]  eta: 0:02:31  lr: 0.000001  loss_ita: 2.8675  loss_itm: 0.1693  loss_lm: 3.3018  time: 0.6308  data: 0.0001  max mem: 23590
Train Epoch: [45]  [100/285]  eta: 0:01:58  lr: 0.000001  loss_ita: 2.5249  loss_itm: 0.1173  loss_lm: 3.4255  time: 0.6322  data: 0.0001  max mem: 23590
Train Epoch: [45]  [150/285]  eta: 0:01:25  lr: 0.000001  loss_ita: 3.5035  loss_itm: 0.1912  loss_lm: 3.3207  time: 0.6322  data: 0.0001  max mem: 23590
Train Epoch: [45]  [200/285]  eta: 0:00:54  lr: 0.000001  loss_ita: 3.1041  loss_itm: 0.1116  loss_lm: 3.5028  time: 0.6319  data: 0.0001  max mem: 23590
Train Epoch: [45]  [250/285]  eta: 0:00:22  lr: 0.000001  loss_ita: 2.0530  loss_itm: 0.0344  loss_lm: 3.5239  time: 0.6316  data: 0.0001  max mem: 23590
Train Epoch: [45]  [284/285]  eta: 0:00:00  lr: 0.000001  loss_ita: 2.2490  loss_itm: 0.1435  loss_lm: 2.8403  time: 0.6332  data: 0.0001  max mem: 23590
Train Epoch: [45] Total time: 0:03:01 (0.6352 s / it)
Averaged stats: lr: 0.0000  loss_ita: 2.6981  loss_itm: 0.1545  loss_lm: 3.4643
Train Epoch: [46]  [  0/285]  eta: 0:06:12  lr: 0.000001  loss_ita: 2.8470  loss_itm: 0.1523  loss_lm: 3.2784  time: 1.3087  data: 0.5760  max mem: 23590
Train Epoch: [46]  [ 50/285]  eta: 0:02:32  lr: 0.000001  loss_ita: 2.7841  loss_itm: 0.2810  loss_lm: 3.2708  time: 0.6315  data: 0.0001  max mem: 23590
Train Epoch: [46]  [100/285]  eta: 0:01:58  lr: 0.000001  loss_ita: 2.0678  loss_itm: 0.1574  loss_lm: 3.3736  time: 0.6322  data: 0.0001  max mem: 23590
Train Epoch: [46]  [150/285]  eta: 0:01:26  lr: 0.000001  loss_ita: 2.4708  loss_itm: 0.3275  loss_lm: 3.0769  time: 0.6322  data: 0.0001  max mem: 23590
Train Epoch: [46]  [200/285]  eta: 0:00:54  lr: 0.000001  loss_ita: 2.1753  loss_itm: 0.3672  loss_lm: 3.4485  time: 0.6341  data: 0.0001  max mem: 23590
Train Epoch: [46]  [250/285]  eta: 0:00:22  lr: 0.000001  loss_ita: 2.2944  loss_itm: 0.1599  loss_lm: 3.5732  time: 0.6335  data: 0.0001  max mem: 23590
Train Epoch: [46]  [284/285]  eta: 0:00:00  lr: 0.000001  loss_ita: 3.1759  loss_itm: 0.1520  loss_lm: 3.4984  time: 0.6310  data: 0.0001  max mem: 23590
Train Epoch: [46] Total time: 0:03:01 (0.6363 s / it)
Averaged stats: lr: 0.0000  loss_ita: 2.6592  loss_itm: 0.1578  loss_lm: 3.4618
Train Epoch: [47]  [  0/285]  eta: 0:06:18  lr: 0.000001  loss_ita: 2.0786  loss_itm: 0.3013  loss_lm: 3.3027  time: 1.3279  data: 0.5802  max mem: 23590
Train Epoch: [47]  [ 50/285]  eta: 0:02:32  lr: 0.000001  loss_ita: 2.9447  loss_itm: 0.1586  loss_lm: 3.6885  time: 0.6337  data: 0.0001  max mem: 23590
Train Epoch: [47]  [100/285]  eta: 0:01:58  lr: 0.000001  loss_ita: 1.9526  loss_itm: 0.1108  loss_lm: 3.6286  time: 0.6329  data: 0.0001  max mem: 23590
Train Epoch: [47]  [150/285]  eta: 0:01:26  lr: 0.000001  loss_ita: 1.7089  loss_itm: 0.4336  loss_lm: 3.5325  time: 0.6329  data: 0.0001  max mem: 23590
Train Epoch: [47]  [200/285]  eta: 0:00:54  lr: 0.000001  loss_ita: 2.1279  loss_itm: 0.1585  loss_lm: 3.3260  time: 0.6314  data: 0.0001  max mem: 23590
Train Epoch: [47]  [250/285]  eta: 0:00:22  lr: 0.000001  loss_ita: 2.4157  loss_itm: 0.1029  loss_lm: 3.6515  time: 0.6318  data: 0.0001  max mem: 23590
Train Epoch: [47]  [284/285]  eta: 0:00:00  lr: 0.000001  loss_ita: 2.4338  loss_itm: 0.1726  loss_lm: 3.2987  time: 0.6319  data: 0.0001  max mem: 23590
Train Epoch: [47] Total time: 0:03:01 (0.6358 s / it)
Averaged stats: lr: 0.0000  loss_ita: 2.6171  loss_itm: 0.1561  loss_lm: 3.4598
Train Epoch: [48]  [  0/285]  eta: 0:06:20  lr: 0.000001  loss_ita: 1.4487  loss_itm: 0.2043  loss_lm: 3.4796  time: 1.3351  data: 0.5842  max mem: 23590
Train Epoch: [48]  [ 50/285]  eta: 0:02:32  lr: 0.000001  loss_ita: 2.5099  loss_itm: 0.3563  loss_lm: 3.6011  time: 0.6379  data: 0.0001  max mem: 23590
Train Epoch: [48]  [100/285]  eta: 0:01:58  lr: 0.000001  loss_ita: 1.8505  loss_itm: 0.0275  loss_lm: 3.7347  time: 0.6332  data: 0.0001  max mem: 23590
Train Epoch: [48]  [150/285]  eta: 0:01:26  lr: 0.000001  loss_ita: 3.0426  loss_itm: 0.5582  loss_lm: 3.5893  time: 0.6327  data: 0.0001  max mem: 23590
Train Epoch: [48]  [200/285]  eta: 0:00:54  lr: 0.000001  loss_ita: 1.9683  loss_itm: 0.1976  loss_lm: 3.2532  time: 0.6315  data: 0.0001  max mem: 23590
Train Epoch: [48]  [250/285]  eta: 0:00:22  lr: 0.000001  loss_ita: 2.2142  loss_itm: 0.1149  loss_lm: 3.3285  time: 0.6317  data: 0.0001  max mem: 23590
Train Epoch: [48]  [284/285]  eta: 0:00:00  lr: 0.000001  loss_ita: 3.0163  loss_itm: 0.4978  loss_lm: 3.1864  time: 0.6299  data: 0.0001  max mem: 23590
Train Epoch: [48] Total time: 0:03:01 (0.6361 s / it)
Averaged stats: lr: 0.0000  loss_ita: 2.6196  loss_itm: 0.1527  loss_lm: 3.4550
Train Epoch: [49]  [  0/285]  eta: 0:06:06  lr: 0.000001  loss_ita: 2.0993  loss_itm: 0.2016  loss_lm: 3.1016  time: 1.2875  data: 0.6024  max mem: 23590
Train Epoch: [49]  [ 50/285]  eta: 0:02:31  lr: 0.000001  loss_ita: 2.0896  loss_itm: 0.0293  loss_lm: 3.2462  time: 0.6323  data: 0.0001  max mem: 23590
Train Epoch: [49]  [100/285]  eta: 0:01:58  lr: 0.000001  loss_ita: 1.9160  loss_itm: 0.1223  loss_lm: 3.5722  time: 0.6311  data: 0.0001  max mem: 23590
Train Epoch: [49]  [150/285]  eta: 0:01:25  lr: 0.000001  loss_ita: 2.2720  loss_itm: 0.0522  loss_lm: 3.3901  time: 0.6316  data: 0.0001  max mem: 23590
Train Epoch: [49]  [200/285]  eta: 0:00:53  lr: 0.000001  loss_ita: 2.3404  loss_itm: 0.1072  loss_lm: 3.3341  time: 0.6310  data: 0.0001  max mem: 23590
Train Epoch: [49]  [250/285]  eta: 0:00:22  lr: 0.000001  loss_ita: 2.3120  loss_itm: 0.0595  loss_lm: 3.5930  time: 0.6300  data: 0.0001  max mem: 23590
Train Epoch: [49]  [284/285]  eta: 0:00:00  lr: 0.000001  loss_ita: 3.2839  loss_itm: 0.2106  loss_lm: 3.2321  time: 0.6292  data: 0.0001  max mem: 23590
Train Epoch: [49] Total time: 0:03:00 (0.6343 s / it)
Averaged stats: lr: 0.0000  loss_ita: 2.6710  loss_itm: 0.1527  loss_lm: 3.4569
Train Epoch: [50]  [  0/285]  eta: 0:06:02  lr: 0.000001  loss_ita: 1.7387  loss_itm: 0.0148  loss_lm: 3.5958  time: 1.2727  data: 0.5081  max mem: 23590
Train Epoch: [50]  [ 50/285]  eta: 0:02:31  lr: 0.000001  loss_ita: 2.9202  loss_itm: 0.1859  loss_lm: 3.0396  time: 0.6339  data: 0.0001  max mem: 23590
Train Epoch: [50]  [100/285]  eta: 0:01:58  lr: 0.000001  loss_ita: 3.1209  loss_itm: 0.1219  loss_lm: 3.6431  time: 0.6345  data: 0.0001  max mem: 23590
Train Epoch: [50]  [150/285]  eta: 0:01:26  lr: 0.000001  loss_ita: 2.6361  loss_itm: 0.0442  loss_lm: 3.0363  time: 0.6314  data: 0.0001  max mem: 23590
Train Epoch: [50]  [200/285]  eta: 0:00:54  lr: 0.000001  loss_ita: 2.9990  loss_itm: 0.1117  loss_lm: 3.2031  time: 0.6302  data: 0.0001  max mem: 23590
Train Epoch: [50]  [250/285]  eta: 0:00:22  lr: 0.000001  loss_ita: 1.9445  loss_itm: 0.1857  loss_lm: 3.7083  time: 0.6307  data: 0.0001  max mem: 23590
Train Epoch: [50]  [284/285]  eta: 0:00:00  lr: 0.000001  loss_ita: 2.7795  loss_itm: 0.0476  loss_lm: 3.1109  time: 0.6290  data: 0.0001  max mem: 23590
Train Epoch: [50] Total time: 0:03:00 (0.6348 s / it)
Averaged stats: lr: 0.0000  loss_ita: 2.6651  loss_itm: 0.1594  loss_lm: 3.4518
Train Epoch: [51]  [  0/285]  eta: 0:06:08  lr: 0.000001  loss_ita: 2.4296  loss_itm: 0.1527  loss_lm: 3.2197  time: 1.2923  data: 0.5475  max mem: 23590
Train Epoch: [51]  [ 50/285]  eta: 0:02:31  lr: 0.000001  loss_ita: 2.2201  loss_itm: 0.1536  loss_lm: 3.6124  time: 0.6313  data: 0.0001  max mem: 23590
Train Epoch: [51]  [100/285]  eta: 0:01:57  lr: 0.000001  loss_ita: 3.0272  loss_itm: 0.3249  loss_lm: 3.4507  time: 0.6308  data: 0.0001  max mem: 23590
Train Epoch: [51]  [150/285]  eta: 0:01:25  lr: 0.000001  loss_ita: 1.7555  loss_itm: 0.0396  loss_lm: 3.7766  time: 0.6285  data: 0.0001  max mem: 23590
Train Epoch: [51]  [200/285]  eta: 0:00:53  lr: 0.000001  loss_ita: 2.7323  loss_itm: 0.0410  loss_lm: 3.8475  time: 0.6294  data: 0.0001  max mem: 23590
Train Epoch: [51]  [250/285]  eta: 0:00:22  lr: 0.000001  loss_ita: 2.6471  loss_itm: 0.0148  loss_lm: 3.2968  time: 0.6307  data: 0.0001  max mem: 23590
Train Epoch: [51]  [284/285]  eta: 0:00:00  lr: 0.000001  loss_ita: 2.2144  loss_itm: 0.0715  loss_lm: 3.6485  time: 0.6287  data: 0.0001  max mem: 23590
Train Epoch: [51] Total time: 0:03:00 (0.6326 s / it)
Averaged stats: lr: 0.0000  loss_ita: 2.6529  loss_itm: 0.1528  loss_lm: 3.4497
Train Epoch: [52]  [  0/285]  eta: 0:06:01  lr: 0.000001  loss_ita: 2.1457  loss_itm: 0.0414  loss_lm: 3.4183  time: 1.2686  data: 0.5598  max mem: 23590
Train Epoch: [52]  [ 50/285]  eta: 0:02:31  lr: 0.000001  loss_ita: 2.4811  loss_itm: 0.2537  loss_lm: 3.3820  time: 0.6373  data: 0.0001  max mem: 23590
Train Epoch: [52]  [100/285]  eta: 0:01:58  lr: 0.000001  loss_ita: 3.0185  loss_itm: 0.2587  loss_lm: 3.5555  time: 0.6309  data: 0.0001  max mem: 23590
Train Epoch: [52]  [150/285]  eta: 0:01:25  lr: 0.000001  loss_ita: 2.7661  loss_itm: 0.1023  loss_lm: 3.3568  time: 0.6312  data: 0.0001  max mem: 23590
Train Epoch: [52]  [200/285]  eta: 0:00:53  lr: 0.000001  loss_ita: 3.2172  loss_itm: 0.2315  loss_lm: 3.4898  time: 0.6306  data: 0.0001  max mem: 23590
Train Epoch: [52]  [250/285]  eta: 0:00:22  lr: 0.000001  loss_ita: 1.5536  loss_itm: 0.0306  loss_lm: 3.7273  time: 0.6303  data: 0.0001  max mem: 23590
Train Epoch: [52]  [284/285]  eta: 0:00:00  lr: 0.000001  loss_ita: 2.3536  loss_itm: 0.2147  loss_lm: 3.2223  time: 0.6302  data: 0.0001  max mem: 23590
Train Epoch: [52] Total time: 0:03:00 (0.6344 s / it)
Averaged stats: lr: 0.0000  loss_ita: 2.6465  loss_itm: 0.1552  loss_lm: 3.4536
Train Epoch: [53]  [  0/285]  eta: 0:06:14  lr: 0.000001  loss_ita: 3.8834  loss_itm: 0.1730  loss_lm: 3.3393  time: 1.3137  data: 0.5444  max mem: 23590
Train Epoch: [53]  [ 50/285]  eta: 0:02:30  lr: 0.000001  loss_ita: 2.3570  loss_itm: 0.0470  loss_lm: 3.4126  time: 0.6284  data: 0.0001  max mem: 23590
Train Epoch: [53]  [100/285]  eta: 0:01:57  lr: 0.000001  loss_ita: 2.1211  loss_itm: 0.1041  loss_lm: 3.8018  time: 0.6311  data: 0.0001  max mem: 23590
Train Epoch: [53]  [150/285]  eta: 0:01:25  lr: 0.000001  loss_ita: 3.3942  loss_itm: 0.2614  loss_lm: 3.5923  time: 0.6289  data: 0.0001  max mem: 23590
Train Epoch: [53]  [200/285]  eta: 0:00:53  lr: 0.000001  loss_ita: 2.3215  loss_itm: 0.0346  loss_lm: 3.2900  time: 0.6305  data: 0.0001  max mem: 23590
Train Epoch: [53]  [250/285]  eta: 0:00:22  lr: 0.000001  loss_ita: 2.9176  loss_itm: 0.1881  loss_lm: 3.3778  time: 0.6285  data: 0.0001  max mem: 23590
Train Epoch: [53]  [284/285]  eta: 0:00:00  lr: 0.000001  loss_ita: 2.4352  loss_itm: 0.2915  loss_lm: 3.0359  time: 0.6281  data: 0.0001  max mem: 23590
Train Epoch: [53] Total time: 0:03:00 (0.6328 s / it)
Averaged stats: lr: 0.0000  loss_ita: 2.6122  loss_itm: 0.1530  loss_lm: 3.4471
Train Epoch: [54]  [  0/285]  eta: 0:06:12  lr: 0.000001  loss_ita: 2.6592  loss_itm: 0.1095  loss_lm: 3.6412  time: 1.3063  data: 0.5554  max mem: 23590
Train Epoch: [54]  [ 50/285]  eta: 0:02:30  lr: 0.000001  loss_ita: 2.0905  loss_itm: 0.0429  loss_lm: 3.6130  time: 0.6294  data: 0.0001  max mem: 23591
Train Epoch: [54]  [100/285]  eta: 0:01:57  lr: 0.000001  loss_ita: 2.5723  loss_itm: 0.1964  loss_lm: 3.5413  time: 0.6371  data: 0.0001  max mem: 23591
Train Epoch: [54]  [150/285]  eta: 0:01:25  lr: 0.000001  loss_ita: 3.5700  loss_itm: 0.1905  loss_lm: 3.2291  time: 0.6282  data: 0.0001  max mem: 23591
Train Epoch: [54]  [200/285]  eta: 0:00:53  lr: 0.000001  loss_ita: 1.6601  loss_itm: 0.0498  loss_lm: 3.3061  time: 0.6316  data: 0.0001  max mem: 23591
Train Epoch: [54]  [250/285]  eta: 0:00:22  lr: 0.000001  loss_ita: 2.2798  loss_itm: 0.2570  loss_lm: 3.3893  time: 0.6298  data: 0.0001  max mem: 23591
Train Epoch: [54]  [284/285]  eta: 0:00:00  lr: 0.000001  loss_ita: 3.0433  loss_itm: 0.2372  loss_lm: 3.3871  time: 0.6282  data: 0.0001  max mem: 23591
Train Epoch: [54] Total time: 0:03:00 (0.6333 s / it)
Averaged stats: lr: 0.0000  loss_ita: 2.5914  loss_itm: 0.1514  loss_lm: 3.4464
Train Epoch: [55]  [  0/285]  eta: 0:06:08  lr: 0.000001  loss_ita: 2.2522  loss_itm: 0.0817  loss_lm: 3.6538  time: 1.2941  data: 0.5268  max mem: 23591
Train Epoch: [55]  [ 50/285]  eta: 0:02:31  lr: 0.000001  loss_ita: 3.1173  loss_itm: 0.2422  loss_lm: 3.5181  time: 0.6341  data: 0.0001  max mem: 23594
Train Epoch: [55]  [100/285]  eta: 0:01:58  lr: 0.000001  loss_ita: 2.1055  loss_itm: 0.0804  loss_lm: 3.3319  time: 0.6313  data: 0.0001  max mem: 23594
Train Epoch: [55]  [150/285]  eta: 0:01:25  lr: 0.000001  loss_ita: 2.1991  loss_itm: 0.0728  loss_lm: 3.3988  time: 0.6305  data: 0.0001  max mem: 23594
Train Epoch: [55]  [200/285]  eta: 0:00:53  lr: 0.000001  loss_ita: 2.6528  loss_itm: 0.0956  loss_lm: 3.5901  time: 0.6295  data: 0.0001  max mem: 23594
Train Epoch: [55]  [250/285]  eta: 0:00:22  lr: 0.000001  loss_ita: 2.4788  loss_itm: 0.1278  loss_lm: 3.5408  time: 0.6296  data: 0.0001  max mem: 23594
Train Epoch: [55]  [284/285]  eta: 0:00:00  lr: 0.000001  loss_ita: 2.2592  loss_itm: 0.3112  loss_lm: 3.4483  time: 0.6316  data: 0.0001  max mem: 23594
Train Epoch: [55] Total time: 0:03:00 (0.6343 s / it)
Averaged stats: lr: 0.0000  loss_ita: 2.5851  loss_itm: 0.1531  loss_lm: 3.4435
Train Epoch: [56]  [  0/285]  eta: 0:06:12  lr: 0.000001  loss_ita: 3.3330  loss_itm: 0.2382  loss_lm: 3.6193  time: 1.3066  data: 0.5209  max mem: 23594
Train Epoch: [56]  [ 50/285]  eta: 0:02:31  lr: 0.000001  loss_ita: 3.2884  loss_itm: 0.1156  loss_lm: 3.5834  time: 0.6304  data: 0.0001  max mem: 23594
Train Epoch: [56]  [100/285]  eta: 0:01:57  lr: 0.000001  loss_ita: 2.0183  loss_itm: 0.3510  loss_lm: 3.4284  time: 0.6298  data: 0.0001  max mem: 23594
Train Epoch: [56]  [150/285]  eta: 0:01:25  lr: 0.000001  loss_ita: 3.0460  loss_itm: 0.0864  loss_lm: 3.5879  time: 0.6285  data: 0.0001  max mem: 23594
Train Epoch: [56]  [200/285]  eta: 0:00:53  lr: 0.000001  loss_ita: 3.5906  loss_itm: 0.3136  loss_lm: 3.5996  time: 0.6290  data: 0.0001  max mem: 23594
Train Epoch: [56]  [250/285]  eta: 0:00:22  lr: 0.000001  loss_ita: 2.3661  loss_itm: 0.1054  loss_lm: 3.6431  time: 0.6291  data: 0.0001  max mem: 23594
Train Epoch: [56]  [284/285]  eta: 0:00:00  lr: 0.000001  loss_ita: 2.9341  loss_itm: 0.2653  loss_lm: 3.4078  time: 0.6275  data: 0.0001  max mem: 23594
Train Epoch: [56] Total time: 0:03:00 (0.6327 s / it)
Averaged stats: lr: 0.0000  loss_ita: 2.5134  loss_itm: 0.1434  loss_lm: 3.4415
Train Epoch: [57]  [  0/285]  eta: 0:06:07  lr: 0.000001  loss_ita: 3.2695  loss_itm: 0.1197  loss_lm: 3.2248  time: 1.2894  data: 0.5630  max mem: 23594
Train Epoch: [57]  [ 50/285]  eta: 0:02:31  lr: 0.000001  loss_ita: 2.8504  loss_itm: 0.2985  loss_lm: 3.3226  time: 0.6297  data: 0.0001  max mem: 23594
Train Epoch: [57]  [100/285]  eta: 0:01:57  lr: 0.000001  loss_ita: 2.3459  loss_itm: 0.2698  loss_lm: 3.3613  time: 0.6288  data: 0.0001  max mem: 23595
Train Epoch: [57]  [150/285]  eta: 0:01:25  lr: 0.000001  loss_ita: 2.0729  loss_itm: 0.0258  loss_lm: 3.2208  time: 0.6285  data: 0.0001  max mem: 23595
Train Epoch: [57]  [200/285]  eta: 0:00:53  lr: 0.000001  loss_ita: 2.1116  loss_itm: 0.3322  loss_lm: 3.8390  time: 0.6285  data: 0.0001  max mem: 23595
Train Epoch: [57]  [250/285]  eta: 0:00:22  lr: 0.000001  loss_ita: 2.5536  loss_itm: 0.0781  loss_lm: 3.4816  time: 0.6295  data: 0.0001  max mem: 23595
Train Epoch: [57]  [284/285]  eta: 0:00:00  lr: 0.000001  loss_ita: 2.7902  loss_itm: 0.2725  loss_lm: 3.4724  time: 0.6284  data: 0.0001  max mem: 23595
Train Epoch: [57] Total time: 0:03:00 (0.6319 s / it)
Averaged stats: lr: 0.0000  loss_ita: 2.5654  loss_itm: 0.1468  loss_lm: 3.4405
Train Epoch: [58]  [  0/285]  eta: 0:06:09  lr: 0.000001  loss_ita: 2.9359  loss_itm: 0.1664  loss_lm: 3.2858  time: 1.2975  data: 0.5272  max mem: 23598
Train Epoch: [58]  [ 50/285]  eta: 0:02:31  lr: 0.000001  loss_ita: 2.1437  loss_itm: 0.0443  loss_lm: 3.5586  time: 0.6292  data: 0.0001  max mem: 23598
Train Epoch: [58]  [100/285]  eta: 0:01:57  lr: 0.000001  loss_ita: 3.8212  loss_itm: 0.2734  loss_lm: 3.7331  time: 0.6293  data: 0.0001  max mem: 23598
Train Epoch: [58]  [150/285]  eta: 0:01:25  lr: 0.000001  loss_ita: 3.3868  loss_itm: 0.3374  loss_lm: 3.2694  time: 0.6354  data: 0.0001  max mem: 23598
Train Epoch: [58]  [200/285]  eta: 0:00:53  lr: 0.000001  loss_ita: 2.7721  loss_itm: 0.1353  loss_lm: 3.5803  time: 0.6293  data: 0.0001  max mem: 23598
Train Epoch: [58]  [250/285]  eta: 0:00:22  lr: 0.000001  loss_ita: 2.7680  loss_itm: 0.1815  loss_lm: 3.3886  time: 0.6294  data: 0.0001  max mem: 23598
Train Epoch: [58]  [284/285]  eta: 0:00:00  lr: 0.000001  loss_ita: 3.7986  loss_itm: 0.4213  loss_lm: 3.1601  time: 0.6294  data: 0.0001  max mem: 23598
Train Epoch: [58] Total time: 0:03:00 (0.6333 s / it)
Averaged stats: lr: 0.0000  loss_ita: 2.5899  loss_itm: 0.1514  loss_lm: 3.4394
Train Epoch: [59]  [  0/285]  eta: 0:06:10  lr: 0.000001  loss_ita: 2.1373  loss_itm: 0.1010  loss_lm: 3.3510  time: 1.3014  data: 0.5512  max mem: 23598
Train Epoch: [59]  [ 50/285]  eta: 0:02:31  lr: 0.000001  loss_ita: 2.7513  loss_itm: 0.0868  loss_lm: 3.3534  time: 0.6278  data: 0.0001  max mem: 23598
Train Epoch: [59]  [100/285]  eta: 0:01:57  lr: 0.000001  loss_ita: 1.7711  loss_itm: 0.0568  loss_lm: 3.4283  time: 0.6284  data: 0.0001  max mem: 23598
Train Epoch: [59]  [150/285]  eta: 0:01:25  lr: 0.000001  loss_ita: 2.5944  loss_itm: 0.0924  loss_lm: 3.2276  time: 0.6279  data: 0.0001  max mem: 23598
Train Epoch: [59]  [200/285]  eta: 0:00:53  lr: 0.000001  loss_ita: 2.8595  loss_itm: 0.3498  loss_lm: 3.2455  time: 0.6301  data: 0.0001  max mem: 23598
Train Epoch: [59]  [250/285]  eta: 0:00:22  lr: 0.000001  loss_ita: 2.1467  loss_itm: 0.3098  loss_lm: 3.6539  time: 0.6290  data: 0.0001  max mem: 23598
Train Epoch: [59]  [284/285]  eta: 0:00:00  lr: 0.000001  loss_ita: 2.4620  loss_itm: 0.1834  loss_lm: 3.2572  time: 0.6278  data: 0.0001  max mem: 23598
Train Epoch: [59] Total time: 0:03:00 (0.6321 s / it)
Averaged stats: lr: 0.0000  loss_ita: 2.5044  loss_itm: 0.1426  loss_lm: 3.4347
Training time 3:02:19
